mars 23, 2018 3:43:08 PM test.TestSouscriptionDEMultiExcel testCaseSouscriptionUserExist
INFOS: EXECUTE TestSouscriptionDEMultiExcel
READING DATA FROM FILE: C:\Users\galinabikono\workspace\gitlab\src\excelExportAndFileIO\jeu_de_test_DE.xlsx

mars 23, 2018 3:43:08 PM test.TestSouscriptionDEMultiExcel testCaseSouscriptionUserExist
INFOS: BEGINNING TEST: 

mars 23, 2018 3:43:08 PM test.TestSouscriptionDEMultiExcel testCaseSouscriptionUserExist
INFOS: for data set 1:{birthday=mar., 11 09 00:00:00 1993, firstname=Alan, HSN=4854, Postal Code=43434, Card number=4917610000000000, confirm password=Number78*, Vehicle Insurance Date begin=ven., 02 09 00:00:00 2018, sexe=Herr, City=Hermitswagen, TSN=675, Security number=434, lastname=Piton, Brand=NISSAN, Licence plate=EREJH3964, password=Number78*, Vehicle Insurance Date=lun., 12 25 00:00:00 2017, Expiry date=ven., 11 01 00:00:00 2019, Street=3 Alfred Dreyfus, Country=Deutschland, VIN=43433434343434304, email=alanpiton@mailinator.com}

mars 23, 2018 3:43:20 PM test.TestSouscriptionDEMultiExcel login
INFOS: NOW ON PAGE:https://staging-store-rcibsp.demandware.net/s/RCI_DE/login?original=%2Fs%2FRCI_DE%2Fshipping

mars 23, 2018 3:43:25 PM test.TestSouscriptionDEMultiExcel login
INFOS: CLICK ON BUTTON 'Login'OK! 

mars 23, 2018 3:43:25 PM test.TestSouscriptionDEMultiExcel checkCurrentURL
INFOS: NOW ON PAGE:https://staging-store-rcibsp.demandware.net/s/RCI_DE/shipping

mars 23, 2018 3:43:25 PM test.TestSouscriptionDEMultiExcel checkCurrentURL
INFOS: URL OK

mars 23, 2018 3:43:25 PM test.TestSouscriptionDEMultiExcel login
INFOS: USER alanpiton@mailinator.com  IS CONNECTED

mars 23, 2018 3:43:25 PM test.TestSouscriptionDEMultiExcel checkCurrentURL
INFOS: NOW ON PAGE:https://staging-store-rcibsp.demandware.net/s/RCI_DE/shipping

mars 23, 2018 3:43:25 PM test.TestSouscriptionDEMultiExcel checkCurrentURL
INFOS: URL OK

mars 23, 2018 3:45:26 PM test.TestSouscriptionDEMultiExcel testCaseSouscriptionUserExist
GRAVE: org.openqa.selenium.NoSuchElementException   Unable to locate element: {"method":"id","selector":"dwfrm_billing_subscriptionInformation_agreeInvoices"}
Command duration or timeout: 0 milliseconds
mars 23, 2018 3:47:12 PM test.TestSouscriptionDEMultiExcel testCaseSouscriptionUserExist
INFOS: EXECUTE TestSouscriptionDEMultiExcel
READING DATA FROM FILE: C:\Users\galinabikono\workspace\gitlab\src\excelExportAndFileIO\jeu_de_test_DE.xlsx

mars 23, 2018 3:47:12 PM test.TestSouscriptionDEMultiExcel testCaseSouscriptionUserExist
INFOS: BEGINNING TEST: 

mars 23, 2018 3:47:12 PM test.TestSouscriptionDEMultiExcel testCaseSouscriptionUserExist
INFOS: for data set 1:{birthday=mar., 11 09 00:00:00 1993, firstname=Alan, HSN=4854, Postal Code=43434, Card number=4917610000000000, confirm password=Number78*, Vehicle Insurance Date begin=ven., 02 09 00:00:00 2018, sexe=Herr, City=Hermitswagen, TSN=675, Security number=434, lastname=Piton, Brand=NISSAN, Licence plate=EREJH3964, password=Number78*, Vehicle Insurance Date=lun., 12 25 00:00:00 2017, Expiry date=ven., 11 01 00:00:00 2019, Street=3 Alfred Dreyfus, Country=Deutschland, VIN=43433434343434304, email=alanpiton@mailinator.com}

mars 23, 2018 3:47:23 PM test.TestSouscriptionDEMultiExcel login
INFOS: NOW ON PAGE:https://staging-store-rcibsp.demandware.net/s/RCI_DE/login?original=%2Fs%2FRCI_DE%2Fshipping

mars 23, 2018 3:47:26 PM test.TestSouscriptionDEMultiExcel login
INFOS: CLICK ON BUTTON 'Login'OK! 

mars 23, 2018 3:47:26 PM test.TestSouscriptionDEMultiExcel checkCurrentURL
INFOS: NOW ON PAGE:https://staging-store-rcibsp.demandware.net/s/RCI_DE/shipping

mars 23, 2018 3:47:26 PM test.TestSouscriptionDEMultiExcel checkCurrentURL
INFOS: URL OK

mars 23, 2018 3:47:26 PM test.TestSouscriptionDEMultiExcel login
INFOS: USER alanpiton@mailinator.com  IS CONNECTED

mars 23, 2018 3:47:27 PM test.TestSouscriptionDEMultiExcel checkCurrentURL
INFOS: NOW ON PAGE:https://staging-store-rcibsp.demandware.net/s/RCI_DE/shipping

mars 23, 2018 3:47:27 PM test.TestSouscriptionDEMultiExcel checkCurrentURL
INFOS: URL OK

mars 23, 2018 3:49:27 PM test.TestSouscriptionDEMultiExcel testCaseSouscriptionUserExist
GRAVE: org.openqa.selenium.NoSuchElementException   Unable to locate element: {"method":"id","selector":"dwfrm_billing_subscriptionInformation_agreeInvoices"}
Command duration or timeout: 0 milliseconds
