avr. 05, 2018 3:25:15 PM test.TestSouscriptionDEMultiExcel testCaseSouscriptionUserExist
INFOS: EXECUTE TestSouscriptionDEMultiExcel
READING DATA FROM FILE: C:\Users\galinabikono\workspace\gitlab\src\excelExportAndFileIO\jeu_de_test_DE.xlsx

avr. 05, 2018 3:25:15 PM test.TestSouscriptionDEMultiExcel testCaseSouscriptionUserExist
INFOS: BEGINNING TEST: 

avr. 05, 2018 3:25:15 PM test.TestSouscriptionDEMultiExcel testCaseSouscriptionUserExist
INFOS: for data set 1:{birthday=mar., 11 09 00:00:00 1993, firstname=Alan, HSN=4854, Postal Code=43434, Card number=4917610000000000, confirm password=Number78*, Vehicle Insurance Date begin=ven., 02 09 00:00:00 2018, sexe=Herr, City=Hermitswagen, TSN=675, Security number=435, lastname=Piton, Brand=NISSAN, Licence plate=EREJH3964, password=Number78*, Vehicle Insurance Date=lun., 12 25 00:00:00 2017, Expiry date=ven., 11 01 00:00:00 2019, Street=3 Alfred Dreyfus, Country=Deutschland, VIN=43433434343434304, email=alanpiton@mailinator.com}

avr. 05, 2018 3:27:22 PM test.TestSouscriptionDEMultiExcel testCaseSouscriptionUserExist
GRAVE: org.openqa.selenium.TimeoutException   Expected condition failed: waiting for element to be clickable: [[FirefoxDriver: firefox on WINDOWS (2d453615-407f-4ed3-8254-25621a8fe193)] -> name: dwvar_DE-C-SECURPLUS-COVER300_termsDuration] (tried for 60 second(s) with 2 SECONDS interval)
avr. 05, 2018 3:27:22 PM test.TestBase removeProduct
INFOS: APTEMPT TO REMOVE PRODUCT 

avr. 05, 2018 3:27:34 PM test.TestBase logout
INFOS: FAIL TO REMOVE PRODUCTorg.apache.http.conn.HttpHostConnectException: Connect to localhost:42343 [localhost/127.0.0.1, localhost/0:0:0:0:0:0:0:1] failed: Connection refused: connect
Build info: version: '3.8.1', revision: '6e95a6684b', time: '2017-12-01T18:33:54.468Z'
System info: host: 'CSCFRAAG971566', ip: '10.3.7.27', os.name: 'Windows 10', os.arch: 'amd64', os.version: '10.0', java.version: '1.8.0_131'
Driver info: driver.version: RemoteWebDriver 

avr. 05, 2018 3:27:34 PM test.TestBase logout
INFOS: ATTEMPT TO LOGOUT THE CURRENT USER 

avr. 05, 2018 3:28:35 PM test.TestSouscriptionDEMultiExcel testCaseSouscriptionUserExist
INFOS: EXECUTE TestSouscriptionDEMultiExcel
READING DATA FROM FILE: C:\Users\galinabikono\workspace\gitlab\src\excelExportAndFileIO\jeu_de_test_DE.xlsx

avr. 05, 2018 3:28:35 PM test.TestSouscriptionDEMultiExcel testCaseSouscriptionUserExist
INFOS: BEGINNING TEST: 

avr. 05, 2018 3:28:35 PM test.TestSouscriptionDEMultiExcel testCaseSouscriptionUserExist
INFOS: for data set 1:{birthday=mar., 11 09 00:00:00 1993, firstname=Alan, HSN=4854, Postal Code=43434, Card number=4917610000000000, confirm password=Number78*, Vehicle Insurance Date begin=ven., 02 09 00:00:00 2018, sexe=Herr, City=Hermitswagen, TSN=675, Security number=435, lastname=Piton, Brand=NISSAN, Licence plate=EREJH3964, password=Number78*, Vehicle Insurance Date=lun., 12 25 00:00:00 2017, Expiry date=ven., 11 01 00:00:00 2019, Street=3 Alfred Dreyfus, Country=Deutschland, VIN=43433434343434304, email=alanpiton@mailinator.com}

avr. 05, 2018 3:28:42 PM test.TestSouscriptionDEMultiExcel testCaseSouscriptionUserExist
GRAVE: org.openqa.selenium.WebDriverException   Element <button class="add-all-to-cart product-0 button-full-width" type="submit" value="Alle zum Warenkorb hinzufügen"></button> is not clickable at point (1065.5, 18.216659545898438). Other element would receive the click: <div class="loader-bg"></div>
Command duration or timeout: 0 milliseconds
Build info: version: '3.8.1', revision: '6e95a6684b', time: '2017-12-01T18:33:54.468Z'
System info: host: 'CSCFRAAG971566', ip: '10.3.7.27', os.name: 'Windows 10', os.arch: 'amd64', os.version: '10.0', java.version: '1.8.0_131'
Driver info: org.openqa.selenium.firefox.FirefoxDriver
Capabilities {acceptSslCerts: true, applicationCacheEnabled: true, browserName: firefox, cssSelectorsEnabled: true, databaseEnabled: true, handlesAlerts: true, javascriptEnabled: true, locationContextEnabled: true, nativeEvents: false, platform: WINDOWS, platformName: WINDOWS, rotatable: false, takesScreenshot: true, version: 52.3.0, webStorageEnabled: true}
Session ID: 322d344c-969c-44e7-a2e0-8c135b7030b4
avr. 05, 2018 3:28:42 PM test.TestBase removeProduct
INFOS: APTEMPT TO REMOVE PRODUCT 

avr. 05, 2018 3:28:42 PM test.TestBase logout
INFOS: FAIL TO REMOVE PRODUCTElement <div id="mini-cart"></div> is not clickable at point (1159.88330078125, 9). Other element would receive the click: <div class="loader-bg"></div>
Command duration or timeout: 0 milliseconds
Build info: version: '3.8.1', revision: '6e95a6684b', time: '2017-12-01T18:33:54.468Z'
System info: host: 'CSCFRAAG971566', ip: '10.3.7.27', os.name: 'Windows 10', os.arch: 'amd64', os.version: '10.0', java.version: '1.8.0_131'
Driver info: org.openqa.selenium.firefox.FirefoxDriver
Capabilities {acceptSslCerts: true, applicationCacheEnabled: true, browserName: firefox, cssSelectorsEnabled: true, databaseEnabled: true, handlesAlerts: true, javascriptEnabled: true, locationContextEnabled: true, nativeEvents: false, platform: WINDOWS, platformName: WINDOWS, rotatable: false, takesScreenshot: true, version: 52.3.0, webStorageEnabled: true}
Session ID: 322d344c-969c-44e7-a2e0-8c135b7030b4 

avr. 05, 2018 3:28:42 PM test.TestBase logout
INFOS: ATTEMPT TO LOGOUT THE CURRENT USER 

avr. 05, 2018 3:28:44 PM test.TestBase logout
INFOS: LOG OUT : OK

