janv. 03, 2018 11:08:46 AM test.TestSouscriptionMultiExcel testCaseSouscriptionUserExist
INFOS: Execute Souscription for :
{firstname=Robert, Postal Code=SW1A 1AA, Card number=4917610000000000, confirm password=Ps1960m+, City=London, phone number=448006891000, Security number=547, lastname=Lavoisier, Brand=Audi, password=Ps1960m+, Property number / Name=32, Vehicle Insurance Date=jeu., 01 05 00:00:00 2017, Expiry date=mer., 07 01 00:00:00 2020, Registration=BJ81 TBS, Model=A6 IV, Street=avenue du pavé neuf, Country=United Kingdom, VIN=1GCHG35C881135218, date of birth=dim., 11 05 00:00:00 2017, email=robertlavoisier@mailinator.com}

janv. 03, 2018 11:11:42 AM test.TestSouscriptionMultiExcel testCaseSouscriptionUserExist
AVERTISSEMENT: 05-11-2017The beneficiary must be more than 18 years old.The beneficiary must be more than 18 years old.
janv. 03, 2018 11:11:45 AM test.TestSouscriptionMultiExcel testCaseSouscriptionUserExist
INFOS: Execute Souscription for :
{firstname=Jean , Postal Code=SW1A 2AA, Card number=4917610000000000, confirm password=JSK-man?, City=London, phone number=448006891001, Security number=345, lastname=Renaud, Brand=Audi, password=JSK-man?, Property number / Name=33, Vehicle Insurance Date=dim., 02 05 00:00:00 2017, Expiry date=sam., 08 01 00:00:00 2020, Registration=BJ82 TBS, Model=A6 IV, Street=avenue du pavé neuf, Country=United Kingdom, VIN=WBAWR3C55AP462424, date of birth=mer., 03 02 00:00:00 1955, email=jeanrenauld@mailinator.com}

janv. 03, 2018 11:17:21 AM test.TestSouscriptionMultiExcel testCaseSouscriptionUserExist
AVERTISSEMENT: Test Mode - This is not a live transaction.
        Test Mode - This is not a live transaction.
    
janv. 03, 2018 11:17:30 AM test.TestSouscriptionMultiExcel testCaseSouscriptionUserExist
INFOS: Execute Souscription for :
{firstname=Neil, Postal Code=SW1A 2AB, Card number=4917610000000000, confirm password=Yno#wcu8, City=London, phone number=448006891002, Security number=345, lastname=Denver, Brand=Audi, password=Yno#wcu8, Property number / Name=34, Vehicle Insurance Date=dim., 03 05 00:00:00 2017, Expiry date=sam., 08 01 00:00:00 2020, Registration=BJ83 TBS, Model=A6 IV, Street=avenue du pavé neuf, Country=United Kingdom, VIN=1GCHG35C881135218, date of birth=jeu., 03 03 00:00:00 1955, email=neildenver@mailinator.com}

janv. 03, 2018 11:23:01 AM test.TestSouscriptionMultiExcel testCaseSouscriptionUserExist
AVERTISSEMENT: Test Mode - This is not a live transaction.
        Test Mode - This is not a live transaction.
    
janv. 03, 2018 11:23:04 AM test.TestSouscriptionMultiExcel testCaseSouscriptionUserExist
INFOS: Execute Souscription for :
{firstname=Robert, Postal Code=SW1A 1AA, Card number=4917610000000000, confirm password=Ps1960m+, City=London, phone number=448006891000, Security number=547, lastname=Lavoisier, Brand=Audi, password=Ps1960m+, Property number / Name=32, Vehicle Insurance Date=jeu., 01 05 00:00:00 2017, Expiry date=mer., 07 01 00:00:00 2020, Registration=BJ81 TBS, Model=A6 IV, Street=avenue du pavé neuf, Country=United Kingdom, VIN=1GCHG35C881135218, date of birth=lun., 11 05 00:00:00 1990, email=robertlavoisier@mailinator.com}

janv. 03, 2018 11:27:36 AM test.TestSouscriptionMultiExcel testCaseSouscriptionUserExist
AVERTISSEMENT: Test Mode - This is not a live transaction.
        Test Mode - This is not a live transaction.
    
janv. 03, 2018 11:27:43 AM test.TestSouscriptionMultiExcel testCaseSouscriptionUserExist
INFOS: Execute Souscription for :
{firstname=Jean , Postal Code=SW1A 2AA, Card number=4917610000000000, confirm password=JSK-man?, City=London, phone number=448006891001, Security number=345, lastname=Renaud, Brand=Audi, password=JSK-man?, Property number / Name=33, Vehicle Insurance Date=dim., 02 05 00:00:00 2017, Expiry date=sam., 08 01 00:00:00 2020, Registration=BJ82 TBS, Model=A6 IV, Street=avenue du pavé neuf, Country=United Kingdom, VIN=WBAWR3C55AP462424, date of birth=mer., 03 02 00:00:00 1955, email=jeanrenauld@mailinator.com}

janv. 03, 2018 11:33:17 AM test.TestSouscriptionMultiExcel testCaseSouscriptionUserExist
AVERTISSEMENT: Test Mode - This is not a live transaction.
        Test Mode - This is not a live transaction.
    
janv. 03, 2018 11:33:21 AM test.TestSouscriptionMultiExcel testCaseSouscriptionUserExist
INFOS: Execute Souscription for :
{firstname=Neil, Postal Code=SW1A 2AB, Card number=4917610000000000, confirm password=Yno#wcu8, City=London, phone number=448006891002, Security number=345, lastname=Denver, Brand=Audi, password=Yno#wcu8, Property number / Name=34, Vehicle Insurance Date=dim., 03 05 00:00:00 2017, Expiry date=sam., 08 01 00:00:00 2020, Registration=BJ83 TBS, Model=A6 IV, Street=avenue du pavé neuf, Country=United Kingdom, VIN=1GCHG35C881135218, date of birth=jeu., 03 03 00:00:00 1955, email=neildenver@mailinator.com}

janv. 03, 2018 11:38:51 AM test.TestSouscriptionMultiExcel testCaseSouscriptionUserExist
AVERTISSEMENT: Test Mode - This is not a live transaction.
        Test Mode - This is not a live transaction.
    
janv. 03, 2018 11:49:50 AM test.TestSouscriptionMultiExcelFantome runSelenium
GRAVE: Expected condition failed: waiting for presence of element located by: By.name: dwfrm_cart_checkoutCart (tried for 1 second(s) with 500 MILLISECONDS interval)
janv. 03, 2018 11:50:20 AM test.TestSouscriptionMultiExcelFantome runSelenium
GRAVE: Expected condition failed: waiting for presence of element located by: By.cssSelector: button[name="dwfrm_cart_checkoutCart"] (tried for 1 second(s) with 500 MILLISECONDS interval)
janv. 03, 2018 11:50:50 AM test.TestSouscriptionMultiExcelFantome runSelenium
GRAVE: Expected condition failed: waiting for presence of element located by: By.xpath: //form[@id='checkout-form']/fieldset/button (tried for 1 second(s) with 500 MILLISECONDS interval)
janv. 03, 2018 11:51:20 AM test.TestSouscriptionMultiExcelFantome generateLog
GRAVE: {"errorMessage":"Unable to find element with xpath '//form[@id='dwfrm_login']/fieldset/div/div/input'","request":{"headers":{"Accept-Encoding":"gzip,deflate","Connection":"Keep-Alive","Content-Length":"91","Content-Type":"application/json; charset=utf-8","Host":"localhost:9657","User-Agent":"Apache-HttpClient/4.5.3 (Java/1.8.0_131)"},"httpVersion":"1.1","method":"POST","post":"{\"using\":\"xpath\",\"value\":\"//form[@id\\u003d\\u0027dwfrm_login\\u0027]/fieldset/div/div/input\"}","url":"/element","urlParsed":{"anchor":"","query":"","file":"element","directory":"/","path":"/element","relative":"/element","port":"","host":"","password":"","user":"","userInfo":"","authority":"","protocol":"","source":"/element","queryKey":{},"chunks":["element"]},"urlOriginal":"/session/75284c50-f073-11e7-8f65-95ac7d35087a/element"}}
Command duration or timeout: 0 milliseconds
janv. 03, 2018 12:06:05 PM test.TestSouscriptionMultiExcelFantome runSelenium
GRAVE: Expected condition failed: waiting for presence of element located by: By.name: dwfrm_cart_checkoutCart (tried for 1 second(s) with 500 MILLISECONDS interval)
janv. 03, 2018 12:06:35 PM test.TestSouscriptionMultiExcelFantome runSelenium
GRAVE: Expected condition failed: waiting for presence of element located by: By.cssSelector: button[name="dwfrm_cart_checkoutCart"] (tried for 1 second(s) with 500 MILLISECONDS interval)
janv. 03, 2018 12:07:05 PM test.TestSouscriptionMultiExcelFantome runSelenium
GRAVE: Expected condition failed: waiting for presence of element located by: By.xpath: //form[@id='checkout-form']/fieldset/button (tried for 1 second(s) with 500 MILLISECONDS interval)
janv. 03, 2018 12:07:35 PM test.TestSouscriptionMultiExcelFantome generateLog
GRAVE: Expected condition failed: waiting for presence of element located by: By.xpath: //button[@name='dwfrm_cart_checkoutCart'])[2] (tried for 1 second(s) with 500 MILLISECONDS interval)
janv. 03, 2018 12:12:04 PM test.TestSouscriptionMultiExcelFantome runSelenium
GRAVE: Expected condition failed: waiting for presence of element located by: By.name: dwfrm_cart_checkoutCart (tried for 1 second(s) with 500 MILLISECONDS interval)
janv. 03, 2018 12:12:34 PM test.TestSouscriptionMultiExcelFantome runSelenium
GRAVE: Expected condition failed: waiting for presence of element located by: By.cssSelector: button[name="dwfrm_cart_checkoutCart"] (tried for 1 second(s) with 500 MILLISECONDS interval)
janv. 03, 2018 12:13:05 PM test.TestSouscriptionMultiExcelFantome runSelenium
GRAVE: Expected condition failed: waiting for presence of element located by: By.xpath: //form[@id='checkout-form']/fieldset/button (tried for 1 second(s) with 500 MILLISECONDS interval)
janv. 03, 2018 12:13:35 PM test.TestSouscriptionMultiExcelFantome runSelenium
GRAVE: Expected condition failed: waiting for presence of element located by: By.xpath: //button[@name='dwfrm_cart_checkoutCart'])[2] (tried for 1 second(s) with 500 MILLISECONDS interval)
janv. 03, 2018 12:14:05 PM test.TestSouscriptionMultiExcelFantome generateLog
GRAVE: Expected condition failed: waiting for presence of element located by: By.xpath: //div[2]/form/fieldset/button (tried for 1 second(s) with 500 MILLISECONDS interval)
janv. 03, 2018 12:15:45 PM test.TestSouscriptionMultiExcelFantome runSelenium
GRAVE: Expected condition failed: waiting for presence of element located by: By.name: dwfrm_cart_checkoutCart (tried for 1 second(s) with 500 MILLISECONDS interval)
janv. 03, 2018 12:16:15 PM test.TestSouscriptionMultiExcelFantome runSelenium
GRAVE: Expected condition failed: waiting for presence of element located by: By.cssSelector: button[name="dwfrm_cart_checkoutCart"] (tried for 1 second(s) with 500 MILLISECONDS interval)
janv. 03, 2018 12:16:45 PM test.TestSouscriptionMultiExcelFantome runSelenium
GRAVE: Expected condition failed: waiting for presence of element located by: By.xpath: //form[@id='checkout-form']/fieldset/button (tried for 1 second(s) with 500 MILLISECONDS interval)
janv. 03, 2018 12:17:15 PM test.TestSouscriptionMultiExcelFantome runSelenium
GRAVE: Expected condition failed: waiting for presence of element located by: By.xpath: //button[@name='dwfrm_cart_checkoutCart'])[2] (tried for 1 second(s) with 500 MILLISECONDS interval)
janv. 03, 2018 12:17:45 PM test.TestSouscriptionMultiExcelFantome generateLog
GRAVE: Expected condition failed: waiting for presence of element located by: By.xpath: //div[2]/form/fieldset/button (tried for 1 second(s) with 500 MILLISECONDS interval)
janv. 03, 2018 12:27:02 PM test.TestSouscriptionMultiExcelFantome runSelenium
GRAVE: Expected condition failed: waiting for presence of element located by: By.name: dwfrm_cart_checkoutCart (tried for 1 second(s) with 500 MILLISECONDS interval)
janv. 03, 2018 12:32:02 PM test.TestSouscriptionMultiExcelFantome runSelenium
GRAVE: Expected condition failed: waiting for presence of element located by: By.cssSelector: button[name="dwfrm_cart_checkoutCart"] (tried for 1 second(s) with 500 MILLISECONDS interval)
janv. 03, 2018 12:37:02 PM test.TestSouscriptionMultiExcelFantome runSelenium
GRAVE: Expected condition failed: waiting for presence of element located by: By.xpath: //form[@id='checkout-form']/fieldset/button (tried for 1 second(s) with 500 MILLISECONDS interval)
janv. 03, 2018 2:28:45 PM test.TestSouscriptionMultiExcelFantome generateLog
GRAVE: {"errorMessage":"Unable to find element with id 'cardNumber'","request":{"headers":{"Accept-Encoding":"gzip,deflate","Connection":"Keep-Alive","Content-Length":"35","Content-Type":"application/json; charset=utf-8","Host":"localhost:41976","User-Agent":"Apache-HttpClient/4.5.3 (Java/1.8.0_131)"},"httpVersion":"1.1","method":"POST","post":"{\"using\":\"id\",\"value\":\"cardNumber\"}","url":"/element","urlParsed":{"anchor":"","query":"","file":"element","directory":"/","path":"/element","relative":"/element","port":"","host":"","password":"","user":"","userInfo":"","authority":"","protocol":"","source":"/element","queryKey":{},"chunks":["element"]},"urlOriginal":"/session/30b2cee0-f089-11e7-961d-5d1055e97ae7/element"}}
Command duration or timeout: 0 milliseconds
janv. 03, 2018 3:10:35 PM test.TestSouscriptionMultiExcelHeadless testCaseSouscriptionUserExist
INFOS: Execute Souscription for :
{firstname=Robert, Postal Code=SW1A 1AA, Card number=4917610000000000, confirm password=Ps1960m+, City=London, phone number=448006891000, Security number=547, lastname=Lavoisier, Brand=Audi, password=Ps1960m+, Property number / Name=32, Vehicle Insurance Date=jeu., 01 05 00:00:00 2017, Expiry date=mer., 07 01 00:00:00 2020, Registration=BJ81 TBS, Model=A6 IV, Street=avenue du pavé neuf, Country=United Kingdom, VIN=1GCHG35C881135218, date of birth=dim., 11 05 00:00:00 2017, email=robertlavoisier@mailinator.com}

janv. 03, 2018 3:13:20 PM test.TestSouscriptionMultiExcelHeadless testCaseSouscriptionUserExist
AVERTISSEMENT: 05-11-2017The beneficiary must be more than 18 years old.The beneficiary must be more than 18 years old.
janv. 03, 2018 3:13:28 PM test.TestSouscriptionMultiExcelHeadless testCaseSouscriptionUserExist
INFOS: Execute Souscription for :
{firstname=Jean , Postal Code=SW1A 2AA, Card number=4917610000000000, confirm password=JSK-man?, City=London, phone number=448006891001, Security number=345, lastname=Renaud, Brand=Audi, password=JSK-man?, Property number / Name=33, Vehicle Insurance Date=dim., 02 05 00:00:00 2017, Expiry date=sam., 08 01 00:00:00 2020, Registration=BJ82 TBS, Model=A6 IV, Street=avenue du pavé neuf, Country=United Kingdom, VIN=WBAWR3C55AP462424, date of birth=mer., 03 02 00:00:00 1955, email=jeanrenauld@mailinator.com}

janv. 03, 2018 3:24:59 PM test.TestSouscriptionMultiExcelHeadless testCaseSouscriptionUserExist
INFOS: Execute Souscription for :
{firstname=Robert, Postal Code=SW1A 1AA, Card number=4917610000000000, confirm password=Ps1960m+, City=London, phone number=448006891000, Security number=547, lastname=Lavoisier, Brand=Audi, password=Ps1960m+, Property number / Name=32, Vehicle Insurance Date=jeu., 01 05 00:00:00 2017, Expiry date=mer., 07 01 00:00:00 2020, Registration=BJ81 TBS, Model=A6 IV, Street=avenue du pavé neuf, Country=United Kingdom, VIN=1GCHG35C881135218, date of birth=dim., 11 05 00:00:00 2017, email=robertlavoisier@mailinator.com}

janv. 03, 2018 3:40:00 PM test.TestSouscriptionMultiExcelHeadless testCaseSouscriptionUserExist
INFOS: Execute Souscription for :
{firstname=Robert, Postal Code=SW1A 1AA, Card number=4917610000000000, confirm password=Ps1960m+, City=London, phone number=448006891000, Security number=547, lastname=Lavoisier, Brand=Audi, password=Ps1960m+, Property number / Name=32, Vehicle Insurance Date=jeu., 01 05 00:00:00 2017, Expiry date=mer., 07 01 00:00:00 2020, Registration=BJ81 TBS, Model=A6 IV, Street=avenue du pavé neuf, Country=United Kingdom, VIN=1GCHG35C881135218, date of birth=dim., 11 05 00:00:00 2017, email=robertlavoisier@mailinator.com}

janv. 03, 2018 3:42:51 PM test.TestSouscriptionMultiExcelHeadless testCaseSouscriptionUserExist
AVERTISSEMENT: 05-11-2017The beneficiary must be more than 18 years old.The beneficiary must be more than 18 years old.
janv. 03, 2018 3:42:58 PM test.TestSouscriptionMultiExcelHeadless testCaseSouscriptionUserExist
INFOS: Execute Souscription for :
{firstname=Jean , Postal Code=SW1A 2AA, Card number=4917610000000000, confirm password=JSK-man?, City=London, phone number=448006891001, Security number=345, lastname=Renaud, Brand=Audi, password=JSK-man?, Property number / Name=33, Vehicle Insurance Date=dim., 02 05 00:00:00 2017, Expiry date=sam., 08 01 00:00:00 2020, Registration=BJ82 TBS, Model=A6 IV, Street=avenue du pavé neuf, Country=United Kingdom, VIN=WBAWR3C55AP462424, date of birth=mer., 03 02 00:00:00 1955, email=jeanrenauld@mailinator.com}

janv. 03, 2018 3:57:05 PM test.TestSouscriptionMultiExcelHeadless testCaseSouscriptionUserExist
INFOS: Execute Souscription for :
{firstname=Robert, Postal Code=SW1A 1AA, Card number=4917610000000000, confirm password=Ps1960m+, City=London, phone number=448006891000, Security number=547, lastname=Lavoisier, Brand=Audi, password=Ps1960m+, Property number / Name=32, Vehicle Insurance Date=jeu., 01 05 00:00:00 2017, Expiry date=mer., 07 01 00:00:00 2020, Registration=BJ81 TBS, Model=A6 IV, Street=avenue du pavé neuf, Country=United Kingdom, VIN=1GCHG35C881135218, date of birth=dim., 11 05 00:00:00 2017, email=robertlavoisier@mailinator.com}

janv. 03, 2018 3:59:51 PM test.TestSouscriptionMultiExcelHeadless testCaseSouscriptionUserExist
AVERTISSEMENT: 05-11-2017The beneficiary must be more than 18 years old.The beneficiary must be more than 18 years old.
janv. 03, 2018 3:59:56 PM test.TestSouscriptionMultiExcelHeadless testCaseSouscriptionUserExist
INFOS: Execute Souscription for :
{firstname=Jean , Postal Code=SW1A 2AA, Card number=4917610000000000, confirm password=JSK-man?, City=London, phone number=448006891001, Security number=345, lastname=Renaud, Brand=Audi, password=JSK-man?, Property number / Name=33, Vehicle Insurance Date=dim., 02 05 00:00:00 2017, Expiry date=sam., 08 01 00:00:00 2020, Registration=BJ82 TBS, Model=A6 IV, Street=avenue du pavé neuf, Country=United Kingdom, VIN=WBAWR3C55AP462424, date of birth=mer., 03 02 00:00:00 1955, email=jeanrenauld@mailinator.com}

janv. 03, 2018 4:13:42 PM test.TestSouscriptionMultiExcelHeadless testCaseSouscriptionUserExist
INFOS: Execute Souscription for :
{firstname=Robert, Postal Code=SW1A 1AA, Card number=4917610000000000, confirm password=Ps1960m+, City=London, phone number=448006891000, Security number=547, lastname=Lavoisier, Brand=Audi, password=Ps1960m+, Property number / Name=32, Vehicle Insurance Date=jeu., 01 05 00:00:00 2017, Expiry date=mer., 07 01 00:00:00 2020, Registration=BJ81 TBS, Model=A6 IV, Street=avenue du pavé neuf, Country=United Kingdom, VIN=1GCHG35C881135218, date of birth=dim., 11 05 00:00:00 2017, email=robertlavoisier@mailinator.com}

janv. 03, 2018 4:16:34 PM test.TestSouscriptionMultiExcelHeadless testCaseSouscriptionUserExist
AVERTISSEMENT: 05-11-2017The beneficiary must be more than 18 years old.The beneficiary must be more than 18 years old.
janv. 03, 2018 4:16:40 PM test.TestSouscriptionMultiExcelHeadless testCaseSouscriptionUserExist
INFOS: Execute Souscription for :
{firstname=Jean , Postal Code=SW1A 2AA, Card number=4917610000000000, confirm password=JSK-man?, City=London, phone number=448006891001, Security number=345, lastname=Renaud, Brand=Audi, password=JSK-man?, Property number / Name=33, Vehicle Insurance Date=dim., 02 05 00:00:00 2017, Expiry date=sam., 08 01 00:00:00 2020, Registration=BJ82 TBS, Model=A6 IV, Street=avenue du pavé neuf, Country=United Kingdom, VIN=WBAWR3C55AP462424, date of birth=mer., 03 02 00:00:00 1955, email=jeanrenauld@mailinator.com}

janv. 03, 2018 4:26:36 PM test.TestSouscriptionMultiExcel testCaseSouscriptionUserExist
INFOS: Execute Souscription for :
{firstname=Robert, Postal Code=SW1A 1AA, Card number=4917610000000000, confirm password=Ps1960m+, City=London, phone number=448006891000, Security number=547, lastname=Lavoisier, Brand=Audi, password=Ps1960m+, Property number / Name=32, Vehicle Insurance Date=jeu., 01 05 00:00:00 2017, Expiry date=mer., 07 01 00:00:00 2020, Registration=BJ81 TBS, Model=A6 IV, Street=avenue du pavé neuf, Country=United Kingdom, VIN=1GCHG35C881135218, date of birth=dim., 11 05 00:00:00 2017, email=robertlavoisier@mailinator.com}

janv. 03, 2018 4:29:46 PM test.TestSouscriptionMultiExcel testCaseSouscriptionUserExist
AVERTISSEMENT: 05-11-2017The beneficiary must be more than 18 years old.The beneficiary must be more than 18 years old.
janv. 03, 2018 4:29:54 PM test.TestSouscriptionMultiExcel testCaseSouscriptionUserExist
INFOS: Execute Souscription for :
{firstname=Jean , Postal Code=SW1A 2AA, Card number=4917610000000000, confirm password=JSK-man?, City=London, phone number=448006891001, Security number=345, lastname=Renaud, Brand=Audi, password=JSK-man?, Property number / Name=33, Vehicle Insurance Date=dim., 02 05 00:00:00 2017, Expiry date=sam., 08 01 00:00:00 2020, Registration=BJ82 TBS, Model=A6 IV, Street=avenue du pavé neuf, Country=United Kingdom, VIN=WBAWR3C55AP462424, date of birth=mer., 03 02 00:00:00 1955, email=jeanrenauld@mailinator.com}

