janv. 18, 2018 10:16:55 AM test.TestSouscriptionDEMultiExcel testCaseSouscriptionUserExist
INFOS: Execute Souscription for :
{birthday=mar., 11 09 00:00:00 1993, firstname=Alan, HSN=4854, Postal Code=43434, Card number=4917610000000000, confirm password=Number78*, Vehicle Insurance Date begin=ven., 02 09 00:00:00 2018, sexe=Herr, City=Hermitswagen, TSN=675, Security number=434, lastname=Piton, Brand=NISSAN, Licence plate=EREJH3964, password=Number78*, Vehicle Insurance Date=lun., 12 25 00:00:00 2017, Expiry date=ven., 11 01 00:00:00 2019, Street=3 Alfred Dreyfus, Country=Deutschland, VIN=43433434343434304, email=alanpiton@mailinator.com}

janv. 18, 2018 10:17:07 AM test.TestSouscriptionDEMultiExcel testCaseSouscriptionUserExist
GRAVE: org.openqa.selenium.WebDriverException   Element <button class="add-all-to-cart product-0" type="submit" value="Alle zum Warenkorb hinzufügen"></button> is not clickable at point (976.36669921875, 18.800003051757812). Other element would receive the click: <div class="loader-bg"></div>
Command duration or timeout: 0 milliseconds
Build info: version: '3.8.1', revision: '6e95a6684b', time: '2017-12-01T18:33:54.468Z'
System info: host: 'CSCFRAAG971566', ip: '10.3.7.13', os.name: 'Windows 10', os.arch: 'amd64', os.version: '10.0', java.version: '1.8.0_131'
Driver info: org.openqa.selenium.firefox.FirefoxDriver
Capabilities {acceptSslCerts: true, applicationCacheEnabled: true, browserName: firefox, cssSelectorsEnabled: true, databaseEnabled: true, handlesAlerts: true, javascriptEnabled: true, locationContextEnabled: true, nativeEvents: false, platform: WINDOWS, platformName: WINDOWS, rotatable: false, takesScreenshot: true, version: 52.3.0, webStorageEnabled: true}
Session ID: 96cde3ff-df1e-4d5c-a9fb-93b545ea4a71
janv. 18, 2018 10:20:40 AM test.TestSouscriptionDEMultiExcel testCaseSouscriptionUserExist
INFOS: Execute Souscription for :
{birthday=mar., 11 09 00:00:00 1993, firstname=Alan, HSN=4854, Postal Code=43434, Card number=4917610000000000, confirm password=Number78*, Vehicle Insurance Date begin=ven., 02 09 00:00:00 2018, sexe=Herr, City=Hermitswagen, TSN=675, Security number=434, lastname=Piton, Brand=NISSAN, Licence plate=EREJH3964, password=Number78*, Vehicle Insurance Date=lun., 12 25 00:00:00 2017, Expiry date=ven., 11 01 00:00:00 2019, Street=3 Alfred Dreyfus, Country=Deutschland, VIN=43433434343434304, email=alanpiton@mailinator.com}

janv. 18, 2018 10:26:00 AM test.TestSouscriptionDEMultiExcel testCaseSouscriptionUserExist
AVERTISSEMENT: 




janv. 18, 2018 10:31:36 AM test.TestSouscriptionDEMultiExcel testCaseSouscriptionUserExist
INFOS: Execute Souscription for :
{birthday=mar., 11 09 00:00:00 1993, firstname=Alan, HSN=4854, Postal Code=43434, Card number=4917610000000000, confirm password=Number78*, Vehicle Insurance Date begin=ven., 02 09 00:00:00 2018, sexe=Herr, City=Hermitswagen, TSN=675, Security number=434, lastname=Piton, Brand=NISSAN, Licence plate=EREJH3964, password=Number78*, Vehicle Insurance Date=lun., 12 25 00:00:00 2017, Expiry date=ven., 11 01 00:00:00 2019, Street=3 Alfred Dreyfus, Country=Deutschland, VIN=43433434343434304, email=alanpiton@mailinator.com}

janv. 18, 2018 10:36:59 AM test.TestSouscriptionDEMultiExcel testCaseSouscriptionUserExist
AVERTISSEMENT: 




janv. 18, 2018 10:48:03 AM test.TestSouscriptionDEMultiExcel testCaseSouscriptionUserExist
INFOS: Execute Souscription for :
{birthday=mar., 11 09 00:00:00 1993, firstname=Alan, HSN=4854, Postal Code=43434, Card number=4917610000000000, confirm password=Number78*, Vehicle Insurance Date begin=ven., 02 09 00:00:00 2018, sexe=Herr, City=Hermitswagen, TSN=675, Security number=434, lastname=Piton, Brand=NISSAN, Licence plate=EREJH3964, password=Number78*, Vehicle Insurance Date=lun., 12 25 00:00:00 2017, Expiry date=ven., 11 01 00:00:00 2019, Street=3 Alfred Dreyfus, Country=Deutschland, VIN=43433434343434304, email=alanpiton@mailinator.com}

janv. 18, 2018 10:53:16 AM test.TestSouscriptionDEMultiExcel testCaseSouscriptionUserExist
AVERTISSEMENT: 




janv. 18, 2018 10:56:45 AM test.TestSouscriptionDEMultiExcel testCaseSouscriptionUserExist
INFOS: Execute Souscription for :
{birthday=mar., 11 09 00:00:00 1993, firstname=Alan, HSN=4854, Postal Code=43434, Card number=4917610000000000, confirm password=Number78*, Vehicle Insurance Date begin=ven., 02 09 00:00:00 2018, sexe=Herr, City=Hermitswagen, TSN=675, Security number=434, lastname=Piton, Brand=NISSAN, Licence plate=EREJH3964, password=Number78*, Vehicle Insurance Date=lun., 12 25 00:00:00 2017, Expiry date=ven., 11 01 00:00:00 2019, Street=3 Alfred Dreyfus, Country=Deutschland, VIN=43433434343434304, email=alanpiton@mailinator.com}

janv. 18, 2018 10:57:07 AM test.TestSouscriptionDEMultiExcel testCaseSouscriptionUserExist
GRAVE: org.openqa.selenium.WebDriverException   org.apache.http.conn.HttpHostConnectException: Connect to localhost:18369 [localhost/127.0.0.1, localhost/0:0:0:0:0:0:0:1] failed: Connection refused: connect
Build info: version: '3.8.1', revision: '6e95a6684b', time: '2017-12-01T18:33:54.468Z'
System info: host: 'CSCFRAAG971566', ip: '10.3.7.13', os.name: 'Windows 10', os.arch: 'amd64', os.version: '10.0', java.version: '1.8.0_131'
Driver info: driver.version: RemoteWebDriver
janv. 18, 2018 10:57:39 AM test.TestSouscriptionDEMultiExcel testCaseSouscriptionUserExist
INFOS: Execute Souscription for :
{birthday=mar., 11 09 00:00:00 1993, firstname=Alan, HSN=4854, Postal Code=43434, Card number=4917610000000000, confirm password=Number78*, Vehicle Insurance Date begin=ven., 02 09 00:00:00 2018, sexe=Herr, City=Hermitswagen, TSN=675, Security number=434, lastname=Piton, Brand=NISSAN, Licence plate=EREJH3964, password=Number78*, Vehicle Insurance Date=lun., 12 25 00:00:00 2017, Expiry date=ven., 11 01 00:00:00 2019, Street=3 Alfred Dreyfus, Country=Deutschland, VIN=43433434343434304, email=alanpiton@mailinator.com}

janv. 18, 2018 11:00:18 AM test.TestSouscriptionDEMultiExcel testCaseSouscriptionUserExist
GRAVE: org.openqa.selenium.WebDriverException   org.apache.http.conn.HttpHostConnectException: Connect to localhost:48410 [localhost/127.0.0.1, localhost/0:0:0:0:0:0:0:1] failed: Connection refused: connect
Build info: version: '3.8.1', revision: '6e95a6684b', time: '2017-12-01T18:33:54.468Z'
System info: host: 'CSCFRAAG971566', ip: '10.3.7.13', os.name: 'Windows 10', os.arch: 'amd64', os.version: '10.0', java.version: '1.8.0_131'
Driver info: driver.version: RemoteWebDriver
janv. 18, 2018 11:09:16 AM test.TestSouscriptionDEMultiExcel testCaseSouscriptionUserExist
INFOS: Execute Souscription for :
{birthday=mar., 11 09 00:00:00 1993, firstname=Alan, HSN=4854, Postal Code=43434, Card number=4917610000000000, confirm password=Number78*, Vehicle Insurance Date begin=ven., 02 09 00:00:00 2018, sexe=Herr, City=Hermitswagen, TSN=675, Security number=434, lastname=Piton, Brand=NISSAN, Licence plate=EREJH3964, password=Number78*, Vehicle Insurance Date=lun., 12 25 00:00:00 2017, Expiry date=ven., 11 01 00:00:00 2019, Street=3 Alfred Dreyfus, Country=Deutschland, VIN=43433434343434304, email=alanpiton@mailinator.com}

janv. 18, 2018 11:14:23 AM test.TestSouscriptionDEMultiExcel testCaseSouscriptionUserExist
GRAVE: org.openqa.selenium.StaleElementReferenceException   Element not found in the cache - perhaps the page has changed since it was looked up
Command duration or timeout: 0 milliseconds
janv. 18, 2018 11:17:46 AM test.TestSouscriptionDEMultiExcel testCaseSouscriptionUserExist
INFOS: Execute Souscription for :
{birthday=mar., 11 09 00:00:00 1993, firstname=Alan, HSN=4854, Postal Code=43434, Card number=4917610000000000, confirm password=Number78*, Vehicle Insurance Date begin=ven., 02 09 00:00:00 2018, sexe=Herr, City=Hermitswagen, TSN=675, Security number=434, lastname=Piton, Brand=NISSAN, Licence plate=EREJH3964, password=Number78*, Vehicle Insurance Date=lun., 12 25 00:00:00 2017, Expiry date=ven., 11 01 00:00:00 2019, Street=3 Alfred Dreyfus, Country=Deutschland, VIN=43433434343434304, email=alanpiton@mailinator.com}

janv. 18, 2018 11:19:04 AM test.TestSouscriptionDEMultiExcel testCaseSouscriptionUserExist
INFOS: Execute Souscription for :
{birthday=mar., 11 09 00:00:00 1993, firstname=Alan, HSN=4854, Postal Code=43434, Card number=4917610000000000, confirm password=Number78*, Vehicle Insurance Date begin=ven., 02 09 00:00:00 2018, sexe=Herr, City=Hermitswagen, TSN=675, Security number=434, lastname=Piton, Brand=NISSAN, Licence plate=EREJH3964, password=Number78*, Vehicle Insurance Date=lun., 12 25 00:00:00 2017, Expiry date=ven., 11 01 00:00:00 2019, Street=3 Alfred Dreyfus, Country=Deutschland, VIN=43433434343434304, email=alanpiton@mailinator.com}

janv. 18, 2018 11:24:21 AM test.TestSouscriptionDEMultiExcel testCaseSouscriptionUserExist
AVERTISSEMENT: 




janv. 18, 2018 11:37:48 AM test.TestSouscriptionDEMultiExcel testCaseSouscriptionUserExist
INFOS: Execute Souscription for :
{birthday=mar., 11 09 00:00:00 1993, firstname=Alan, HSN=4854, Postal Code=43434, Card number=4917610000000000, confirm password=Number78*, Vehicle Insurance Date begin=ven., 02 09 00:00:00 2018, sexe=Herr, City=Hermitswagen, TSN=675, Security number=434, lastname=Piton, Brand=NISSAN, Licence plate=EREJH3964, password=Number78*, Vehicle Insurance Date=lun., 12 25 00:00:00 2017, Expiry date=ven., 11 01 00:00:00 2019, Street=3 Alfred Dreyfus, Country=Deutschland, VIN=43433434343434304, email=alanpiton@mailinator.com}

janv. 18, 2018 11:43:02 AM test.TestSouscriptionDEMultiExcel testCaseSouscriptionUserExist
AVERTISSEMENT: 




janv. 18, 2018 11:46:17 AM test.TestSouscriptionDEMultiExcel testCaseSouscriptionUserExist
INFOS: Execute Souscription for :
{birthday=mar., 11 09 00:00:00 1993, firstname=Alan, HSN=4854, Postal Code=43434, Card number=4917610000000000, confirm password=Number78*, Vehicle Insurance Date begin=ven., 02 09 00:00:00 2018, sexe=Herr, City=Hermitswagen, TSN=675, Security number=434, lastname=Piton, Brand=NISSAN, Licence plate=EREJH3964, password=Number78*, Vehicle Insurance Date=lun., 12 25 00:00:00 2017, Expiry date=ven., 11 01 00:00:00 2019, Street=3 Alfred Dreyfus, Country=Deutschland, VIN=43433434343434304, email=alanpiton@mailinator.com}

janv. 18, 2018 11:46:49 AM test.TestSouscriptionDEMultiExcel testCaseSouscriptionUserExist
INFOS: Execute Souscription for :
{birthday=mar., 11 09 00:00:00 1993, firstname=Alan, HSN=4854, Postal Code=43434, Card number=4917610000000000, confirm password=Number78*, Vehicle Insurance Date begin=ven., 02 09 00:00:00 2018, sexe=Herr, City=Hermitswagen, TSN=675, Security number=434, lastname=Piton, Brand=NISSAN, Licence plate=EREJH3964, password=Number78*, Vehicle Insurance Date=lun., 12 25 00:00:00 2017, Expiry date=ven., 11 01 00:00:00 2019, Street=3 Alfred Dreyfus, Country=Deutschland, VIN=43433434343434304, email=alanpiton@mailinator.com}

janv. 18, 2018 11:48:45 AM test.TestSouscriptionDEMultiExcel testCaseSouscriptionUserExist
INFOS: Execute Souscription for :
{birthday=mar., 11 09 00:00:00 1993, firstname=Alan, HSN=4854, Postal Code=43434, Card number=4917610000000000, confirm password=Number78*, Vehicle Insurance Date begin=ven., 02 09 00:00:00 2018, sexe=Herr, City=Hermitswagen, TSN=675, Security number=434, lastname=Piton, Brand=NISSAN, Licence plate=EREJH3964, password=Number78*, Vehicle Insurance Date=lun., 12 25 00:00:00 2017, Expiry date=ven., 11 01 00:00:00 2019, Street=3 Alfred Dreyfus, Country=Deutschland, VIN=43433434343434304, email=alanpiton@mailinator.com}

janv. 18, 2018 11:49:36 AM test.TestSouscriptionDEMultiExcel testCaseSouscriptionUserExist
GRAVE: org.openqa.selenium.WebDriverException   org.apache.http.conn.HttpHostConnectException: Connect to localhost:29745 [localhost/127.0.0.1, localhost/0:0:0:0:0:0:0:1] failed: Connection refused: connect
Build info: version: '3.8.1', revision: '6e95a6684b', time: '2017-12-01T18:33:54.468Z'
System info: host: 'CSCFRAAG971566', ip: '10.3.7.13', os.name: 'Windows 10', os.arch: 'amd64', os.version: '10.0', java.version: '1.8.0_131'
Driver info: driver.version: RemoteWebDriver
janv. 18, 2018 11:49:57 AM test.TestSouscriptionDEMultiExcel testCaseSouscriptionUserExist
INFOS: Execute Souscription for :
{birthday=mar., 11 09 00:00:00 1993, firstname=Alan, HSN=4854, Postal Code=43434, Card number=4917610000000000, confirm password=Number78*, Vehicle Insurance Date begin=ven., 02 09 00:00:00 2018, sexe=Herr, City=Hermitswagen, TSN=675, Security number=434, lastname=Piton, Brand=NISSAN, Licence plate=EREJH3964, password=Number78*, Vehicle Insurance Date=lun., 12 25 00:00:00 2017, Expiry date=ven., 11 01 00:00:00 2019, Street=3 Alfred Dreyfus, Country=Deutschland, VIN=43433434343434304, email=alanpiton@mailinator.com}

janv. 18, 2018 2:38:52 PM test.TestSouscriptionDEMultiExcel testCaseSouscriptionUserExist
GRAVE: org.openqa.selenium.TimeoutException   Expected condition failed: waiting for element to be clickable: [[FirefoxDriver: firefox on WINDOWS (264ac7e9-dc58-4b99-a432-ff3086a268d3)] -> id: va-termsDuration] (tried for 60 second(s) with 2 SECONDS interval)
Build info: version: '3.8.1', revision: '6e95a6684b', time: '2017-12-01T18:33:54.468Z'
System info: host: 'CSCFRAAG971566', ip: '10.3.7.13', os.name: 'Windows 10', os.arch: 'amd64', os.version: '10.0', java.version: '1.8.0_131'
Driver info: driver.version: unknown
janv. 18, 2018 2:44:00 PM test.TestSouscriptionDEMultiExcel testCaseSouscriptionUserExist
INFOS: Execute Souscription for :
{birthday=mar., 11 09 00:00:00 1993, firstname=Alan, HSN=4854, Postal Code=43434, Card number=4917610000000000, confirm password=Number78*, Vehicle Insurance Date begin=ven., 02 09 00:00:00 2018, sexe=Herr, City=Hermitswagen, TSN=675, Security number=434, lastname=Piton, Brand=NISSAN, Licence plate=EREJH3964, password=Number78*, Vehicle Insurance Date=lun., 12 25 00:00:00 2017, Expiry date=ven., 11 01 00:00:00 2019, Street=3 Alfred Dreyfus, Country=Deutschland, VIN=43433434343434304, email=alanpiton@mailinator.com}

janv. 18, 2018 2:49:06 PM test.TestSouscriptionDEMultiExcel testCaseSouscriptionUserExist
GRAVE: org.openqa.selenium.NoSuchElementException   Unable to locate element: {"method":"name","selector":"dwvar_DE-C-SECURPLUS-_COVER300termsDuration"}
Command duration or timeout: 0 milliseconds
janv. 18, 2018 2:51:09 PM test.TestSouscriptionDEMultiExcel testCaseSouscriptionUserExist
INFOS: Execute Souscription for :
{birthday=mar., 11 09 00:00:00 1993, firstname=Alan, HSN=4854, Postal Code=43434, Card number=4917610000000000, confirm password=Number78*, Vehicle Insurance Date begin=ven., 02 09 00:00:00 2018, sexe=Herr, City=Hermitswagen, TSN=675, Security number=434, lastname=Piton, Brand=NISSAN, Licence plate=EREJH3964, password=Number78*, Vehicle Insurance Date=lun., 12 25 00:00:00 2017, Expiry date=ven., 11 01 00:00:00 2019, Street=3 Alfred Dreyfus, Country=Deutschland, VIN=43433434343434304, email=alanpiton@mailinator.com}

janv. 18, 2018 2:53:06 PM test.TestSouscriptionDEMultiExcel testCaseSouscriptionUserExist
INFOS: Execute Souscription for :
{birthday=mar., 11 09 00:00:00 1993, firstname=Alan, HSN=4854, Postal Code=43434, Card number=4917610000000000, confirm password=Number78*, Vehicle Insurance Date begin=ven., 02 09 00:00:00 2018, sexe=Herr, City=Hermitswagen, TSN=675, Security number=434, lastname=Piton, Brand=NISSAN, Licence plate=EREJH3964, password=Number78*, Vehicle Insurance Date=lun., 12 25 00:00:00 2017, Expiry date=ven., 11 01 00:00:00 2019, Street=3 Alfred Dreyfus, Country=Deutschland, VIN=43433434343434304, email=alanpiton@mailinator.com}

janv. 18, 2018 2:54:38 PM test.TestSouscriptionDEMultiExcel testCaseSouscriptionUserExist
INFOS: Execute Souscription for :
{birthday=mar., 11 09 00:00:00 1993, firstname=Alan, HSN=4854, Postal Code=43434, Card number=4917610000000000, confirm password=Number78*, Vehicle Insurance Date begin=ven., 02 09 00:00:00 2018, sexe=Herr, City=Hermitswagen, TSN=675, Security number=434, lastname=Piton, Brand=NISSAN, Licence plate=EREJH3964, password=Number78*, Vehicle Insurance Date=lun., 12 25 00:00:00 2017, Expiry date=ven., 11 01 00:00:00 2019, Street=3 Alfred Dreyfus, Country=Deutschland, VIN=43433434343434304, email=alanpiton@mailinator.com}

janv. 18, 2018 2:59:44 PM test.TestSouscriptionDEMultiExcel testCaseSouscriptionUserExist
GRAVE: org.openqa.selenium.NoSuchElementException   Unable to locate element: {"method":"name","selector":"dwvar_DE-C-SECURPLUS-COVER300termsDuration"}
Command duration or timeout: 0 milliseconds
janv. 18, 2018 3:01:07 PM test.TestSouscriptionDEMultiExcel testCaseSouscriptionUserExist
INFOS: Execute Souscription for :
{birthday=mar., 11 09 00:00:00 1993, firstname=Alan, HSN=4854, Postal Code=43434, Card number=4917610000000000, confirm password=Number78*, Vehicle Insurance Date begin=ven., 02 09 00:00:00 2018, sexe=Herr, City=Hermitswagen, TSN=675, Security number=434, lastname=Piton, Brand=NISSAN, Licence plate=EREJH3964, password=Number78*, Vehicle Insurance Date=lun., 12 25 00:00:00 2017, Expiry date=ven., 11 01 00:00:00 2019, Street=3 Alfred Dreyfus, Country=Deutschland, VIN=43433434343434304, email=alanpiton@mailinator.com}

janv. 18, 2018 3:06:25 PM test.TestSouscriptionDEMultiExcel testCaseSouscriptionUserExist
AVERTISSEMENT: 




janv. 18, 2018 3:11:18 PM test.TestSouscriptionDEMultiExcel testCaseSouscriptionUserExist
INFOS: Execute Souscription for :
{birthday=mar., 11 09 00:00:00 1993, firstname=Alan, HSN=4854, Postal Code=43434, Card number=4917610000000000, confirm password=Number78*, Vehicle Insurance Date begin=ven., 02 09 00:00:00 2018, sexe=Herr, City=Hermitswagen, TSN=675, Security number=434, lastname=Piton, Brand=NISSAN, Licence plate=EREJH3964, password=Number78*, Vehicle Insurance Date=lun., 12 25 00:00:00 2017, Expiry date=ven., 11 01 00:00:00 2019, Street=3 Alfred Dreyfus, Country=Deutschland, VIN=43433434343434304, email=alanpiton@mailinator.com}

janv. 18, 2018 3:14:07 PM test.TestSouscriptionDEMultiExcel testCaseSouscriptionUserExist
INFOS: Execute Souscription for :
{birthday=mar., 11 09 00:00:00 1993, firstname=Alan, HSN=4854, Postal Code=43434, Card number=4917610000000000, confirm password=Number78*, Vehicle Insurance Date begin=ven., 02 09 00:00:00 2018, sexe=Herr, City=Hermitswagen, TSN=675, Security number=434, lastname=Piton, Brand=NISSAN, Licence plate=EREJH3964, password=Number78*, Vehicle Insurance Date=lun., 12 25 00:00:00 2017, Expiry date=ven., 11 01 00:00:00 2019, Street=3 Alfred Dreyfus, Country=Deutschland, VIN=43433434343434304, email=alanpiton@mailinator.com}

janv. 18, 2018 3:17:29 PM test.TestSouscriptionDEMultiExcel testCaseSouscriptionUserExist
GRAVE: org.openqa.selenium.WebDriverException   org.apache.http.conn.HttpHostConnectException: Connect to localhost:16694 [localhost/127.0.0.1, localhost/0:0:0:0:0:0:0:1] failed: Connection refused: connect
Build info: version: '3.8.1', revision: '6e95a6684b', time: '2017-12-01T18:33:54.468Z'
System info: host: 'CSCFRAAG971566', ip: '10.3.7.13', os.name: 'Windows 10', os.arch: 'amd64', os.version: '10.0', java.version: '1.8.0_131'
Driver info: driver.version: RemoteWebDriver
janv. 18, 2018 3:17:45 PM test.TestSouscriptionDEMultiExcel testCaseSouscriptionUserExist
INFOS: Execute Souscription for :
{birthday=mar., 11 09 00:00:00 1993, firstname=Alan, HSN=4854, Postal Code=43434, Card number=4917610000000000, confirm password=Number78*, Vehicle Insurance Date begin=ven., 02 09 00:00:00 2018, sexe=Herr, City=Hermitswagen, TSN=675, Security number=434, lastname=Piton, Brand=NISSAN, Licence plate=EREJH3964, password=Number78*, Vehicle Insurance Date=lun., 12 25 00:00:00 2017, Expiry date=ven., 11 01 00:00:00 2019, Street=3 Alfred Dreyfus, Country=Deutschland, VIN=43433434343434304, email=alanpiton@mailinator.com}

janv. 18, 2018 3:18:32 PM test.TestSouscriptionDEMultiExcel testCaseSouscriptionUserExist
INFOS: Execute Souscription for :
{birthday=mar., 11 09 00:00:00 1993, firstname=Alan, HSN=4854, Postal Code=43434, Card number=4917610000000000, confirm password=Number78*, Vehicle Insurance Date begin=ven., 02 09 00:00:00 2018, sexe=Herr, City=Hermitswagen, TSN=675, Security number=434, lastname=Piton, Brand=NISSAN, Licence plate=EREJH3964, password=Number78*, Vehicle Insurance Date=lun., 12 25 00:00:00 2017, Expiry date=ven., 11 01 00:00:00 2019, Street=3 Alfred Dreyfus, Country=Deutschland, VIN=43433434343434304, email=alanpiton@mailinator.com}

janv. 18, 2018 3:19:01 PM test.TestSouscriptionDEMultiExcel runSelenium
INFOS: BEFORE TRY  TO SCROLL TO SAVE BUTTON----------->
janv. 18, 2018 3:24:06 PM test.TestSouscriptionDEMultiExcel testCaseSouscriptionUserExist
AVERTISSEMENT: 




janv. 18, 2018 3:28:59 PM test.TestSouscriptionDEMultiExcel testCaseSouscriptionUserExist
INFOS: Execute Souscription for :
{birthday=mar., 11 09 00:00:00 1993, firstname=Alan, HSN=4854, Postal Code=43434, Card number=4917610000000000, confirm password=Number78*, Vehicle Insurance Date begin=ven., 02 09 00:00:00 2018, sexe=Herr, City=Hermitswagen, TSN=675, Security number=434, lastname=Piton, Brand=NISSAN, Licence plate=EREJH3964, password=Number78*, Vehicle Insurance Date=lun., 12 25 00:00:00 2017, Expiry date=ven., 11 01 00:00:00 2019, Street=3 Alfred Dreyfus, Country=Deutschland, VIN=43433434343434304, email=alanpiton@mailinator.com}

janv. 18, 2018 3:29:09 PM test.TestSouscriptionDEMultiExcel runSelenium
INFOS: BEFORE LOGIN----------->
janv. 18, 2018 3:29:12 PM test.TestSouscriptionDEMultiExcel login
INFOS: BEFORE TRY  TO SCROLL TO SAVE BUTTON----------->
janv. 18, 2018 3:29:12 PM test.TestSouscriptionDEMultiExcel runSelenium
INFOS: AFTER LOGIN----------->
janv. 18, 2018 3:29:12 PM test.TestSouscriptionDEMultiExcel runSelenium
INFOS: BEFORE TRY  TO SCROLL TO SAVE BUTTON----------->
janv. 18, 2018 3:29:12 PM test.TestSouscriptionDEMultiExcel runSelenium
INFOS: TRY  TO SCROLL TO SAVE BUTTON----------->
janv. 18, 2018 3:34:14 PM test.TestSouscriptionDEMultiExcel testCaseSouscriptionUserExist
GRAVE: org.openqa.selenium.NoSuchElementException   Unable to locate element: {"method":"id","selector":"placeOrder"}
Command duration or timeout: 0 milliseconds
janv. 18, 2018 4:18:57 PM test.TestSouscriptionDEMultiExcel testCaseSouscriptionUserExist
INFOS: Execute Souscription for :
{birthday=mar., 11 09 00:00:00 1993, firstname=Alan, HSN=4854, Postal Code=43434, Card number=4917610000000000, confirm password=Number78*, Vehicle Insurance Date begin=ven., 02 09 00:00:00 2018, sexe=Herr, City=Hermitswagen, TSN=675, Security number=434, lastname=Piton, Brand=NISSAN, Licence plate=EREJH3964, password=Number78*, Vehicle Insurance Date=lun., 12 25 00:00:00 2017, Expiry date=ven., 11 01 00:00:00 2019, Street=3 Alfred Dreyfus, Country=Deutschland, VIN=43433434343434304, email=alanpiton@mailinator.com}

janv. 18, 2018 4:19:11 PM test.TestSouscriptionDEMultiExcel login
INFOS: BEFORE TRY  TO SCROLL TO SAVE BUTTON----------->
janv. 18, 2018 4:24:16 PM test.TestSouscriptionDEMultiExcel testCaseSouscriptionUserExist
GRAVE: org.openqa.selenium.ElementNotVisibleException   Element is not currently visible and so may not be interacted with
Command duration or timeout: 0 milliseconds
janv. 18, 2018 4:47:07 PM test.TestSouscriptionDEMultiExcel testCaseSouscriptionUserExist
INFOS: Execute Souscription for :
{birthday=mar., 11 09 00:00:00 1993, firstname=Alan, HSN=4854, Postal Code=43434, Card number=4917610000000000, confirm password=Number78*, Vehicle Insurance Date begin=ven., 02 09 00:00:00 2018, sexe=Herr, City=Hermitswagen, TSN=675, Security number=434, lastname=Piton, Brand=NISSAN, Licence plate=EREJH3964, password=Number78*, Vehicle Insurance Date=lun., 12 25 00:00:00 2017, Expiry date=ven., 11 01 00:00:00 2019, Street=3 Alfred Dreyfus, Country=Deutschland, VIN=43433434343434304, email=alanpiton@mailinator.com}

janv. 18, 2018 4:47:46 PM test.TestSouscriptionDEMultiExcel testCaseSouscriptionUserExist
INFOS: Execute Souscription for :
{birthday=mar., 11 09 00:00:00 1993, firstname=Alan, HSN=4854, Postal Code=43434, Card number=4917610000000000, confirm password=Number78*, Vehicle Insurance Date begin=ven., 02 09 00:00:00 2018, sexe=Herr, City=Hermitswagen, TSN=675, Security number=434, lastname=Piton, Brand=NISSAN, Licence plate=EREJH3964, password=Number78*, Vehicle Insurance Date=lun., 12 25 00:00:00 2017, Expiry date=ven., 11 01 00:00:00 2019, Street=3 Alfred Dreyfus, Country=Deutschland, VIN=43433434343434304, email=alanpiton@mailinator.com}

janv. 18, 2018 4:49:19 PM test.TestSouscriptionDEMultiExcel testCaseSouscriptionUserExist
INFOS: Execute Souscription for :
{birthday=mar., 11 09 00:00:00 1993, firstname=Alan, HSN=4854, Postal Code=43434, Card number=4917610000000000, confirm password=Number78*, Vehicle Insurance Date begin=ven., 02 09 00:00:00 2018, sexe=Herr, City=Hermitswagen, TSN=675, Security number=434, lastname=Piton, Brand=NISSAN, Licence plate=EREJH3964, password=Number78*, Vehicle Insurance Date=lun., 12 25 00:00:00 2017, Expiry date=ven., 11 01 00:00:00 2019, Street=3 Alfred Dreyfus, Country=Deutschland, VIN=43433434343434304, email=alanpiton@mailinator.com}

janv. 18, 2018 4:49:36 PM test.TestSouscriptionDEMultiExcel login
INFOS: BEFORE TRY  TO SCROLL TO SAVE BUTTON----------->
janv. 18, 2018 4:54:41 PM test.TestSouscriptionDEMultiExcel testCaseSouscriptionUserExist
GRAVE: org.openqa.selenium.NoSuchElementException   Unable to locate element: {"method":"id","selector":"dwfrm_billing_subscriptionInformation_vehicleInfoBrand"}
Command duration or timeout: 0 milliseconds
janv. 18, 2018 4:55:54 PM test.TestSouscriptionDEMultiExcel testCaseSouscriptionUserExist
INFOS: Execute Souscription for :
{birthday=mar., 11 09 00:00:00 1993, firstname=Alan, HSN=4854, Postal Code=43434, Card number=4917610000000000, confirm password=Number78*, Vehicle Insurance Date begin=ven., 02 09 00:00:00 2018, sexe=Herr, City=Hermitswagen, TSN=675, Security number=434, lastname=Piton, Brand=NISSAN, Licence plate=EREJH3964, password=Number78*, Vehicle Insurance Date=lun., 12 25 00:00:00 2017, Expiry date=ven., 11 01 00:00:00 2019, Street=3 Alfred Dreyfus, Country=Deutschland, VIN=43433434343434304, email=alanpiton@mailinator.com}

janv. 18, 2018 4:56:06 PM test.TestSouscriptionDEMultiExcel login
INFOS: BEFORE TRY  TO SCROLL TO SAVE BUTTON----------->
janv. 18, 2018 4:56:11 PM test.TestSouscriptionDEMultiExcel testCaseSouscriptionUserExist
GRAVE: java.lang.StringIndexOutOfBoundsException   String index out of range: -2
janv. 18, 2018 4:58:25 PM test.TestSouscriptionDEMultiExcel testCaseSouscriptionUserExist
INFOS: Execute Souscription for :
{birthday=mar., 11 09 00:00:00 1993, firstname=Alan, HSN=4854, Postal Code=43434, Card number=4917610000000000, confirm password=Number78*, Vehicle Insurance Date begin=ven., 02 09 00:00:00 2018, sexe=Herr, City=Hermitswagen, TSN=675, Security number=434, lastname=Piton, Brand=NISSAN, Licence plate=EREJH3964, password=Number78*, Vehicle Insurance Date=lun., 12 25 00:00:00 2017, Expiry date=ven., 11 01 00:00:00 2019, Street=3 Alfred Dreyfus, Country=Deutschland, VIN=43433434343434304, email=alanpiton@mailinator.com}

janv. 18, 2018 4:58:39 PM test.TestSouscriptionDEMultiExcel login
INFOS: BEFORE TRY  TO SCROLL TO SAVE BUTTON----------->
janv. 18, 2018 4:58:44 PM test.TestSouscriptionDEMultiExcel testCaseSouscriptionUserExist
GRAVE: java.lang.StringIndexOutOfBoundsException   String index out of range: -2
janv. 18, 2018 4:59:58 PM test.TestSouscriptionDEMultiExcel testCaseSouscriptionUserExist
INFOS: Execute Souscription for :
{birthday=mar., 11 09 00:00:00 1993, firstname=Alan, HSN=4854, Postal Code=43434, Card number=4917610000000000, confirm password=Number78*, Vehicle Insurance Date begin=ven., 02 09 00:00:00 2018, sexe=Herr, City=Hermitswagen, TSN=675, Security number=434, lastname=Piton, Brand=NISSAN, Licence plate=EREJH3964, password=Number78*, Vehicle Insurance Date=lun., 12 25 00:00:00 2017, Expiry date=ven., 11 01 00:00:00 2019, Street=3 Alfred Dreyfus, Country=Deutschland, VIN=43433434343434304, email=alanpiton@mailinator.com}

janv. 18, 2018 5:00:32 PM test.TestSouscriptionDEMultiExcel testCaseSouscriptionUserExist
INFOS: Execute Souscription for :
{birthday=mar., 11 09 00:00:00 1993, firstname=Alan, HSN=4854, Postal Code=43434, Card number=4917610000000000, confirm password=Number78*, Vehicle Insurance Date begin=ven., 02 09 00:00:00 2018, sexe=Herr, City=Hermitswagen, TSN=675, Security number=434, lastname=Piton, Brand=NISSAN, Licence plate=EREJH3964, password=Number78*, Vehicle Insurance Date=lun., 12 25 00:00:00 2017, Expiry date=ven., 11 01 00:00:00 2019, Street=3 Alfred Dreyfus, Country=Deutschland, VIN=43433434343434304, email=alanpiton@mailinator.com}

janv. 18, 2018 5:00:46 PM test.TestSouscriptionDEMultiExcel login
INFOS: BEFORE TRY  TO SCROLL TO SAVE BUTTON----------->
janv. 18, 2018 5:00:52 PM test.TestSouscriptionDEMultiExcel testCaseSouscriptionUserExist
GRAVE: java.lang.StringIndexOutOfBoundsException   String index out of range: -2
janv. 18, 2018 5:01:56 PM test.TestSouscriptionDEMultiExcel testCaseSouscriptionUserExist
INFOS: Execute Souscription for :
{birthday=mar., 11 09 00:00:00 1993, firstname=Alan, HSN=4854, Postal Code=43434, Card number=4917610000000000, confirm password=Number78*, Vehicle Insurance Date begin=ven., 02 09 00:00:00 2018, sexe=Herr, City=Hermitswagen, TSN=675, Security number=434, lastname=Piton, Brand=NISSAN, Licence plate=EREJH3964, password=Number78*, Vehicle Insurance Date=lun., 12 25 00:00:00 2017, Expiry date=ven., 11 01 00:00:00 2019, Street=3 Alfred Dreyfus, Country=Deutschland, VIN=43433434343434304, email=alanpiton@mailinator.com}

janv. 18, 2018 5:02:12 PM test.TestSouscriptionDEMultiExcel login
INFOS: BEFORE TRY  TO SCROLL TO SAVE BUTTON----------->
janv. 18, 2018 5:02:17 PM test.TestSouscriptionDEMultiExcel testCaseSouscriptionUserExist
GRAVE: java.lang.StringIndexOutOfBoundsException   String index out of range: -1
janv. 18, 2018 5:03:40 PM test.TestSouscriptionDEMultiExcel testCaseSouscriptionUserExist
INFOS: Execute Souscription for :
{birthday=mar., 11 09 00:00:00 1993, firstname=Alan, HSN=4854, Postal Code=43434, Card number=4917610000000000, confirm password=Number78*, Vehicle Insurance Date begin=ven., 02 09 00:00:00 2018, sexe=Herr, City=Hermitswagen, TSN=675, Security number=434, lastname=Piton, Brand=NISSAN, Licence plate=EREJH3964, password=Number78*, Vehicle Insurance Date=lun., 12 25 00:00:00 2017, Expiry date=ven., 11 01 00:00:00 2019, Street=3 Alfred Dreyfus, Country=Deutschland, VIN=43433434343434304, email=alanpiton@mailinator.com}

janv. 18, 2018 5:03:55 PM test.TestSouscriptionDEMultiExcel login
INFOS: BEFORE TRY  TO SCROLL TO SAVE BUTTON----------->
janv. 18, 2018 5:09:00 PM test.TestSouscriptionDEMultiExcel testCaseSouscriptionUserExist
GRAVE: org.openqa.selenium.NoSuchElementException   Unable to locate element: {"method":"id","selector":"dwfrm_billing_subscriptionInformation_vehicleInfoBrand"}
Command duration or timeout: 0 milliseconds
janv. 18, 2018 5:21:24 PM test.TestSouscriptionDEMultiExcel testCaseSouscriptionUserExist
INFOS: Execute Souscription for :
{birthday=mar., 11 09 00:00:00 1993, firstname=Alan, HSN=4854, Postal Code=43434, Card number=4917610000000000, confirm password=Number78*, Vehicle Insurance Date begin=ven., 02 09 00:00:00 2018, sexe=Herr, City=Hermitswagen, TSN=675, Security number=434, lastname=Piton, Brand=NISSAN, Licence plate=EREJH3964, password=Number78*, Vehicle Insurance Date=lun., 12 25 00:00:00 2017, Expiry date=ven., 11 01 00:00:00 2019, Street=3 Alfred Dreyfus, Country=Deutschland, VIN=43433434343434304, email=alanpiton@mailinator.com}

janv. 18, 2018 5:21:39 PM test.TestSouscriptionDEMultiExcel login
INFOS: BEFORE TRY  TO SCROLL TO SAVE BUTTON----------->
janv. 18, 2018 5:26:46 PM test.TestSouscriptionDEMultiExcel testCaseSouscriptionUserExist
GRAVE: org.openqa.selenium.NoSuchElementException   Unable to locate element: {"method":"id","selector":"dwfrm_billing_subscriptionInformation_agreeTerms"}
Command duration or timeout: 0 milliseconds
