janv. 10, 2018 10:21:11 AM test.TestSouscriptionMultiExcel testCaseSouscriptionUserExist
INFOS: Execute Souscription for :
{firstname=Robert, Postal Code=SW1A 1AA, Card number=4917610000000000, confirm password=Ps1960m+, City=London, phone number=448006891000, Security number=547, lastname=Lavoisier, Brand=Audi, password=Ps1960m+, Property number / Name=32, Vehicle Insurance Date=jeu., 01 05 00:00:00 2017, Expiry date=mer., 07 01 00:00:00 2020, Registration=BJ81 TBS, Model=A6 IV, Street=avenue du pavé neuf, Country=United Kingdom, VIN=1GCHG35C881135218, date of birth=lun., 11 05 00:00:00 1990, email=robertlavoisier@mailinator.com}

janv. 10, 2018 10:24:55 AM test.TestSouscriptionMultiExcel testCaseSouscriptionUserExist
GRAVE: org.openqa.selenium.InvalidElementStateException   invalid element state: Element is not currently interactable and may not be manipulated
  (Session info: headless chrome=63.0.3239.132)
  (Driver info: chromedriver=2.33.506120 (e3e53437346286c0bc2d2dc9aa4915ba81d9023f),platform=Windows NT 10.0.10586 x86_64) (WARNING: The server did not provide any stacktrace information)
Command duration or timeout: 0 milliseconds
Build info: version: '3.8.1', revision: '6e95a6684b', time: '2017-12-01T18:33:54.468Z'
System info: host: 'CSCFRAAG971566', ip: '10.3.7.88', os.name: 'Windows 10', os.arch: 'amd64', os.version: '10.0', java.version: '1.8.0_131'
Driver info: org.openqa.selenium.chrome.ChromeDriver
Capabilities {acceptSslCerts: true, applicationCacheEnabled: false, browserConnectionEnabled: false, browserName: chrome, chrome: {chromedriverVersion: 2.33.506120 (e3e53437346286..., userDataDir: C:\Users\GALINA~2\AppData\L...}, cssSelectorsEnabled: true, databaseEnabled: false, handlesAlerts: true, hasTouchScreen: false, javascriptEnabled: true, locationContextEnabled: true, mobileEmulationEnabled: false, nativeEvents: true, networkConnectionEnabled: false, pageLoadStrategy: normal, platform: XP, platformName: XP, rotatable: false, setWindowRect: true, takesHeapSnapshot: true, takesScreenshot: true, unexpectedAlertBehaviour: , unhandledPromptBehavior: , version: 63.0.3239.132, webStorageEnabled: true}
Session ID: dca56be458c8520b39025f22bd82bf0f
janv. 10, 2018 10:24:55 AM test.TestSouscriptionMultiExcel testCaseSouscriptionUserExist
INFOS: Execute Souscription for :
{firstname=Jean , Postal Code=SW1A 2AA, Card number=4917610000000000, confirm password=JSK-man?, City=London, phone number=448006891001, Security number=345, lastname=Renaud, Brand=Audi, password=JSK-man?, Property number / Name=33, Vehicle Insurance Date=dim., 02 05 00:00:00 2017, Expiry date=sam., 08 01 00:00:00 2020, Registration=BJ82 TBS, Model=A6 IV, Street=avenue du pavé neuf, Country=United Kingdom, VIN=WBAWR3C55AP462424, date of birth=jeu., 03 02 00:00:00 2017, email=jeanrenauld@mailinator.com}

janv. 10, 2018 10:25:27 AM test.TestSouscriptionMultiExcel testCaseSouscriptionUserExist
GRAVE: org.openqa.selenium.ElementNotVisibleException   element not visible
  (Session info: headless chrome=63.0.3239.132)
  (Driver info: chromedriver=2.33.506120 (e3e53437346286c0bc2d2dc9aa4915ba81d9023f),platform=Windows NT 10.0.10586 x86_64) (WARNING: The server did not provide any stacktrace information)
Command duration or timeout: 0 milliseconds
Build info: version: '3.8.1', revision: '6e95a6684b', time: '2017-12-01T18:33:54.468Z'
System info: host: 'CSCFRAAG971566', ip: '10.3.7.88', os.name: 'Windows 10', os.arch: 'amd64', os.version: '10.0', java.version: '1.8.0_131'
Driver info: org.openqa.selenium.chrome.ChromeDriver
Capabilities {acceptSslCerts: true, applicationCacheEnabled: false, browserConnectionEnabled: false, browserName: chrome, chrome: {chromedriverVersion: 2.33.506120 (e3e53437346286..., userDataDir: C:\Users\GALINA~2\AppData\L...}, cssSelectorsEnabled: true, databaseEnabled: false, handlesAlerts: true, hasTouchScreen: false, javascriptEnabled: true, locationContextEnabled: true, mobileEmulationEnabled: false, nativeEvents: true, networkConnectionEnabled: false, pageLoadStrategy: normal, platform: XP, platformName: XP, rotatable: false, setWindowRect: true, takesHeapSnapshot: true, takesScreenshot: true, unexpectedAlertBehaviour: , unhandledPromptBehavior: , version: 63.0.3239.132, webStorageEnabled: true}
Session ID: dca56be458c8520b39025f22bd82bf0f
janv. 10, 2018 10:25:27 AM test.TestSouscriptionMultiExcel testCaseSouscriptionUserExist
INFOS: Execute Souscription for :
{firstname=Neil, Postal Code=SW1A 2AB, Card number=4917610000000000, confirm password=Yno#wcu8, City=London, phone number=448006891002, Security number=345, lastname=Denver, Brand=Audi, password=Yno#wcu8, Property number / Name=34, Vehicle Insurance Date=dim., 03 05 00:00:00 2017, Expiry date=sam., 08 01 00:00:00 2020, Registration=BJ83 TBS, Model=A6 IV, Street=avenue du pavé neuf, Country=United Kingdom, VIN=1GCHG35C881135218, date of birth=jeu., 03 03 00:00:00 1955, email=neildenver@mailinator.com}

janv. 10, 2018 10:26:00 AM test.TestSouscriptionMultiExcel testCaseSouscriptionUserExist
GRAVE: org.openqa.selenium.ElementNotVisibleException   element not visible
  (Session info: headless chrome=63.0.3239.132)
  (Driver info: chromedriver=2.33.506120 (e3e53437346286c0bc2d2dc9aa4915ba81d9023f),platform=Windows NT 10.0.10586 x86_64) (WARNING: The server did not provide any stacktrace information)
Command duration or timeout: 0 milliseconds
Build info: version: '3.8.1', revision: '6e95a6684b', time: '2017-12-01T18:33:54.468Z'
System info: host: 'CSCFRAAG971566', ip: '10.3.7.88', os.name: 'Windows 10', os.arch: 'amd64', os.version: '10.0', java.version: '1.8.0_131'
Driver info: org.openqa.selenium.chrome.ChromeDriver
Capabilities {acceptSslCerts: true, applicationCacheEnabled: false, browserConnectionEnabled: false, browserName: chrome, chrome: {chromedriverVersion: 2.33.506120 (e3e53437346286..., userDataDir: C:\Users\GALINA~2\AppData\L...}, cssSelectorsEnabled: true, databaseEnabled: false, handlesAlerts: true, hasTouchScreen: false, javascriptEnabled: true, locationContextEnabled: true, mobileEmulationEnabled: false, nativeEvents: true, networkConnectionEnabled: false, pageLoadStrategy: normal, platform: XP, platformName: XP, rotatable: false, setWindowRect: true, takesHeapSnapshot: true, takesScreenshot: true, unexpectedAlertBehaviour: , unhandledPromptBehavior: , version: 63.0.3239.132, webStorageEnabled: true}
Session ID: dca56be458c8520b39025f22bd82bf0f
janv. 10, 2018 11:37:24 AM test.TestSouscriptionMultiExcel testCaseSouscriptionUserExist
INFOS: Execute Souscription for :
{firstname=Robert, Postal Code=SW1A 1AA, Card number=4917610000000000, confirm password=Ps1960m+, City=London, phone number=448006891000, Security number=547, lastname=Lavoisier, Brand=Audi, password=Ps1960m+, Property number / Name=32, Vehicle Insurance Date=jeu., 01 05 00:00:00 2017, Expiry date=mer., 07 01 00:00:00 2020, Registration=BJ81 TBS, Model=A6 IV, Street=avenue du pavé neuf, Country=United Kingdom, VIN=1GCHG35C881135218, date of birth=lun., 11 05 00:00:00 1990, email=robertlavoisier@mailinator.com}

janv. 10, 2018 11:37:56 AM test.TestSouscriptionMultiExcel testCaseSouscriptionUserExist
GRAVE: org.openqa.selenium.NoSuchElementException   Unable to find element with link text == KEY COVER
For documentation on this error, please visit: http://seleniumhq.org/exceptions/no_such_element.html
Build info: version: '3.8.1', revision: '6e95a6684b', time: '2017-12-01T18:33:54.468Z'
System info: host: 'CSCFRAAG971566', ip: '10.3.7.88', os.name: 'Windows 10', os.arch: 'amd64', os.version: '10.0', java.version: '1.8.0_131'
Driver info: org.openqa.selenium.ie.InternetExplorerDriver
Capabilities {acceptInsecureCerts: false, browserName: internet explorer, browserVersion: 11, javascriptEnabled: true, pageLoadStrategy: normal, platform: WINDOWS, platformName: WINDOWS, proxy: Proxy(), se:ieOptions: {browserAttachTimeout: 0, elementScrollBehavior: 0, enablePersistentHover: true, ie.browserCommandLineSwitches: , ie.ensureCleanSession: false, ie.fileUploadDialogTimeout: 3000, ie.forceCreateProcessApi: false, ignoreProtectedModeSettings: true, ignoreZoomSetting: false, initialBrowserUrl: http://localhost:37304/, nativeEvents: true, requireWindowFocus: false}, setWindowRect: true, timeouts: {implicit: 0, pageLoad: 300000, script: 30000}}
Session ID: d62b92d6-08ea-4f52-b957-3491d90ded23
*** Element info: {Using=link text, value=KEY COVER}
janv. 10, 2018 11:54:22 AM test.TestSouscriptionMultiExcel testCaseSouscriptionUserExist
INFOS: Execute Souscription for :
{firstname=Robert, Postal Code=SW1A 1AA, Card number=4917610000000000, confirm password=Ps1960m+, City=London, phone number=448006891000, Security number=547, lastname=Lavoisier, Brand=Audi, password=Ps1960m+, Property number / Name=32, Vehicle Insurance Date=jeu., 01 05 00:00:00 2017, Expiry date=mer., 07 01 00:00:00 2020, Registration=BJ81 TBS, Model=A6 IV, Street=avenue du pavé neuf, Country=United Kingdom, VIN=1GCHG35C881135218, date of birth=lun., 11 05 00:00:00 1990, email=robertlavoisier@mailinator.com}

janv. 10, 2018 11:54:23 AM test.TestSouscriptionMultiExcel testCaseSouscriptionUserExist
GRAVE: org.openqa.selenium.InvalidSelectorException   An invalid or illegal selector was specified
For documentation on this error, please visit: http://seleniumhq.org/exceptions/invalid_selector_exception.html
Build info: version: '3.8.1', revision: '6e95a6684b', time: '2017-12-01T18:33:54.468Z'
System info: host: 'CSCFRAAG971566', ip: '10.3.7.88', os.name: 'Windows 10', os.arch: 'amd64', os.version: '10.0', java.version: '1.8.0_131'
Driver info: org.openqa.selenium.ie.InternetExplorerDriver
Capabilities {acceptInsecureCerts: false, browserName: internet explorer, browserVersion: 11, javascriptEnabled: true, pageLoadStrategy: normal, platform: WINDOWS, platformName: WINDOWS, proxy: Proxy(), se:ieOptions: {browserAttachTimeout: 0, elementScrollBehavior: 0, enablePersistentHover: true, ie.browserCommandLineSwitches: , ie.ensureCleanSession: false, ie.fileUploadDialogTimeout: 3000, ie.forceCreateProcessApi: false, ignoreProtectedModeSettings: true, ignoreZoomSetting: false, initialBrowserUrl: http://localhost:16882/, nativeEvents: true, requireWindowFocus: false}, setWindowRect: true, timeouts: {implicit: 0, pageLoad: 300000, script: 30000}}
Session ID: 88b5e317-cf0b-47bc-8820-115e5b01e592
*** Element info: {Using=css selector, value=//a[contains(text(),'KEY COVER')]}
janv. 10, 2018 11:54:23 AM test.TestSouscriptionMultiExcel testCaseSouscriptionUserExist
INFOS: Execute Souscription for :
{firstname=Jean , Postal Code=SW1A 2AA, Card number=4917610000000000, confirm password=JSK-man?, City=London, phone number=448006891001, Security number=345, lastname=Renaud, Brand=Audi, password=JSK-man?, Property number / Name=33, Vehicle Insurance Date=dim., 02 05 00:00:00 2017, Expiry date=sam., 08 01 00:00:00 2020, Registration=BJ82 TBS, Model=A6 IV, Street=avenue du pavé neuf, Country=United Kingdom, VIN=WBAWR3C55AP462424, date of birth=jeu., 03 02 00:00:00 2017, email=jeanrenauld@mailinator.com}

janv. 10, 2018 11:54:23 AM test.TestSouscriptionMultiExcel testCaseSouscriptionUserExist
GRAVE: org.openqa.selenium.NoSuchWindowException   Unable to get browser
Build info: version: '3.8.1', revision: '6e95a6684b', time: '2017-12-01T18:33:54.468Z'
System info: host: 'CSCFRAAG971566', ip: '10.3.7.88', os.name: 'Windows 10', os.arch: 'amd64', os.version: '10.0', java.version: '1.8.0_131'
Driver info: org.openqa.selenium.ie.InternetExplorerDriver
Capabilities {acceptInsecureCerts: false, browserName: internet explorer, browserVersion: 11, javascriptEnabled: true, pageLoadStrategy: normal, platform: WINDOWS, platformName: WINDOWS, proxy: Proxy(), se:ieOptions: {browserAttachTimeout: 0, elementScrollBehavior: 0, enablePersistentHover: true, ie.browserCommandLineSwitches: , ie.ensureCleanSession: false, ie.fileUploadDialogTimeout: 3000, ie.forceCreateProcessApi: false, ignoreProtectedModeSettings: true, ignoreZoomSetting: false, initialBrowserUrl: http://localhost:16882/, nativeEvents: true, requireWindowFocus: false}, setWindowRect: true, timeouts: {implicit: 0, pageLoad: 300000, script: 30000}}
Session ID: 88b5e317-cf0b-47bc-8820-115e5b01e592
janv. 10, 2018 12:40:22 PM test.TestSouscriptionMultiExcel testCaseSouscriptionUserExist
INFOS: Execute Souscription for :
{firstname=Robert, Postal Code=SW1A 1AA, Card number=4917610000000000, confirm password=Ps1960m+, City=London, phone number=448006891000, Security number=547, lastname=Lavoisier, Brand=Audi, password=Ps1960m+, Property number / Name=32, Vehicle Insurance Date=jeu., 01 05 00:00:00 2017, Expiry date=mer., 07 01 00:00:00 2020, Registration=BJ81 TBS, Model=A6 IV, Street=avenue du pavé neuf, Country=United Kingdom, VIN=1GCHG35C881135218, date of birth=lun., 11 05 00:00:00 1990, email=robertlavoisier@mailinator.com}

janv. 10, 2018 12:40:24 PM test.TestSouscriptionMultiExcel testCaseSouscriptionUserExist
GRAVE: org.openqa.selenium.InvalidSelectorException   An invalid or illegal selector was specified
For documentation on this error, please visit: http://seleniumhq.org/exceptions/invalid_selector_exception.html
Build info: version: '3.8.1', revision: '6e95a6684b', time: '2017-12-01T18:33:54.468Z'
System info: host: 'CSCFRAAG971566', ip: '10.3.7.88', os.name: 'Windows 10', os.arch: 'amd64', os.version: '10.0', java.version: '1.8.0_131'
Driver info: org.openqa.selenium.ie.InternetExplorerDriver
Capabilities {acceptInsecureCerts: false, browserName: internet explorer, browserVersion: 11, javascriptEnabled: true, pageLoadStrategy: normal, platform: WINDOWS, platformName: WINDOWS, proxy: Proxy(), se:ieOptions: {browserAttachTimeout: 0, elementScrollBehavior: 0, enablePersistentHover: true, ie.browserCommandLineSwitches: , ie.ensureCleanSession: false, ie.fileUploadDialogTimeout: 3000, ie.forceCreateProcessApi: false, ignoreProtectedModeSettings: true, ignoreZoomSetting: false, initialBrowserUrl: http://localhost:20611/, nativeEvents: true, requireWindowFocus: false}, setWindowRect: true, timeouts: {implicit: 0, pageLoad: 300000, script: 30000}}
Session ID: 8203233b-515d-4541-8f65-42bd8c2389e8
*** Element info: {Using=css selector, value=a:contains('KEY COVER')}
janv. 10, 2018 12:46:44 PM test.TestSouscriptionMultiExcel testCaseSouscriptionUserExist
INFOS: Execute Souscription for :
{firstname=Robert, Postal Code=SW1A 1AA, Card number=4917610000000000, confirm password=Ps1960m+, City=London, phone number=448006891000, Security number=547, lastname=Lavoisier, Brand=Audi, password=Ps1960m+, Property number / Name=32, Vehicle Insurance Date=jeu., 01 05 00:00:00 2017, Expiry date=mer., 07 01 00:00:00 2020, Registration=BJ81 TBS, Model=A6 IV, Street=avenue du pavé neuf, Country=United Kingdom, VIN=1GCHG35C881135218, date of birth=lun., 11 05 00:00:00 1990, email=robertlavoisier@mailinator.com}

janv. 10, 2018 12:47:14 PM test.TestSouscriptionMultiExcel testCaseSouscriptionUserExist
GRAVE: org.openqa.selenium.NoSuchElementException   Unable to find element with css selector == ul.menu-category.level-1 li:nth-of-type(2) a
For documentation on this error, please visit: http://seleniumhq.org/exceptions/no_such_element.html
Build info: version: '3.8.1', revision: '6e95a6684b', time: '2017-12-01T18:33:54.468Z'
System info: host: 'CSCFRAAG971566', ip: '10.3.7.88', os.name: 'Windows 10', os.arch: 'amd64', os.version: '10.0', java.version: '1.8.0_131'
Driver info: org.openqa.selenium.ie.InternetExplorerDriver
Capabilities {acceptInsecureCerts: false, browserName: internet explorer, browserVersion: 11, javascriptEnabled: true, pageLoadStrategy: normal, platform: WINDOWS, platformName: WINDOWS, proxy: Proxy(), se:ieOptions: {browserAttachTimeout: 0, elementScrollBehavior: 0, enablePersistentHover: true, ie.browserCommandLineSwitches: , ie.ensureCleanSession: false, ie.fileUploadDialogTimeout: 3000, ie.forceCreateProcessApi: false, ignoreProtectedModeSettings: true, ignoreZoomSetting: false, initialBrowserUrl: http://localhost:24394/, nativeEvents: true, requireWindowFocus: false}, setWindowRect: true, timeouts: {implicit: 0, pageLoad: 300000, script: 30000}}
Session ID: 12727ddc-32c4-404b-9206-d61a876fff63
*** Element info: {Using=css selector, value=ul.menu-category.level-1 li:nth-of-type(2) a}
janv. 10, 2018 12:56:33 PM test.TestSouscriptionMultiExcel testCaseSouscriptionUserExist
INFOS: Execute Souscription for :
{firstname=Robert, Postal Code=SW1A 1AA, Card number=4917610000000000, confirm password=Ps1960m+, City=London, phone number=448006891000, Security number=547, lastname=Lavoisier, Brand=Audi, password=Ps1960m+, Property number / Name=32, Vehicle Insurance Date=jeu., 01 05 00:00:00 2017, Expiry date=mer., 07 01 00:00:00 2020, Registration=BJ81 TBS, Model=A6 IV, Street=avenue du pavé neuf, Country=United Kingdom, VIN=1GCHG35C881135218, date of birth=lun., 11 05 00:00:00 1990, email=robertlavoisier@mailinator.com}

janv. 10, 2018 1:00:49 PM test.TestSouscriptionMultiExcel testCaseSouscriptionUserExist
GRAVE: org.openqa.selenium.ElementNotVisibleException   Element is not currently visible and so may not be interacted with
Command duration or timeout: 0 milliseconds
janv. 10, 2018 1:00:49 PM test.TestSouscriptionMultiExcel testCaseSouscriptionUserExist
INFOS: Execute Souscription for :
{firstname=Jean , Postal Code=SW1A 2AA, Card number=4917610000000000, confirm password=JSK-man?, City=London, phone number=448006891001, Security number=345, lastname=Renaud, Brand=Audi, password=JSK-man?, Property number / Name=33, Vehicle Insurance Date=dim., 02 05 00:00:00 2017, Expiry date=sam., 08 01 00:00:00 2020, Registration=BJ82 TBS, Model=A6 IV, Street=avenue du pavé neuf, Country=United Kingdom, VIN=WBAWR3C55AP462424, date of birth=jeu., 03 02 00:00:00 2017, email=jeanrenauld@mailinator.com}

janv. 10, 2018 1:01:54 PM test.TestSouscriptionMultiExcel testCaseSouscriptionUserExist
GRAVE: org.openqa.selenium.ElementNotVisibleException   Element is not currently visible and so may not be interacted with
Command duration or timeout: 0 milliseconds
janv. 10, 2018 1:01:55 PM test.TestSouscriptionMultiExcel testCaseSouscriptionUserExist
INFOS: Execute Souscription for :
{firstname=Neil, Postal Code=SW1A 2AB, Card number=4917610000000000, confirm password=Yno#wcu8, City=London, phone number=448006891002, Security number=345, lastname=Denver, Brand=Audi, password=Yno#wcu8, Property number / Name=34, Vehicle Insurance Date=dim., 03 05 00:00:00 2017, Expiry date=sam., 08 01 00:00:00 2020, Registration=BJ83 TBS, Model=A6 IV, Street=avenue du pavé neuf, Country=United Kingdom, VIN=1GCHG35C881135218, date of birth=jeu., 03 03 00:00:00 1955, email=neildenver@mailinator.com}

janv. 10, 2018 1:03:01 PM test.TestSouscriptionMultiExcel testCaseSouscriptionUserExist
GRAVE: org.openqa.selenium.ElementNotVisibleException   Element is not currently visible and so may not be interacted with
Command duration or timeout: 0 milliseconds
janv. 10, 2018 1:07:40 PM test.TestSouscriptionMultiExcel testCaseSouscriptionUserExist
INFOS: Execute Souscription for :
{firstname=Robert, Postal Code=SW1A 1AA, Card number=4917610000000000, confirm password=Ps1960m+, City=London, phone number=448006891000, Security number=547, lastname=Lavoisier, Brand=Audi, password=Ps1960m+, Property number / Name=32, Vehicle Insurance Date=jeu., 01 05 00:00:00 2017, Expiry date=mer., 07 01 00:00:00 2020, Registration=BJ81 TBS, Model=A6 IV, Street=avenue du pavé neuf, Country=United Kingdom, VIN=1GCHG35C881135218, date of birth=lun., 11 05 00:00:00 1990, email=robertlavoisier@mailinator.com}

janv. 10, 2018 1:23:59 PM test.TestSouscriptionMultiExcel testCaseSouscriptionUserExist
GRAVE: org.openqa.selenium.ElementNotVisibleException   Element is not currently visible and so may not be interacted with
Command duration or timeout: 0 milliseconds
janv. 10, 2018 1:23:59 PM test.TestSouscriptionMultiExcel testCaseSouscriptionUserExist
INFOS: Execute Souscription for :
{firstname=Jean , Postal Code=SW1A 2AA, Card number=4917610000000000, confirm password=JSK-man?, City=London, phone number=448006891001, Security number=345, lastname=Renaud, Brand=Audi, password=JSK-man?, Property number / Name=33, Vehicle Insurance Date=dim., 02 05 00:00:00 2017, Expiry date=sam., 08 01 00:00:00 2020, Registration=BJ82 TBS, Model=A6 IV, Street=avenue du pavé neuf, Country=United Kingdom, VIN=WBAWR3C55AP462424, date of birth=jeu., 03 02 00:00:00 2017, email=jeanrenauld@mailinator.com}

janv. 10, 2018 1:28:04 PM test.TestSouscriptionMultiExcel testCaseSouscriptionUserExist
GRAVE: org.openqa.selenium.ElementNotVisibleException   Element is not currently visible and so may not be interacted with
Command duration or timeout: 0 milliseconds
janv. 10, 2018 1:28:05 PM test.TestSouscriptionMultiExcel testCaseSouscriptionUserExist
INFOS: Execute Souscription for :
{firstname=Neil, Postal Code=SW1A 2AB, Card number=4917610000000000, confirm password=Yno#wcu8, City=London, phone number=448006891002, Security number=345, lastname=Denver, Brand=Audi, password=Yno#wcu8, Property number / Name=34, Vehicle Insurance Date=dim., 03 05 00:00:00 2017, Expiry date=sam., 08 01 00:00:00 2020, Registration=BJ83 TBS, Model=A6 IV, Street=avenue du pavé neuf, Country=United Kingdom, VIN=1GCHG35C881135218, date of birth=jeu., 03 03 00:00:00 1955, email=neildenver@mailinator.com}

janv. 10, 2018 1:32:17 PM test.TestSouscriptionMultiExcel testCaseSouscriptionUserExist
GRAVE: org.openqa.selenium.ElementNotVisibleException   Element is not currently visible and so may not be interacted with
Command duration or timeout: 0 milliseconds
janv. 10, 2018 2:18:27 PM test.TestSouscriptionMultiExcel testCaseSouscriptionUserExist
INFOS: Execute Souscription for :
{firstname=Robert, Postal Code=SW1A 1AA, Card number=4917610000000000, confirm password=Ps1960m+, City=London, phone number=448006891000, Security number=547, lastname=Lavoisier, Brand=Audi, password=Ps1960m+, Property number / Name=32, Vehicle Insurance Date=jeu., 01 05 00:00:00 2017, Expiry date=mer., 07 01 00:00:00 2020, Registration=BJ81 TBS, Model=A6 IV, Street=avenue du pavé neuf, Country=United Kingdom, VIN=1GCHG35C881135218, date of birth=lun., 11 05 00:00:00 1990, email=robertlavoisier@mailinator.com}

janv. 10, 2018 2:34:49 PM test.TestSouscriptionMultiExcel testCaseSouscriptionUserExist
GRAVE: org.openqa.selenium.ElementNotVisibleException   Element is not currently visible and so may not be interacted with
Command duration or timeout: 0 milliseconds
janv. 10, 2018 2:34:50 PM test.TestSouscriptionMultiExcel testCaseSouscriptionUserExist
INFOS: Execute Souscription for :
{firstname=Jean , Postal Code=SW1A 2AA, Card number=4917610000000000, confirm password=JSK-man?, City=London, phone number=448006891001, Security number=345, lastname=Renaud, Brand=Audi, password=JSK-man?, Property number / Name=33, Vehicle Insurance Date=dim., 02 05 00:00:00 2017, Expiry date=sam., 08 01 00:00:00 2020, Registration=BJ82 TBS, Model=A6 IV, Street=avenue du pavé neuf, Country=United Kingdom, VIN=WBAWR3C55AP462424, date of birth=jeu., 03 02 00:00:00 2017, email=jeanrenauld@mailinator.com}

janv. 10, 2018 2:38:55 PM test.TestSouscriptionMultiExcel testCaseSouscriptionUserExist
GRAVE: org.openqa.selenium.ElementNotVisibleException   Element is not currently visible and so may not be interacted with
Command duration or timeout: 0 milliseconds
janv. 10, 2018 2:38:56 PM test.TestSouscriptionMultiExcel testCaseSouscriptionUserExist
INFOS: Execute Souscription for :
{firstname=Neil, Postal Code=SW1A 2AB, Card number=4917610000000000, confirm password=Yno#wcu8, City=London, phone number=448006891002, Security number=345, lastname=Denver, Brand=Audi, password=Yno#wcu8, Property number / Name=34, Vehicle Insurance Date=dim., 03 05 00:00:00 2017, Expiry date=sam., 08 01 00:00:00 2020, Registration=BJ83 TBS, Model=A6 IV, Street=avenue du pavé neuf, Country=United Kingdom, VIN=1GCHG35C881135218, date of birth=jeu., 03 03 00:00:00 1955, email=neildenver@mailinator.com}

janv. 10, 2018 2:42:17 PM test.TestSouscriptionMultiExcel testCaseSouscriptionUserExist
INFOS: Execute Souscription for :
{firstname=Robert, Postal Code=SW1A 1AA, Card number=4917610000000000, confirm password=Ps1960m+, City=London, phone number=448006891000, Security number=547, lastname=Lavoisier, Brand=Audi, password=Ps1960m+, Property number / Name=32, Vehicle Insurance Date=jeu., 01 05 00:00:00 2017, Expiry date=mer., 07 01 00:00:00 2020, Registration=BJ81 TBS, Model=A6 IV, Street=avenue du pavé neuf, Country=United Kingdom, VIN=1GCHG35C881135218, date of birth=lun., 11 05 00:00:00 1990, email=robertlavoisier@mailinator.com}

janv. 10, 2018 2:54:14 PM test.TestSouscriptionMultiExcel testCaseSouscriptionUserExist
INFOS: Execute Souscription for :
{firstname=Robert, Postal Code=SW1A 1AA, Card number=4917610000000000, confirm password=Ps1960m+, City=London, phone number=448006891000, Security number=547, lastname=Lavoisier, Brand=Audi, password=Ps1960m+, Property number / Name=32, Vehicle Insurance Date=jeu., 01 05 00:00:00 2017, Expiry date=mer., 07 01 00:00:00 2020, Registration=BJ81 TBS, Model=A6 IV, Street=avenue du pavé neuf, Country=United Kingdom, VIN=1GCHG35C881135218, date of birth=lun., 11 05 00:00:00 1990, email=robertlavoisier@mailinator.com}

janv. 10, 2018 3:11:31 PM test.TestSouscriptionMultiExcel testCaseSouscriptionUserExist
INFOS: Execute Souscription for :
{firstname=Robert, Postal Code=SW1A 1AA, Card number=4917610000000000, confirm password=Ps1960m+, City=London, phone number=448006891000, Security number=547, lastname=Lavoisier, Brand=Audi, password=Ps1960m+, Property number / Name=32, Vehicle Insurance Date=jeu., 01 05 00:00:00 2017, Expiry date=mer., 07 01 00:00:00 2020, Registration=BJ81 TBS, Model=A6 IV, Street=avenue du pavé neuf, Country=United Kingdom, VIN=1GCHG35C881135218, date of birth=lun., 11 05 00:00:00 1990, email=robertlavoisier@mailinator.com}

janv. 10, 2018 3:13:15 PM test.TestSouscriptionMultiExcel testCaseSouscriptionUserExist
GRAVE: org.openqa.selenium.ElementNotVisibleException   Element is not currently visible and so may not be interacted with
Command duration or timeout: 0 milliseconds
janv. 10, 2018 3:13:15 PM test.TestSouscriptionMultiExcel testCaseSouscriptionUserExist
INFOS: Execute Souscription for :
{firstname=Jean , Postal Code=SW1A 2AA, Card number=4917610000000000, confirm password=JSK-man?, City=London, phone number=448006891001, Security number=345, lastname=Renaud, Brand=Audi, password=JSK-man?, Property number / Name=33, Vehicle Insurance Date=dim., 02 05 00:00:00 2017, Expiry date=sam., 08 01 00:00:00 2020, Registration=BJ82 TBS, Model=A6 IV, Street=avenue du pavé neuf, Country=United Kingdom, VIN=WBAWR3C55AP462424, date of birth=jeu., 03 02 00:00:00 2017, email=jeanrenauld@mailinator.com}

janv. 10, 2018 3:13:30 PM test.TestSouscriptionMultiExcel testCaseSouscriptionUserExist
GRAVE: org.openqa.selenium.WebDriverException   org.apache.http.conn.HttpHostConnectException: Connect to localhost:26864 [localhost/127.0.0.1, localhost/0:0:0:0:0:0:0:1] failed: Connection refused: connect
Build info: version: '3.8.1', revision: '6e95a6684b', time: '2017-12-01T18:33:54.468Z'
System info: host: 'CSCFRAAG971566', ip: '10.3.7.88', os.name: 'Windows 10', os.arch: 'amd64', os.version: '10.0', java.version: '1.8.0_131'
Driver info: driver.version: RemoteWebDriver
janv. 10, 2018 3:15:53 PM test.TestSouscriptionMultiExcel testCaseSouscriptionUserExist
INFOS: Execute Souscription for :
{firstname=Robert, Postal Code=SW1A 1AA, Card number=4917610000000000, confirm password=Ps1960m+, City=London, phone number=448006891000, Security number=547, lastname=Lavoisier, Brand=Audi, password=Ps1960m+, Property number / Name=32, Vehicle Insurance Date=jeu., 01 05 00:00:00 2017, Expiry date=mer., 07 01 00:00:00 2020, Registration=BJ81 TBS, Model=A6 IV, Street=avenue du pavé neuf, Country=United Kingdom, VIN=1GCHG35C881135218, date of birth=lun., 11 05 00:00:00 1990, email=robertlavoisier@mailinator.com}

janv. 10, 2018 3:17:34 PM test.TestSouscriptionMultiExcel testCaseSouscriptionUserExist
GRAVE: org.openqa.selenium.ElementNotVisibleException   Element is not currently visible and so may not be interacted with
Command duration or timeout: 0 milliseconds
janv. 10, 2018 3:17:34 PM test.TestSouscriptionMultiExcel testCaseSouscriptionUserExist
INFOS: Execute Souscription for :
{firstname=Jean , Postal Code=SW1A 2AA, Card number=4917610000000000, confirm password=JSK-man?, City=London, phone number=448006891001, Security number=345, lastname=Renaud, Brand=Audi, password=JSK-man?, Property number / Name=33, Vehicle Insurance Date=dim., 02 05 00:00:00 2017, Expiry date=sam., 08 01 00:00:00 2020, Registration=BJ82 TBS, Model=A6 IV, Street=avenue du pavé neuf, Country=United Kingdom, VIN=WBAWR3C55AP462424, date of birth=jeu., 03 02 00:00:00 2017, email=jeanrenauld@mailinator.com}

janv. 10, 2018 3:17:43 PM test.TestSouscriptionMultiExcel testCaseSouscriptionUserExist
GRAVE: org.openqa.selenium.WebDriverException   org.apache.http.conn.HttpHostConnectException: Connect to localhost:34775 [localhost/127.0.0.1, localhost/0:0:0:0:0:0:0:1] failed: Connection refused: connect
Build info: version: '3.8.1', revision: '6e95a6684b', time: '2017-12-01T18:33:54.468Z'
System info: host: 'CSCFRAAG971566', ip: '10.3.7.88', os.name: 'Windows 10', os.arch: 'amd64', os.version: '10.0', java.version: '1.8.0_131'
Driver info: driver.version: RemoteWebDriver
janv. 10, 2018 3:19:42 PM test.TestSouscriptionMultiExcel testCaseSouscriptionUserExist
INFOS: Execute Souscription for :
{firstname=Robert, Postal Code=SW1A 1AA, Card number=4917610000000000, confirm password=Ps1960m+, City=London, phone number=448006891000, Security number=547, lastname=Lavoisier, Brand=Audi, password=Ps1960m+, Property number / Name=32, Vehicle Insurance Date=jeu., 01 05 00:00:00 2017, Expiry date=mer., 07 01 00:00:00 2020, Registration=BJ81 TBS, Model=A6 IV, Street=avenue du pavé neuf, Country=United Kingdom, VIN=1GCHG35C881135218, date of birth=lun., 11 05 00:00:00 1990, email=robertlavoisier@mailinator.com}

janv. 10, 2018 3:21:24 PM test.TestSouscriptionMultiExcel testCaseSouscriptionUserExist
GRAVE: org.openqa.selenium.ElementNotVisibleException   Element is not currently visible and so may not be interacted with
Command duration or timeout: 0 milliseconds
janv. 10, 2018 3:21:24 PM test.TestSouscriptionMultiExcel testCaseSouscriptionUserExist
INFOS: Execute Souscription for :
{firstname=Jean , Postal Code=SW1A 2AA, Card number=4917610000000000, confirm password=JSK-man?, City=London, phone number=448006891001, Security number=345, lastname=Renaud, Brand=Audi, password=JSK-man?, Property number / Name=33, Vehicle Insurance Date=dim., 02 05 00:00:00 2017, Expiry date=sam., 08 01 00:00:00 2020, Registration=BJ82 TBS, Model=A6 IV, Street=avenue du pavé neuf, Country=United Kingdom, VIN=WBAWR3C55AP462424, date of birth=jeu., 03 02 00:00:00 2017, email=jeanrenauld@mailinator.com}

janv. 10, 2018 3:21:51 PM test.TestSouscriptionMultiExcel testCaseSouscriptionUserExist
GRAVE: org.openqa.selenium.ElementNotVisibleException   Element is not currently visible and so may not be interacted with
Command duration or timeout: 0 milliseconds
janv. 10, 2018 3:21:51 PM test.TestSouscriptionMultiExcel testCaseSouscriptionUserExist
INFOS: Execute Souscription for :
{firstname=Neil, Postal Code=SW1A 2AB, Card number=4917610000000000, confirm password=Yno#wcu8, City=London, phone number=448006891002, Security number=345, lastname=Denver, Brand=Audi, password=Yno#wcu8, Property number / Name=34, Vehicle Insurance Date=dim., 03 05 00:00:00 2017, Expiry date=sam., 08 01 00:00:00 2020, Registration=BJ83 TBS, Model=A6 IV, Street=avenue du pavé neuf, Country=United Kingdom, VIN=1GCHG35C881135218, date of birth=jeu., 03 03 00:00:00 1955, email=neildenver@mailinator.com}

janv. 10, 2018 3:22:19 PM test.TestSouscriptionMultiExcel testCaseSouscriptionUserExist
GRAVE: org.openqa.selenium.ElementNotVisibleException   Element is not currently visible and so may not be interacted with
Command duration or timeout: 0 milliseconds
janv. 10, 2018 3:23:49 PM test.TestSouscriptionMultiExcel testCaseSouscriptionUserExist
INFOS: Execute Souscription for :
{firstname=Robert, Postal Code=SW1A 1AA, Card number=4917610000000000, confirm password=Ps1960m+, City=London, phone number=448006891000, Security number=547, lastname=Lavoisier, Brand=Audi, password=Ps1960m+, Property number / Name=32, Vehicle Insurance Date=jeu., 01 05 00:00:00 2017, Expiry date=mer., 07 01 00:00:00 2020, Registration=BJ81 TBS, Model=A6 IV, Street=avenue du pavé neuf, Country=United Kingdom, VIN=1GCHG35C881135218, date of birth=lun., 11 05 00:00:00 1990, email=robertlavoisier@mailinator.com}

janv. 10, 2018 3:25:29 PM test.TestSouscriptionMultiExcel testCaseSouscriptionUserExist
GRAVE: org.openqa.selenium.ElementNotVisibleException   Element is not currently visible and so may not be interacted with
Command duration or timeout: 0 milliseconds
janv. 10, 2018 3:25:29 PM test.TestSouscriptionMultiExcel testCaseSouscriptionUserExist
INFOS: Execute Souscription for :
{firstname=Jean , Postal Code=SW1A 2AA, Card number=4917610000000000, confirm password=JSK-man?, City=London, phone number=448006891001, Security number=345, lastname=Renaud, Brand=Audi, password=JSK-man?, Property number / Name=33, Vehicle Insurance Date=dim., 02 05 00:00:00 2017, Expiry date=sam., 08 01 00:00:00 2020, Registration=BJ82 TBS, Model=A6 IV, Street=avenue du pavé neuf, Country=United Kingdom, VIN=WBAWR3C55AP462424, date of birth=jeu., 03 02 00:00:00 2017, email=jeanrenauld@mailinator.com}

janv. 10, 2018 3:25:55 PM test.TestSouscriptionMultiExcel testCaseSouscriptionUserExist
GRAVE: org.openqa.selenium.ElementNotVisibleException   Element is not currently visible and so may not be interacted with
Command duration or timeout: 0 milliseconds
janv. 10, 2018 3:25:55 PM test.TestSouscriptionMultiExcel testCaseSouscriptionUserExist
INFOS: Execute Souscription for :
{firstname=Neil, Postal Code=SW1A 2AB, Card number=4917610000000000, confirm password=Yno#wcu8, City=London, phone number=448006891002, Security number=345, lastname=Denver, Brand=Audi, password=Yno#wcu8, Property number / Name=34, Vehicle Insurance Date=dim., 03 05 00:00:00 2017, Expiry date=sam., 08 01 00:00:00 2020, Registration=BJ83 TBS, Model=A6 IV, Street=avenue du pavé neuf, Country=United Kingdom, VIN=1GCHG35C881135218, date of birth=jeu., 03 03 00:00:00 1955, email=neildenver@mailinator.com}

janv. 10, 2018 3:26:24 PM test.TestSouscriptionMultiExcel testCaseSouscriptionUserExist
GRAVE: org.openqa.selenium.ElementNotVisibleException   Element is not currently visible and so may not be interacted with
Command duration or timeout: 0 milliseconds
janv. 10, 2018 3:27:38 PM test.TestSouscriptionMultiExcel testCaseSouscriptionUserExist
INFOS: Execute Souscription for :
{firstname=Robert, Postal Code=SW1A 1AA, Card number=4917610000000000, confirm password=Ps1960m+, City=London, phone number=448006891000, Security number=547, lastname=Lavoisier, Brand=Audi, password=Ps1960m+, Property number / Name=32, Vehicle Insurance Date=jeu., 01 05 00:00:00 2017, Expiry date=mer., 07 01 00:00:00 2020, Registration=BJ81 TBS, Model=A6 IV, Street=avenue du pavé neuf, Country=United Kingdom, VIN=1GCHG35C881135218, date of birth=lun., 11 05 00:00:00 1990, email=robertlavoisier@mailinator.com}

janv. 10, 2018 3:29:21 PM test.TestSouscriptionMultiExcel testCaseSouscriptionUserExist
GRAVE: org.openqa.selenium.ElementNotVisibleException   Element is not currently visible and so may not be interacted with
Command duration or timeout: 0 milliseconds
janv. 10, 2018 3:29:21 PM test.TestSouscriptionMultiExcel testCaseSouscriptionUserExist
INFOS: Execute Souscription for :
{firstname=Jean , Postal Code=SW1A 2AA, Card number=4917610000000000, confirm password=JSK-man?, City=London, phone number=448006891001, Security number=345, lastname=Renaud, Brand=Audi, password=JSK-man?, Property number / Name=33, Vehicle Insurance Date=dim., 02 05 00:00:00 2017, Expiry date=sam., 08 01 00:00:00 2020, Registration=BJ82 TBS, Model=A6 IV, Street=avenue du pavé neuf, Country=United Kingdom, VIN=WBAWR3C55AP462424, date of birth=jeu., 03 02 00:00:00 2017, email=jeanrenauld@mailinator.com}

janv. 10, 2018 3:29:32 PM test.TestSouscriptionMultiExcel testCaseSouscriptionUserExist
GRAVE: org.openqa.selenium.WebDriverException   org.apache.http.conn.HttpHostConnectException: Connect to localhost:16028 [localhost/127.0.0.1, localhost/0:0:0:0:0:0:0:1] failed: Connection refused: connect
Build info: version: '3.8.1', revision: '6e95a6684b', time: '2017-12-01T18:33:54.468Z'
System info: host: 'CSCFRAAG971566', ip: '10.3.7.88', os.name: 'Windows 10', os.arch: 'amd64', os.version: '10.0', java.version: '1.8.0_131'
Driver info: driver.version: RemoteWebDriver
janv. 10, 2018 3:33:48 PM test.TestSouscriptionMultiExcel testCaseSouscriptionUserExist
INFOS: Execute Souscription for :
{firstname=Robert, Postal Code=SW1A 1AA, Card number=4917610000000000, confirm password=Ps1960m+, City=London, phone number=448006891000, Security number=547, lastname=Lavoisier, Brand=Audi, password=Ps1960m+, Property number / Name=32, Vehicle Insurance Date=jeu., 01 05 00:00:00 2017, Expiry date=mer., 07 01 00:00:00 2020, Registration=BJ81 TBS, Model=A6 IV, Street=avenue du pavé neuf, Country=United Kingdom, VIN=1GCHG35C881135218, date of birth=lun., 11 05 00:00:00 1990, email=robertlavoisier@mailinator.com}

janv. 10, 2018 3:35:27 PM test.TestSouscriptionMultiExcel testCaseSouscriptionUserExist
GRAVE: org.openqa.selenium.ElementNotVisibleException   Element is not currently visible and so may not be interacted with
Command duration or timeout: 0 milliseconds
janv. 10, 2018 3:35:27 PM test.TestSouscriptionMultiExcel testCaseSouscriptionUserExist
INFOS: Execute Souscription for :
{firstname=Jean , Postal Code=SW1A 2AA, Card number=4917610000000000, confirm password=JSK-man?, City=London, phone number=448006891001, Security number=345, lastname=Renaud, Brand=Audi, password=JSK-man?, Property number / Name=33, Vehicle Insurance Date=dim., 02 05 00:00:00 2017, Expiry date=sam., 08 01 00:00:00 2020, Registration=BJ82 TBS, Model=A6 IV, Street=avenue du pavé neuf, Country=United Kingdom, VIN=WBAWR3C55AP462424, date of birth=jeu., 03 02 00:00:00 2017, email=jeanrenauld@mailinator.com}

janv. 10, 2018 3:35:36 PM test.TestSouscriptionMultiExcel testCaseSouscriptionUserExist
GRAVE: org.openqa.selenium.WebDriverException   org.apache.http.conn.HttpHostConnectException: Connect to localhost:24747 [localhost/127.0.0.1, localhost/0:0:0:0:0:0:0:1] failed: Connection refused: connect
Build info: version: '3.8.1', revision: '6e95a6684b', time: '2017-12-01T18:33:54.468Z'
System info: host: 'CSCFRAAG971566', ip: '10.3.7.88', os.name: 'Windows 10', os.arch: 'amd64', os.version: '10.0', java.version: '1.8.0_131'
Driver info: driver.version: RemoteWebDriver
janv. 10, 2018 3:37:01 PM test.TestSouscriptionMultiExcel testCaseSouscriptionUserExist
INFOS: Execute Souscription for :
{firstname=Robert, Postal Code=SW1A 1AA, Card number=4917610000000000, confirm password=Ps1960m+, City=London, phone number=448006891000, Security number=547, lastname=Lavoisier, Brand=Audi, password=Ps1960m+, Property number / Name=32, Vehicle Insurance Date=jeu., 01 05 00:00:00 2017, Expiry date=mer., 07 01 00:00:00 2020, Registration=BJ81 TBS, Model=A6 IV, Street=avenue du pavé neuf, Country=United Kingdom, VIN=1GCHG35C881135218, date of birth=lun., 11 05 00:00:00 1990, email=robertlavoisier@mailinator.com}

janv. 10, 2018 3:38:44 PM test.TestSouscriptionMultiExcel testCaseSouscriptionUserExist
GRAVE: org.openqa.selenium.ElementNotVisibleException   Element is not currently visible and so may not be interacted with
Command duration or timeout: 0 milliseconds
janv. 10, 2018 3:38:45 PM test.TestSouscriptionMultiExcel testCaseSouscriptionUserExist
INFOS: Execute Souscription for :
{firstname=Jean , Postal Code=SW1A 2AA, Card number=4917610000000000, confirm password=JSK-man?, City=London, phone number=448006891001, Security number=345, lastname=Renaud, Brand=Audi, password=JSK-man?, Property number / Name=33, Vehicle Insurance Date=dim., 02 05 00:00:00 2017, Expiry date=sam., 08 01 00:00:00 2020, Registration=BJ82 TBS, Model=A6 IV, Street=avenue du pavé neuf, Country=United Kingdom, VIN=WBAWR3C55AP462424, date of birth=jeu., 03 02 00:00:00 2017, email=jeanrenauld@mailinator.com}

janv. 10, 2018 3:39:12 PM test.TestSouscriptionMultiExcel testCaseSouscriptionUserExist
GRAVE: org.openqa.selenium.ElementNotVisibleException   Element is not currently visible and so may not be interacted with
Command duration or timeout: 0 milliseconds
janv. 10, 2018 3:39:12 PM test.TestSouscriptionMultiExcel testCaseSouscriptionUserExist
INFOS: Execute Souscription for :
{firstname=Neil, Postal Code=SW1A 2AB, Card number=4917610000000000, confirm password=Yno#wcu8, City=London, phone number=448006891002, Security number=345, lastname=Denver, Brand=Audi, password=Yno#wcu8, Property number / Name=34, Vehicle Insurance Date=dim., 03 05 00:00:00 2017, Expiry date=sam., 08 01 00:00:00 2020, Registration=BJ83 TBS, Model=A6 IV, Street=avenue du pavé neuf, Country=United Kingdom, VIN=1GCHG35C881135218, date of birth=jeu., 03 03 00:00:00 1955, email=neildenver@mailinator.com}

janv. 10, 2018 3:39:23 PM test.TestSouscriptionMultiExcel testCaseSouscriptionUserExist
GRAVE: org.openqa.selenium.WebDriverException   org.apache.http.conn.HttpHostConnectException: Connect to localhost:20583 [localhost/127.0.0.1, localhost/0:0:0:0:0:0:0:1] failed: Connection refused: connect
Build info: version: '3.8.1', revision: '6e95a6684b', time: '2017-12-01T18:33:54.468Z'
System info: host: 'CSCFRAAG971566', ip: '10.3.7.88', os.name: 'Windows 10', os.arch: 'amd64', os.version: '10.0', java.version: '1.8.0_131'
Driver info: driver.version: RemoteWebDriver
janv. 10, 2018 3:42:02 PM test.TestSouscriptionMultiExcel testCaseSouscriptionUserExist
INFOS: Execute Souscription for :
{firstname=Robert, Postal Code=SW1A 1AA, Card number=4917610000000000, confirm password=Ps1960m+, City=London, phone number=448006891000, Security number=547, lastname=Lavoisier, Brand=Audi, password=Ps1960m+, Property number / Name=32, Vehicle Insurance Date=jeu., 01 05 00:00:00 2017, Expiry date=mer., 07 01 00:00:00 2020, Registration=BJ81 TBS, Model=A6 IV, Street=avenue du pavé neuf, Country=United Kingdom, VIN=1GCHG35C881135218, date of birth=lun., 11 05 00:00:00 1990, email=robertlavoisier@mailinator.com}

janv. 10, 2018 3:44:35 PM test.TestSouscriptionMultiExcel testCaseSouscriptionUserExist
GRAVE: org.openqa.selenium.TimeoutException   Expected condition failed: waiting for visibility of element located by By.id: dwfrm_billing_subscriptionInformation_vin (tried for 60 second(s) with 2 MILLISECONDS interval)
Build info: version: '3.8.1', revision: '6e95a6684b', time: '2017-12-01T18:33:54.468Z'
System info: host: 'CSCFRAAG971566', ip: '10.3.7.88', os.name: 'Windows 10', os.arch: 'amd64', os.version: '10.0', java.version: '1.8.0_131'
Driver info: driver.version: unknown
janv. 10, 2018 3:44:36 PM test.TestSouscriptionMultiExcel testCaseSouscriptionUserExist
INFOS: Execute Souscription for :
{firstname=Jean , Postal Code=SW1A 2AA, Card number=4917610000000000, confirm password=JSK-man?, City=London, phone number=448006891001, Security number=345, lastname=Renaud, Brand=Audi, password=JSK-man?, Property number / Name=33, Vehicle Insurance Date=dim., 02 05 00:00:00 2017, Expiry date=sam., 08 01 00:00:00 2020, Registration=BJ82 TBS, Model=A6 IV, Street=avenue du pavé neuf, Country=United Kingdom, VIN=WBAWR3C55AP462424, date of birth=jeu., 03 02 00:00:00 2017, email=jeanrenauld@mailinator.com}

janv. 10, 2018 3:44:42 PM test.TestSouscriptionMultiExcel testCaseSouscriptionUserExist
GRAVE: org.openqa.selenium.NoSuchWindowException   Window not found. The browser window may have been closed.
Command duration or timeout: 0 milliseconds
janv. 10, 2018 3:46:00 PM test.TestSouscriptionMultiExcel testCaseSouscriptionUserExist
INFOS: Execute Souscription for :
{firstname=Robert, Postal Code=SW1A 1AA, Card number=4917610000000000, confirm password=Ps1960m+, City=London, phone number=448006891000, Security number=547, lastname=Lavoisier, Brand=Audi, password=Ps1960m+, Property number / Name=32, Vehicle Insurance Date=jeu., 01 05 00:00:00 2017, Expiry date=mer., 07 01 00:00:00 2020, Registration=BJ81 TBS, Model=A6 IV, Street=avenue du pavé neuf, Country=United Kingdom, VIN=1GCHG35C881135218, date of birth=lun., 11 05 00:00:00 1990, email=robertlavoisier@mailinator.com}

janv. 10, 2018 3:50:47 PM test.TestSouscriptionMultiExcel testCaseSouscriptionUserExist
GRAVE: org.openqa.selenium.TimeoutException   Expected condition failed: waiting for visibility of element located by By.id: dwfrm_billing_subscriptionInformation_vin (tried for 60 second(s) with 2 MILLISECONDS interval)
Build info: version: '3.8.1', revision: '6e95a6684b', time: '2017-12-01T18:33:54.468Z'
System info: host: 'CSCFRAAG971566', ip: '10.3.7.88', os.name: 'Windows 10', os.arch: 'amd64', os.version: '10.0', java.version: '1.8.0_131'
Driver info: driver.version: unknown
janv. 10, 2018 3:50:47 PM test.TestSouscriptionMultiExcel testCaseSouscriptionUserExist
INFOS: Execute Souscription for :
{firstname=Jean , Postal Code=SW1A 2AA, Card number=4917610000000000, confirm password=JSK-man?, City=London, phone number=448006891001, Security number=345, lastname=Renaud, Brand=Audi, password=JSK-man?, Property number / Name=33, Vehicle Insurance Date=dim., 02 05 00:00:00 2017, Expiry date=sam., 08 01 00:00:00 2020, Registration=BJ82 TBS, Model=A6 IV, Street=avenue du pavé neuf, Country=United Kingdom, VIN=WBAWR3C55AP462424, date of birth=jeu., 03 02 00:00:00 2017, email=jeanrenauld@mailinator.com}

janv. 10, 2018 3:50:53 PM test.TestSouscriptionMultiExcel testCaseSouscriptionUserExist
GRAVE: org.openqa.selenium.NoSuchWindowException   Window not found. The browser window may have been closed.
Command duration or timeout: 0 milliseconds
janv. 10, 2018 4:20:41 PM test.TestSouscriptionMultiExcel testCaseSouscriptionUserExist
INFOS: Execute Souscription for :
{firstname=Robert, Postal Code=SW1A 1AA, Card number=4917610000000000, confirm password=Ps1960m+, City=London, phone number=448006891000, Security number=547, lastname=Lavoisier, Brand=Audi, password=Ps1960m+, Property number / Name=32, Vehicle Insurance Date=jeu., 01 05 00:00:00 2017, Expiry date=mer., 07 01 00:00:00 2020, Registration=BJ81 TBS, Model=A6 IV, Street=avenue du pavé neuf, Country=United Kingdom, VIN=1GCHG35C881135218, date of birth=lun., 11 05 00:00:00 1990, email=robertlavoisier@mailinator.com}

janv. 10, 2018 4:29:05 PM test.TestSouscriptionMultiExcel testCaseSouscriptionUserExist
GRAVE: org.openqa.selenium.TimeoutException   Expected condition failed: waiting for visibility of element located by By.id: dwfrm_billing_subscriptionInformation_vin (tried for 60 second(s) with 2 MILLISECONDS interval)
Build info: version: '3.8.1', revision: '6e95a6684b', time: '2017-12-01T18:33:54.468Z'
System info: host: 'CSCFRAAG971566', ip: '10.3.7.88', os.name: 'Windows 10', os.arch: 'amd64', os.version: '10.0', java.version: '1.8.0_131'
Driver info: driver.version: unknown
janv. 10, 2018 4:29:05 PM test.TestSouscriptionMultiExcel testCaseSouscriptionUserExist
INFOS: Execute Souscription for :
{firstname=Jean , Postal Code=SW1A 2AA, Card number=4917610000000000, confirm password=JSK-man?, City=London, phone number=448006891001, Security number=345, lastname=Renaud, Brand=Audi, password=JSK-man?, Property number / Name=33, Vehicle Insurance Date=dim., 02 05 00:00:00 2017, Expiry date=sam., 08 01 00:00:00 2020, Registration=BJ82 TBS, Model=A6 IV, Street=avenue du pavé neuf, Country=United Kingdom, VIN=WBAWR3C55AP462424, date of birth=jeu., 03 02 00:00:00 2017, email=jeanrenauld@mailinator.com}

janv. 10, 2018 4:31:15 PM test.TestSouscriptionMultiExcel testCaseSouscriptionUserExist
INFOS: Execute Souscription for :
{firstname=Robert, Postal Code=SW1A 1AA, Card number=4917610000000000, confirm password=Ps1960m+, City=London, phone number=448006891000, Security number=547, lastname=Lavoisier, Brand=Audi, password=Ps1960m+, Property number / Name=32, Vehicle Insurance Date=jeu., 01 05 00:00:00 2017, Expiry date=mer., 07 01 00:00:00 2020, Registration=BJ81 TBS, Model=A6 IV, Street=avenue du pavé neuf, Country=United Kingdom, VIN=1GCHG35C881135218, date of birth=lun., 11 05 00:00:00 1990, email=robertlavoisier@mailinator.com}

janv. 10, 2018 4:39:38 PM test.TestSouscriptionMultiExcel testCaseSouscriptionUserExist
GRAVE: org.openqa.selenium.NoSuchElementException   Unable to locate element: {"method":"id","selector":"dwfrm_billing_subscriptionInformation_vin"}
Command duration or timeout: 0 milliseconds
janv. 10, 2018 4:39:38 PM test.TestSouscriptionMultiExcel testCaseSouscriptionUserExist
INFOS: Execute Souscription for :
{firstname=Jean , Postal Code=SW1A 2AA, Card number=4917610000000000, confirm password=JSK-man?, City=London, phone number=448006891001, Security number=345, lastname=Renaud, Brand=Audi, password=JSK-man?, Property number / Name=33, Vehicle Insurance Date=dim., 02 05 00:00:00 2017, Expiry date=sam., 08 01 00:00:00 2020, Registration=BJ82 TBS, Model=A6 IV, Street=avenue du pavé neuf, Country=United Kingdom, VIN=WBAWR3C55AP462424, date of birth=jeu., 03 02 00:00:00 2017, email=jeanrenauld@mailinator.com}

janv. 10, 2018 4:41:45 PM test.TestSouscriptionMultiExcel testCaseSouscriptionUserExist
GRAVE: org.openqa.selenium.NoSuchElementException   Unable to locate element: {"method":"css selector","selector":"button.add-all-to-cart.product-0"}
Command duration or timeout: 0 milliseconds
janv. 10, 2018 4:41:45 PM test.TestSouscriptionMultiExcel testCaseSouscriptionUserExist
INFOS: Execute Souscription for :
{firstname=Neil, Postal Code=SW1A 2AB, Card number=4917610000000000, confirm password=Yno#wcu8, City=London, phone number=448006891002, Security number=345, lastname=Denver, Brand=Audi, password=Yno#wcu8, Property number / Name=34, Vehicle Insurance Date=dim., 03 05 00:00:00 2017, Expiry date=sam., 08 01 00:00:00 2020, Registration=BJ83 TBS, Model=A6 IV, Street=avenue du pavé neuf, Country=United Kingdom, VIN=1GCHG35C881135218, date of birth=jeu., 03 03 00:00:00 1955, email=neildenver@mailinator.com}

janv. 10, 2018 4:43:53 PM test.TestSouscriptionMultiExcel testCaseSouscriptionUserExist
GRAVE: org.openqa.selenium.ElementNotVisibleException   Element is not currently visible and so may not be interacted with
Command duration or timeout: 0 milliseconds
janv. 10, 2018 5:51:54 PM test.TestSouscriptionMultiExcel testCaseSouscriptionUserExist
INFOS: Execute Souscription for :
{firstname=Robert, Postal Code=SW1A 1AA, Card number=4917610000000000, confirm password=Ps1960m+, City=London, phone number=448006891000, Security number=547, lastname=Lavoisier, Brand=Audi, password=Ps1960m+, Property number / Name=32, Vehicle Insurance Date=jeu., 01 05 00:00:00 2017, Expiry date=mer., 07 01 00:00:00 2020, Registration=BJ81 TBS, Model=A6 IV, Street=avenue du pavé neuf, Country=United Kingdom, VIN=1GCHG35C881135218, date of birth=lun., 11 05 00:00:00 1990, email=robertlavoisier@mailinator.com}

janv. 10, 2018 5:59:17 PM test.TestSouscriptionMultiExcel testCaseSouscriptionUserExist
GRAVE: org.openqa.selenium.WebDriverException   Element <input class="input-checkbox checkbox required" id="dwfrm_billing_subscriptionInformation_agreeTerms" name="dwfrm_billing_subscriptionInformation_agreeTerms" value="true" aria-required="true" aria-describedby="dwfrm_billing_subscriptionInformation_agreeTerms-error" type="checkbox"> is not clickable at point (405.6166687011719, 112.94999694824219). Other element would receive the click: <td class=" ui-datepicker-week-end " data-handler="selectDay" data-event="click" data-month="0" data-year="2017"></td>
Command duration or timeout: 0 milliseconds
Build info: version: '3.8.1', revision: '6e95a6684b', time: '2017-12-01T18:33:54.468Z'
System info: host: 'CSCFRAAG971566', ip: '10.3.7.88', os.name: 'Windows 10', os.arch: 'amd64', os.version: '10.0', java.version: '1.8.0_131'
Driver info: org.openqa.selenium.firefox.FirefoxDriver
Capabilities {acceptSslCerts: true, applicationCacheEnabled: true, browserName: firefox, cssSelectorsEnabled: true, databaseEnabled: true, handlesAlerts: true, javascriptEnabled: true, locationContextEnabled: true, nativeEvents: false, platform: WINDOWS, platformName: WINDOWS, rotatable: false, takesScreenshot: true, version: 52.3.0, webStorageEnabled: true}
Session ID: 044330e4-ce07-486b-b1ba-8b6e58293c33
janv. 10, 2018 5:59:18 PM test.TestSouscriptionMultiExcel testCaseSouscriptionUserExist
INFOS: Execute Souscription for :
{firstname=Jean , Postal Code=SW1A 2AA, Card number=4917610000000000, confirm password=JSK-man?, City=London, phone number=448006891001, Security number=345, lastname=Renaud, Brand=Audi, password=JSK-man?, Property number / Name=33, Vehicle Insurance Date=dim., 02 05 00:00:00 2017, Expiry date=sam., 08 01 00:00:00 2020, Registration=BJ82 TBS, Model=A6 IV, Street=avenue du pavé neuf, Country=United Kingdom, VIN=WBAWR3C55AP462424, date of birth=jeu., 03 02 00:00:00 2017, email=jeanrenauld@mailinator.com}

janv. 10, 2018 6:01:24 PM test.TestSouscriptionMultiExcel testCaseSouscriptionUserExist
GRAVE: org.openqa.selenium.ElementNotVisibleException   Element is not currently visible and so may not be interacted with
Command duration or timeout: 0 milliseconds
janv. 10, 2018 6:01:24 PM test.TestSouscriptionMultiExcel testCaseSouscriptionUserExist
INFOS: Execute Souscription for :
{firstname=Neil, Postal Code=SW1A 2AB, Card number=4917610000000000, confirm password=Yno#wcu8, City=London, phone number=448006891002, Security number=345, lastname=Denver, Brand=Audi, password=Yno#wcu8, Property number / Name=34, Vehicle Insurance Date=dim., 03 05 00:00:00 2017, Expiry date=sam., 08 01 00:00:00 2020, Registration=BJ83 TBS, Model=A6 IV, Street=avenue du pavé neuf, Country=United Kingdom, VIN=1GCHG35C881135218, date of birth=jeu., 03 03 00:00:00 1955, email=neildenver@mailinator.com}

janv. 10, 2018 6:02:07 PM test.TestSouscriptionMultiExcel testCaseSouscriptionUserExist
GRAVE: org.openqa.selenium.WebDriverException   org.apache.http.conn.HttpHostConnectException: Connect to localhost:21387 [localhost/127.0.0.1, localhost/0:0:0:0:0:0:0:1] failed: Connection refused: connect
Build info: version: '3.8.1', revision: '6e95a6684b', time: '2017-12-01T18:33:54.468Z'
System info: host: 'CSCFRAAG971566', ip: '10.3.7.88', os.name: 'Windows 10', os.arch: 'amd64', os.version: '10.0', java.version: '1.8.0_131'
Driver info: driver.version: RemoteWebDriver
janv. 10, 2018 6:02:20 PM test.TestSouscriptionMultiExcel testCaseSouscriptionUserExist
INFOS: Execute Souscription for :
{firstname=Robert, Postal Code=SW1A 1AA, Card number=4917610000000000, confirm password=Ps1960m+, City=London, phone number=448006891000, Security number=547, lastname=Lavoisier, Brand=Audi, password=Ps1960m+, Property number / Name=32, Vehicle Insurance Date=jeu., 01 05 00:00:00 2017, Expiry date=mer., 07 01 00:00:00 2020, Registration=BJ81 TBS, Model=A6 IV, Street=avenue du pavé neuf, Country=United Kingdom, VIN=1GCHG35C881135218, date of birth=lun., 11 05 00:00:00 1990, email=robertlavoisier@mailinator.com}

janv. 10, 2018 6:09:42 PM test.TestSouscriptionMultiExcel testCaseSouscriptionUserExist
GRAVE: org.openqa.selenium.WebDriverException   Element <input class="input-checkbox checkbox required" id="dwfrm_billing_subscriptionInformation_agreeTerms" name="dwfrm_billing_subscriptionInformation_agreeTerms" value="true" aria-required="true" aria-describedby="dwfrm_billing_subscriptionInformation_agreeTerms-error" type="checkbox"> is not clickable at point (405.6166687011719, 112.94999694824219). Other element would receive the click: <td class=" ui-datepicker-week-end " data-handler="selectDay" data-event="click" data-month="0" data-year="2017"></td>
Command duration or timeout: 0 milliseconds
Build info: version: '3.8.1', revision: '6e95a6684b', time: '2017-12-01T18:33:54.468Z'
System info: host: 'CSCFRAAG971566', ip: '10.3.7.88', os.name: 'Windows 10', os.arch: 'amd64', os.version: '10.0', java.version: '1.8.0_131'
Driver info: org.openqa.selenium.firefox.FirefoxDriver
Capabilities {acceptSslCerts: true, applicationCacheEnabled: true, browserName: firefox, cssSelectorsEnabled: true, databaseEnabled: true, handlesAlerts: true, javascriptEnabled: true, locationContextEnabled: true, nativeEvents: false, platform: WINDOWS, platformName: WINDOWS, rotatable: false, takesScreenshot: true, version: 52.3.0, webStorageEnabled: true}
Session ID: 208395c5-5fda-4a83-94e8-5e319c65db81
janv. 10, 2018 6:09:43 PM test.TestSouscriptionMultiExcel testCaseSouscriptionUserExist
INFOS: Execute Souscription for :
{firstname=Jean , Postal Code=SW1A 2AA, Card number=4917610000000000, confirm password=JSK-man?, City=London, phone number=448006891001, Security number=345, lastname=Renaud, Brand=Audi, password=JSK-man?, Property number / Name=33, Vehicle Insurance Date=dim., 02 05 00:00:00 2017, Expiry date=sam., 08 01 00:00:00 2020, Registration=BJ82 TBS, Model=A6 IV, Street=avenue du pavé neuf, Country=United Kingdom, VIN=WBAWR3C55AP462424, date of birth=jeu., 03 02 00:00:00 2017, email=jeanrenauld@mailinator.com}

janv. 10, 2018 6:11:49 PM test.TestSouscriptionMultiExcel testCaseSouscriptionUserExist
GRAVE: org.openqa.selenium.ElementNotVisibleException   Element is not currently visible and so may not be interacted with
Command duration or timeout: 0 milliseconds
janv. 10, 2018 6:11:49 PM test.TestSouscriptionMultiExcel testCaseSouscriptionUserExist
INFOS: Execute Souscription for :
{firstname=Neil, Postal Code=SW1A 2AB, Card number=4917610000000000, confirm password=Yno#wcu8, City=London, phone number=448006891002, Security number=345, lastname=Denver, Brand=Audi, password=Yno#wcu8, Property number / Name=34, Vehicle Insurance Date=dim., 03 05 00:00:00 2017, Expiry date=sam., 08 01 00:00:00 2020, Registration=BJ83 TBS, Model=A6 IV, Street=avenue du pavé neuf, Country=United Kingdom, VIN=1GCHG35C881135218, date of birth=jeu., 03 03 00:00:00 1955, email=neildenver@mailinator.com}

janv. 10, 2018 6:13:56 PM test.TestSouscriptionMultiExcel testCaseSouscriptionUserExist
GRAVE: org.openqa.selenium.ElementNotVisibleException   Element is not currently visible and so may not be interacted with
Command duration or timeout: 0 milliseconds
janv. 10, 2018 6:19:13 PM test.TestSouscriptionMultiExcel testCaseSouscriptionUserExist
INFOS: Execute Souscription for :
{firstname=Robert, Postal Code=SW1A 1AA, Card number=4917610000000000, confirm password=Ps1960m+, City=London, phone number=448006891000, Security number=547, lastname=Lavoisier, Brand=Audi, password=Ps1960m+, Property number / Name=32, Vehicle Insurance Date=jeu., 01 05 00:00:00 2017, Expiry date=mer., 07 01 00:00:00 2020, Registration=BJ81 TBS, Model=A6 IV, Street=avenue du pavé neuf, Country=United Kingdom, VIN=1GCHG35C881135218, date of birth=lun., 11 05 00:00:00 1990, email=robertlavoisier@mailinator.com}

janv. 10, 2018 6:26:31 PM test.TestSouscriptionMultiExcel testCaseSouscriptionUserExist
GRAVE: org.openqa.selenium.WebDriverException   Element <input class="input-checkbox checkbox required" id="dwfrm_billing_subscriptionInformation_agreeTerms" name="dwfrm_billing_subscriptionInformation_agreeTerms" value="true" aria-required="true" aria-describedby="dwfrm_billing_subscriptionInformation_agreeTerms-error" type="checkbox"> is not clickable at point (405.6166687011719, 112.94999694824219). Other element would receive the click: <td class=" ui-datepicker-week-end " data-handler="selectDay" data-event="click" data-month="0" data-year="2017"></td>
Command duration or timeout: 0 milliseconds
Build info: version: '3.8.1', revision: '6e95a6684b', time: '2017-12-01T18:33:54.468Z'
System info: host: 'CSCFRAAG971566', ip: '10.3.7.88', os.name: 'Windows 10', os.arch: 'amd64', os.version: '10.0', java.version: '1.8.0_131'
Driver info: org.openqa.selenium.firefox.FirefoxDriver
Capabilities {acceptSslCerts: true, applicationCacheEnabled: true, browserName: firefox, cssSelectorsEnabled: true, databaseEnabled: true, handlesAlerts: true, javascriptEnabled: true, locationContextEnabled: true, nativeEvents: false, platform: WINDOWS, platformName: WINDOWS, rotatable: false, takesScreenshot: true, version: 52.3.0, webStorageEnabled: true}
Session ID: adc9524a-41e9-47db-9bd5-7e566d683af5
janv. 10, 2018 6:26:31 PM test.TestSouscriptionMultiExcel testCaseSouscriptionUserExist
INFOS: Execute Souscription for :
{firstname=Jean , Postal Code=SW1A 2AA, Card number=4917610000000000, confirm password=JSK-man?, City=London, phone number=448006891001, Security number=345, lastname=Renaud, Brand=Audi, password=JSK-man?, Property number / Name=33, Vehicle Insurance Date=dim., 02 05 00:00:00 2017, Expiry date=sam., 08 01 00:00:00 2020, Registration=BJ82 TBS, Model=A6 IV, Street=avenue du pavé neuf, Country=United Kingdom, VIN=WBAWR3C55AP462424, date of birth=jeu., 03 02 00:00:00 2017, email=jeanrenauld@mailinator.com}

janv. 10, 2018 6:28:27 PM test.TestSouscriptionMultiExcel testCaseSouscriptionUserExist
INFOS: Execute Souscription for :
{firstname=Robert, Postal Code=SW1A 1AA, Card number=4917610000000000, confirm password=Ps1960m+, City=London, phone number=448006891000, Security number=547, lastname=Lavoisier, Brand=Audi, password=Ps1960m+, Property number / Name=32, Vehicle Insurance Date=jeu., 01 05 00:00:00 2017, Expiry date=mer., 07 01 00:00:00 2020, Registration=BJ81 TBS, Model=A6 IV, Street=avenue du pavé neuf, Country=United Kingdom, VIN=1GCHG35C881135218, date of birth=lun., 11 05 00:00:00 1990, email=robertlavoisier@mailinator.com}

janv. 10, 2018 6:35:45 PM test.TestSouscriptionMultiExcel testCaseSouscriptionUserExist
GRAVE: org.openqa.selenium.WebDriverException   Element <input class="input-checkbox checkbox required" id="dwfrm_billing_subscriptionInformation_agreeTerms" name="dwfrm_billing_subscriptionInformation_agreeTerms" value="true" aria-required="true" aria-describedby="dwfrm_billing_subscriptionInformation_agreeTerms-error" type="checkbox"> is not clickable at point (405.6166687011719, 112.94999694824219). Other element would receive the click: <td class=" ui-datepicker-week-end " data-handler="selectDay" data-event="click" data-month="0" data-year="2017"></td>
Command duration or timeout: 0 milliseconds
Build info: version: '3.8.1', revision: '6e95a6684b', time: '2017-12-01T18:33:54.468Z'
System info: host: 'CSCFRAAG971566', ip: '10.3.7.88', os.name: 'Windows 10', os.arch: 'amd64', os.version: '10.0', java.version: '1.8.0_131'
Driver info: org.openqa.selenium.firefox.FirefoxDriver
Capabilities {acceptSslCerts: true, applicationCacheEnabled: true, browserName: firefox, cssSelectorsEnabled: true, databaseEnabled: true, handlesAlerts: true, javascriptEnabled: true, locationContextEnabled: true, nativeEvents: false, platform: WINDOWS, platformName: WINDOWS, rotatable: false, takesScreenshot: true, version: 52.3.0, webStorageEnabled: true}
Session ID: bbc4d0a6-64dc-481a-acc7-d9b97df7c16f
janv. 10, 2018 6:35:45 PM test.TestSouscriptionMultiExcel testCaseSouscriptionUserExist
INFOS: Execute Souscription for :
{firstname=Jean , Postal Code=SW1A 2AA, Card number=4917610000000000, confirm password=JSK-man?, City=London, phone number=448006891001, Security number=345, lastname=Renaud, Brand=Audi, password=JSK-man?, Property number / Name=33, Vehicle Insurance Date=dim., 02 05 00:00:00 2017, Expiry date=sam., 08 01 00:00:00 2020, Registration=BJ82 TBS, Model=A6 IV, Street=avenue du pavé neuf, Country=United Kingdom, VIN=WBAWR3C55AP462424, date of birth=jeu., 03 02 00:00:00 2017, email=jeanrenauld@mailinator.com}

janv. 10, 2018 6:38:10 PM test.TestSouscriptionMultiExcel testCaseSouscriptionUserExist
GRAVE: org.openqa.selenium.NoSuchElementException   Unable to locate element: {"method":"xpath","selector":"//form[@id='dwfrm_login']/fieldset/div/div/input"}
Command duration or timeout: 0 milliseconds
janv. 10, 2018 6:38:11 PM test.TestSouscriptionMultiExcel testCaseSouscriptionUserExist
INFOS: Execute Souscription for :
{firstname=Neil, Postal Code=SW1A 2AB, Card number=4917610000000000, confirm password=Yno#wcu8, City=London, phone number=448006891002, Security number=345, lastname=Denver, Brand=Audi, password=Yno#wcu8, Property number / Name=34, Vehicle Insurance Date=dim., 03 05 00:00:00 2017, Expiry date=sam., 08 01 00:00:00 2020, Registration=BJ83 TBS, Model=A6 IV, Street=avenue du pavé neuf, Country=United Kingdom, VIN=1GCHG35C881135218, date of birth=jeu., 03 03 00:00:00 1955, email=neildenver@mailinator.com}

janv. 10, 2018 6:40:14 PM test.TestSouscriptionMultiExcel testCaseSouscriptionUserExist
INFOS: Execute Souscription for :
{firstname=Robert, Postal Code=SW1A 1AA, Card number=4917610000000000, confirm password=Ps1960m+, City=London, phone number=448006891000, Security number=547, lastname=Lavoisier, Brand=Audi, password=Ps1960m+, Property number / Name=32, Vehicle Insurance Date=jeu., 01 05 00:00:00 2017, Expiry date=mer., 07 01 00:00:00 2020, Registration=BJ81 TBS, Model=A6 IV, Street=avenue du pavé neuf, Country=United Kingdom, VIN=1GCHG35C881135218, date of birth=lun., 11 05 00:00:00 1990, email=robertlavoisier@mailinator.com}

janv. 10, 2018 6:47:35 PM test.TestSouscriptionMultiExcel testCaseSouscriptionUserExist
GRAVE: org.openqa.selenium.WebDriverException   Element <input class="input-checkbox checkbox required" id="dwfrm_billing_subscriptionInformation_agreeTerms" name="dwfrm_billing_subscriptionInformation_agreeTerms" value="true" aria-required="true" aria-describedby="dwfrm_billing_subscriptionInformation_agreeTerms-error" type="checkbox"> is not clickable at point (405.6166687011719, 112.94999694824219). Other element would receive the click: <td class=" ui-datepicker-week-end " data-handler="selectDay" data-event="click" data-month="0" data-year="2017"></td>
Command duration or timeout: 0 milliseconds
Build info: version: '3.8.1', revision: '6e95a6684b', time: '2017-12-01T18:33:54.468Z'
System info: host: 'CSCFRAAG971566', ip: '10.3.7.88', os.name: 'Windows 10', os.arch: 'amd64', os.version: '10.0', java.version: '1.8.0_131'
Driver info: org.openqa.selenium.firefox.FirefoxDriver
Capabilities {acceptSslCerts: true, applicationCacheEnabled: true, browserName: firefox, cssSelectorsEnabled: true, databaseEnabled: true, handlesAlerts: true, javascriptEnabled: true, locationContextEnabled: true, nativeEvents: false, platform: WINDOWS, platformName: WINDOWS, rotatable: false, takesScreenshot: true, version: 52.3.0, webStorageEnabled: true}
Session ID: b44d7737-a8de-4bd0-bb23-8b626dbd7eb4
janv. 10, 2018 6:47:35 PM test.TestSouscriptionMultiExcel testCaseSouscriptionUserExist
INFOS: Execute Souscription for :
{firstname=Jean , Postal Code=SW1A 2AA, Card number=4917610000000000, confirm password=JSK-man?, City=London, phone number=448006891001, Security number=345, lastname=Renaud, Brand=Audi, password=JSK-man?, Property number / Name=33, Vehicle Insurance Date=dim., 02 05 00:00:00 2017, Expiry date=sam., 08 01 00:00:00 2020, Registration=BJ82 TBS, Model=A6 IV, Street=avenue du pavé neuf, Country=United Kingdom, VIN=WBAWR3C55AP462424, date of birth=jeu., 03 02 00:00:00 2017, email=jeanrenauld@mailinator.com}

janv. 10, 2018 6:48:42 PM test.TestSouscriptionMultiExcel testCaseSouscriptionUserExist
INFOS: Execute Souscription for :
{firstname=Robert, Postal Code=SW1A 1AA, Card number=4917610000000000, confirm password=Ps1960m+, City=London, phone number=448006891000, Security number=547, lastname=Lavoisier, Brand=Audi, password=Ps1960m+, Property number / Name=32, Vehicle Insurance Date=jeu., 01 05 00:00:00 2017, Expiry date=mer., 07 01 00:00:00 2020, Registration=BJ81 TBS, Model=A6 IV, Street=avenue du pavé neuf, Country=United Kingdom, VIN=1GCHG35C881135218, date of birth=lun., 11 05 00:00:00 1990, email=robertlavoisier@mailinator.com}

janv. 10, 2018 6:56:02 PM test.TestSouscriptionMultiExcel testCaseSouscriptionUserExist
GRAVE: org.openqa.selenium.WebDriverException   Element <input class="input-checkbox checkbox required" id="dwfrm_billing_subscriptionInformation_agreeTerms" name="dwfrm_billing_subscriptionInformation_agreeTerms" value="true" aria-required="true" aria-describedby="dwfrm_billing_subscriptionInformation_agreeTerms-error" type="checkbox"> is not clickable at point (405.6166687011719, 112.94999694824219). Other element would receive the click: <td class=" ui-datepicker-week-end " data-handler="selectDay" data-event="click" data-month="0" data-year="2017"></td>
Command duration or timeout: 0 milliseconds
Build info: version: '3.8.1', revision: '6e95a6684b', time: '2017-12-01T18:33:54.468Z'
System info: host: 'CSCFRAAG971566', ip: '10.3.7.88', os.name: 'Windows 10', os.arch: 'amd64', os.version: '10.0', java.version: '1.8.0_131'
Driver info: org.openqa.selenium.firefox.FirefoxDriver
Capabilities {acceptSslCerts: true, applicationCacheEnabled: true, browserName: firefox, cssSelectorsEnabled: true, databaseEnabled: true, handlesAlerts: true, javascriptEnabled: true, locationContextEnabled: true, nativeEvents: false, platform: WINDOWS, platformName: WINDOWS, rotatable: false, takesScreenshot: true, version: 52.3.0, webStorageEnabled: true}
Session ID: 6e479872-0f85-4974-bd17-68e00cf9f854
janv. 10, 2018 6:56:03 PM test.TestSouscriptionMultiExcel testCaseSouscriptionUserExist
INFOS: Execute Souscription for :
{firstname=Jean , Postal Code=SW1A 2AA, Card number=4917610000000000, confirm password=JSK-man?, City=London, phone number=448006891001, Security number=345, lastname=Renaud, Brand=Audi, password=JSK-man?, Property number / Name=33, Vehicle Insurance Date=dim., 02 05 00:00:00 2017, Expiry date=sam., 08 01 00:00:00 2020, Registration=BJ82 TBS, Model=A6 IV, Street=avenue du pavé neuf, Country=United Kingdom, VIN=WBAWR3C55AP462424, date of birth=jeu., 03 02 00:00:00 2017, email=jeanrenauld@mailinator.com}

janv. 10, 2018 6:57:33 PM test.TestSouscriptionMultiExcel testCaseSouscriptionUserExist
INFOS: Execute Souscription for :
{firstname=Robert, Postal Code=SW1A 1AA, Card number=4917610000000000, confirm password=Ps1960m+, City=London, phone number=448006891000, Security number=547, lastname=Lavoisier, Brand=Audi, password=Ps1960m+, Property number / Name=32, Vehicle Insurance Date=jeu., 01 05 00:00:00 2017, Expiry date=mer., 07 01 00:00:00 2020, Registration=BJ81 TBS, Model=A6 IV, Street=avenue du pavé neuf, Country=United Kingdom, VIN=1GCHG35C881135218, date of birth=lun., 11 05 00:00:00 1990, email=robertlavoisier@mailinator.com}

janv. 10, 2018 7:04:52 PM test.TestSouscriptionMultiExcel testCaseSouscriptionUserExist
GRAVE: org.openqa.selenium.WebDriverException   Element <input class="input-checkbox checkbox required" id="dwfrm_billing_subscriptionInformation_agreeTerms" name="dwfrm_billing_subscriptionInformation_agreeTerms" value="true" aria-required="true" aria-describedby="dwfrm_billing_subscriptionInformation_agreeTerms-error" type="checkbox"> is not clickable at point (405.6166687011719, 112.94999694824219). Other element would receive the click: <td class=" ui-datepicker-week-end " data-handler="selectDay" data-event="click" data-month="0" data-year="2017"></td>
Command duration or timeout: 0 milliseconds
Build info: version: '3.8.1', revision: '6e95a6684b', time: '2017-12-01T18:33:54.468Z'
System info: host: 'CSCFRAAG971566', ip: '10.3.7.88', os.name: 'Windows 10', os.arch: 'amd64', os.version: '10.0', java.version: '1.8.0_131'
Driver info: org.openqa.selenium.firefox.FirefoxDriver
Capabilities {acceptSslCerts: true, applicationCacheEnabled: true, browserName: firefox, cssSelectorsEnabled: true, databaseEnabled: true, handlesAlerts: true, javascriptEnabled: true, locationContextEnabled: true, nativeEvents: false, platform: WINDOWS, platformName: WINDOWS, rotatable: false, takesScreenshot: true, version: 52.3.0, webStorageEnabled: true}
Session ID: 6664d0db-5c4a-4077-a0dc-71fe2ef11381
janv. 10, 2018 7:04:52 PM test.TestSouscriptionMultiExcel testCaseSouscriptionUserExist
INFOS: Execute Souscription for :
{firstname=Jean , Postal Code=SW1A 2AA, Card number=4917610000000000, confirm password=JSK-man?, City=London, phone number=448006891001, Security number=345, lastname=Renaud, Brand=Audi, password=JSK-man?, Property number / Name=33, Vehicle Insurance Date=dim., 02 05 00:00:00 2017, Expiry date=sam., 08 01 00:00:00 2020, Registration=BJ82 TBS, Model=A6 IV, Street=avenue du pavé neuf, Country=United Kingdom, VIN=WBAWR3C55AP462424, date of birth=jeu., 03 02 00:00:00 2017, email=jeanrenauld@mailinator.com}

