avr. 04, 2018 11:41:13 AM test.TestSouscriptionBRMultiExcel testCaseSouscriptionUserExist
INFOS: EXECUTE TestSouscriptionBRMultiExcel
READING DATA FROM FILE: C:\Users\galinabikono\workspace\gitlab\src\excelExportAndFileIO\jeu_de_test_BR.xlsx

avr. 04, 2018 11:41:13 AM test.TestSouscriptionBRMultiExcel testCaseSouscriptionUserExist
INFOS: BEGINNING TEST: 

avr. 04, 2018 11:41:13 AM test.TestSouscriptionBRMultiExcel testCaseSouscriptionUserExist
INFOS: for data set 1:{home phone=6132223990, birthday=mar., 03 12 00:00:00 1985, Expiry Year=2021, firstname=Domingo, Card number=4917610000000000, Car registration date=mer., 03 28 00:00:00 2018, Security number=789, password=riCo&903, Street=la casa de palma, email=javierdomingo@mailinator.com, Actual Mileage=500, Street Number=3, Etat=Brasil, Registration number=SBA I234, confirm password=riCo&903, City=Bresilia, Souscription duration=2 anos, Mileage covered=40 000 km, lastname=Javier, CEP=86041230, Neighborhood=Amazonas, mobile phone=6232223999, CPF=632.374.968-80, Model=KWID 1.0, Country=Lebon, VIN=JY4AM13W1BC017937, status=Solteiro/a, Expiry Month=5}

avr. 04, 2018 11:43:22 AM test.TestSouscriptionBRMultiExcel testCaseSouscriptionUserExist
GRAVE: org.openqa.selenium.StaleElementReferenceException   Element not found in the cache - perhaps the page has changed since it was looked up
Command duration or timeout: 0 milliseconds
avr. 04, 2018 11:43:22 AM test.TestBase removeProduct
INFOS: APTEMPT TO REMOVE PRODUCT 

avr. 04, 2018 11:45:25 AM test.TestBase logout
INFOS: ATTEMPT TO LOGOUT THE CURRENT USER 

avr. 04, 2018 11:45:27 AM test.TestBase logout
INFOS: LOG OUT : OK

avr. 04, 2018 12:06:02 PM test.TestSouscriptionBRMultiExcel testCaseSouscriptionUserExist
INFOS: EXECUTE TestSouscriptionBRMultiExcel
READING DATA FROM FILE: C:\Users\galinabikono\workspace\gitlab\src\excelExportAndFileIO\jeu_de_test_BR.xlsx

avr. 04, 2018 12:06:02 PM test.TestSouscriptionBRMultiExcel testCaseSouscriptionUserExist
INFOS: BEGINNING TEST: 

avr. 04, 2018 12:06:02 PM test.TestSouscriptionBRMultiExcel testCaseSouscriptionUserExist
INFOS: for data set 1:{home phone=6132223990, birthday=mar., 03 12 00:00:00 1985, Expiry Year=2021, firstname=Domingo, Card number=4917610000000000, Car registration date=mer., 03 28 00:00:00 2018, Security number=789, password=riCo&903, Street=la casa de palma, email=javierdomingo@mailinator.com, Actual Mileage=500, Street Number=3, Etat=Brasil, Registration number=SBA I234, confirm password=riCo&903, City=Bresilia, Souscription duration=2 anos, Mileage covered=40 000 km, lastname=Javier, CEP=86041230, Neighborhood=Amazonas, mobile phone=6232223999, CPF=632.374.968-80, Model=KWID 1.0, Country=Lebon, VIN=JY4AM13W1BC017937, status=Solteiro/a, Expiry Month=5}

avr. 04, 2018 12:07:32 PM test.TestSouscriptionBRMultiExcel testCaseSouscriptionUserExist
GRAVE: org.openqa.selenium.WebDriverException   org.apache.http.conn.HttpHostConnectException: Connect to localhost:24927 [localhost/127.0.0.1, localhost/0:0:0:0:0:0:0:1] failed: Connection refused: connect
Build info: version: '3.8.1', revision: '6e95a6684b', time: '2017-12-01T18:33:54.468Z'
System info: host: 'CSCFRAAG971566', ip: '10.3.7.123', os.name: 'Windows 10', os.arch: 'amd64', os.version: '10.0', java.version: '1.8.0_131'
Driver info: driver.version: RemoteWebDriver
avr. 04, 2018 12:07:32 PM test.TestBase removeProduct
INFOS: APTEMPT TO REMOVE PRODUCT 

avr. 04, 2018 12:07:34 PM test.TestBase logout
INFOS: FAIL TO REMOVE PRODUCTorg.apache.http.conn.HttpHostConnectException: Connect to localhost:24927 [localhost/127.0.0.1, localhost/0:0:0:0:0:0:0:1] failed: Connection refused: connect
Build info: version: '3.8.1', revision: '6e95a6684b', time: '2017-12-01T18:33:54.468Z'
System info: host: 'CSCFRAAG971566', ip: '10.3.7.123', os.name: 'Windows 10', os.arch: 'amd64', os.version: '10.0', java.version: '1.8.0_131'
Driver info: driver.version: RemoteWebDriver 

avr. 04, 2018 12:07:34 PM test.TestBase logout
INFOS: ATTEMPT TO LOGOUT THE CURRENT USER 

avr. 04, 2018 12:15:56 PM test.TestSouscriptionBRMultiExcel testCaseSouscriptionUserExist
INFOS: EXECUTE TestSouscriptionBRMultiExcel
READING DATA FROM FILE: C:\Users\galinabikono\workspace\gitlab\src\excelExportAndFileIO\jeu_de_test_BR.xlsx

avr. 04, 2018 12:15:56 PM test.TestSouscriptionBRMultiExcel testCaseSouscriptionUserExist
INFOS: BEGINNING TEST: 

avr. 04, 2018 12:15:56 PM test.TestSouscriptionBRMultiExcel testCaseSouscriptionUserExist
INFOS: for data set 1:{home phone=6132223990, birthday=mar., 03 12 00:00:00 1985, Expiry Year=2021, firstname=Domingo, Card number=4917610000000000, Car registration date=mer., 03 28 00:00:00 2018, Security number=789, password=riCo&903, Street=la casa de palma, email=javierdomingo@mailinator.com, Actual Mileage=500, Street Number=3, Etat=Brasil, Registration number=SBA I234, confirm password=riCo&903, City=Bresilia, Souscription duration=2 anos, Mileage covered=40 000 km, lastname=Javier, CEP=86041230, Neighborhood=Amazonas, mobile phone=6232223999, CPF=632.374.968-80, Model=KWID 1.0, Country=Lebon, VIN=JY4AM13W1BC017937, status=Solteiro/a, Expiry Month=5}

avr. 04, 2018 12:16:11 PM test.TestSouscriptionBRMultiExcel selectProduct
INFOS: PRODUCT WAS SELECTED : OK! 
avr. 04, 2018 12:16:13 PM test.TestBase login
INFOS: NOW ON PAGE:https://staging-store-rcibsp.demandware.net/s/RCI_BR/login?original=%2Fs%2FRCI_BR%2Fshipping%3Flang%3Dpt_BR&lang=pt_BR

avr. 04, 2018 12:17:39 PM test.TestSouscriptionBRMultiExcel testCaseSouscriptionUserExist
INFOS: EXECUTE TestSouscriptionBRMultiExcel
READING DATA FROM FILE: C:\Users\galinabikono\workspace\gitlab\src\excelExportAndFileIO\jeu_de_test_BR.xlsx

avr. 04, 2018 12:17:39 PM test.TestSouscriptionBRMultiExcel testCaseSouscriptionUserExist
INFOS: BEGINNING TEST: 

avr. 04, 2018 12:17:39 PM test.TestSouscriptionBRMultiExcel testCaseSouscriptionUserExist
INFOS: for data set 1:{home phone=6132223990, birthday=mar., 03 12 00:00:00 1985, Expiry Year=2021, firstname=Domingo, Card number=4917610000000000, Car registration date=mer., 03 28 00:00:00 2018, Security number=789, password=riCo&903, Street=la casa de palma, email=javierdomingo@mailinator.com, Actual Mileage=500, Street Number=3, Etat=Brasil, Registration number=SBA I234, confirm password=riCo&903, City=Bresilia, Souscription duration=2 anos, Mileage covered=40 000 km, lastname=Javier, CEP=86041230, Neighborhood=Amazonas, mobile phone=6232223999, CPF=632.374.968-80, Model=KWID 1.0, Country=Lebon, VIN=JY4AM13W1BC017937, status=Solteiro/a, Expiry Month=5}

avr. 04, 2018 12:17:51 PM test.TestSouscriptionBRMultiExcel selectProduct
INFOS: PRODUCT WAS SELECTED : OK! 
avr. 04, 2018 12:17:53 PM test.TestBase login
INFOS: NOW ON PAGE:https://staging-store-rcibsp.demandware.net/s/RCI_BR/login?original=%2Fs%2FRCI_BR%2Fshipping%3Flang%3Dpt_BR&lang=pt_BR

avr. 04, 2018 12:17:55 PM test.TestBase login
INFOS: CLICK ON BUTTON 'Login'OK! 

avr. 04, 2018 12:17:56 PM test.TestBase checkCurrentURL
INFOS: NOW ON PAGE:https://staging-store-rcibsp.demandware.net/s/RCI_BR/shipping

avr. 04, 2018 12:17:56 PM test.TestBase checkCurrentURL
INFOS: URL OK

avr. 04, 2018 12:17:56 PM test.TestBase login
INFOS: USER javierdomingo@mailinator.com  IS CONNECTED

avr. 04, 2018 12:17:58 PM staging.rcibsp.GUILogger logError
INFOS: SET VIN FIELD TO : JY4AM13W1BC017937: OK! 

avr. 04, 2018 12:17:59 PM staging.rcibsp.GUILogger logError
INFOS: SET Registration number FIELD TO : SBA I234: OK! 

avr. 04, 2018 12:18:01 PM test.TestSouscriptionBRMultiExcel getSouscription
INFOS: CLICK AGREE ON TERMS : OK!

avr. 04, 2018 12:18:01 PM test.TestSouscriptionBRMultiExcel makePayment
INFOS: CLICK ON BUTTON  'CONTINUE TO ORDER' 

avr. 04, 2018 12:22:03 PM staging.rcibsp.GUILogger logError
INFOS: SET 'Card number' VALUE TO : 4917610000000000: OK! 

avr. 04, 2018 12:22:03 PM test.TestSouscriptionBRMultiExcel testCaseSouscriptionUserExist
GRAVE: java.lang.NullPointerException   null
avr. 04, 2018 12:22:03 PM test.TestBase removeProduct
INFOS: APTEMPT TO REMOVE PRODUCT 

avr. 04, 2018 12:23:31 PM test.TestSouscriptionBRMultiExcel testCaseSouscriptionUserExist
INFOS: EXECUTE TestSouscriptionBRMultiExcel
READING DATA FROM FILE: C:\Users\galinabikono\workspace\gitlab\src\excelExportAndFileIO\jeu_de_test_BR.xlsx

avr. 04, 2018 12:23:31 PM test.TestSouscriptionBRMultiExcel testCaseSouscriptionUserExist
INFOS: BEGINNING TEST: 

avr. 04, 2018 12:23:31 PM test.TestSouscriptionBRMultiExcel testCaseSouscriptionUserExist
INFOS: for data set 1:{home phone=6132223990, birthday=mar., 03 12 00:00:00 1985, Expiry Year=2021, firstname=Domingo, Card number=4917610000000000, Car registration date=mer., 03 28 00:00:00 2018, Security number=789, password=riCo&903, Street=la casa de palma, email=javierdomingo@mailinator.com, Actual Mileage=500, Street Number=3, Etat=Brasil, Registration number=SBA I234, confirm password=riCo&903, City=Bresilia, Souscription duration=2 anos, Mileage covered=40 000 km, lastname=Javier, CEP=86041230, Neighborhood=Amazonas, mobile phone=6232223999, CPF=632.374.968-80, Model=KWID 1.0, Country=Lebon, VIN=JY4AM13W1BC017937, status=Solteiro/a, Expiry Month=5}

avr. 04, 2018 12:25:40 PM test.TestSouscriptionBRMultiExcel testCaseSouscriptionUserExist
GRAVE: org.openqa.selenium.StaleElementReferenceException   Element not found in the cache - perhaps the page has changed since it was looked up
Command duration or timeout: 0 milliseconds
avr. 04, 2018 12:25:40 PM test.TestBase removeProduct
INFOS: APTEMPT TO REMOVE PRODUCT 

avr. 04, 2018 12:27:03 PM test.TestSouscriptionBRMultiExcel testCaseSouscriptionUserExist
INFOS: EXECUTE TestSouscriptionBRMultiExcel
READING DATA FROM FILE: C:\Users\galinabikono\workspace\gitlab\src\excelExportAndFileIO\jeu_de_test_BR.xlsx

avr. 04, 2018 12:27:03 PM test.TestSouscriptionBRMultiExcel testCaseSouscriptionUserExist
INFOS: BEGINNING TEST: 

avr. 04, 2018 12:27:03 PM test.TestSouscriptionBRMultiExcel testCaseSouscriptionUserExist
INFOS: for data set 1:{home phone=6132223990, birthday=mar., 03 12 00:00:00 1985, Expiry Year=2021, firstname=Domingo, Card number=4917610000000000, Car registration date=mer., 03 28 00:00:00 2018, Security number=789, password=riCo&903, Street=la casa de palma, email=javierdomingo@mailinator.com, Actual Mileage=500, Street Number=3, Etat=Brasil, Registration number=SBA I234, confirm password=riCo&903, City=Bresilia, Souscription duration=2 anos, Mileage covered=40 000 km, lastname=Javier, CEP=86041230, Neighborhood=Amazonas, mobile phone=6232223999, CPF=632.374.968-80, Model=KWID 1.0, Country=Lebon, VIN=JY4AM13W1BC017937, status=Solteiro/a, Expiry Month=5}

avr. 04, 2018 12:27:20 PM test.TestSouscriptionBRMultiExcel selectProduct
INFOS: PRODUCT WAS SELECTED : OK! 
avr. 04, 2018 12:27:22 PM test.TestBase login
INFOS: NOW ON PAGE:https://staging-store-rcibsp.demandware.net/s/RCI_BR/login?original=%2Fs%2FRCI_BR%2Fshipping%3Flang%3Dpt_BR&lang=pt_BR

avr. 04, 2018 12:27:25 PM test.TestBase login
INFOS: CLICK ON BUTTON 'Login'OK! 

avr. 04, 2018 12:27:25 PM test.TestBase checkCurrentURL
INFOS: NOW ON PAGE:https://staging-store-rcibsp.demandware.net/s/RCI_BR/shipping

avr. 04, 2018 12:27:25 PM test.TestBase checkCurrentURL
INFOS: URL OK

avr. 04, 2018 12:27:25 PM test.TestBase login
INFOS: USER javierdomingo@mailinator.com  IS CONNECTED

avr. 04, 2018 12:27:29 PM staging.rcibsp.GUILogger logError
INFOS: SET VIN FIELD TO : JY4AM13W1BC017937: OK! 

avr. 04, 2018 12:27:29 PM staging.rcibsp.GUILogger logError
INFOS: SET Registration number FIELD TO : SBA I234: OK! 

avr. 04, 2018 12:27:32 PM test.TestSouscriptionBRMultiExcel getSouscription
INFOS: CLICK AGREE ON TERMS : OK!

avr. 04, 2018 12:27:32 PM test.TestSouscriptionBRMultiExcel makePayment
INFOS: CLICK ON BUTTON  'CONTINUE TO ORDER' 

avr. 04, 2018 12:29:06 PM test.TestSouscriptionBRMultiExcel testCaseSouscriptionUserExist
INFOS: EXECUTE TestSouscriptionBRMultiExcel
READING DATA FROM FILE: C:\Users\galinabikono\workspace\gitlab\src\excelExportAndFileIO\jeu_de_test_BR.xlsx

avr. 04, 2018 12:29:06 PM test.TestSouscriptionBRMultiExcel testCaseSouscriptionUserExist
INFOS: BEGINNING TEST: 

avr. 04, 2018 12:29:06 PM test.TestSouscriptionBRMultiExcel testCaseSouscriptionUserExist
INFOS: for data set 1:{home phone=6132223990, birthday=mar., 03 12 00:00:00 1985, Expiry Year=2021, firstname=Domingo, Card number=4917610000000000, Car registration date=mer., 03 28 00:00:00 2018, Security number=789, password=riCo&903, Street=la casa de palma, email=javierdomingo@mailinator.com, Actual Mileage=500, Street Number=3, Etat=Brasil, Registration number=SBA I234, confirm password=riCo&903, City=Bresilia, Souscription duration=2 anos, Mileage covered=40 000 km, lastname=Javier, CEP=86041230, Neighborhood=Amazonas, mobile phone=6232223999, CPF=632.374.968-80, Model=KWID 1.0, Country=Lebon, VIN=JY4AM13W1BC017937, status=Solteiro/a, Expiry Month=5}

avr. 04, 2018 12:29:20 PM test.TestSouscriptionBRMultiExcel selectProduct
INFOS: PRODUCT WAS SELECTED : OK! 
avr. 04, 2018 12:29:22 PM test.TestBase login
INFOS: NOW ON PAGE:https://staging-store-rcibsp.demandware.net/s/RCI_BR/login?original=%2Fs%2FRCI_BR%2Fshipping%3Flang%3Dpt_BR&lang=pt_BR

avr. 04, 2018 12:29:24 PM test.TestBase login
INFOS: CLICK ON BUTTON 'Login'OK! 

avr. 04, 2018 12:29:25 PM test.TestBase checkCurrentURL
INFOS: NOW ON PAGE:https://staging-store-rcibsp.demandware.net/s/RCI_BR/shipping

avr. 04, 2018 12:29:25 PM test.TestBase checkCurrentURL
INFOS: URL OK

avr. 04, 2018 12:29:25 PM test.TestBase login
INFOS: USER javierdomingo@mailinator.com  IS CONNECTED

avr. 04, 2018 12:29:28 PM staging.rcibsp.GUILogger logError
INFOS: SET VIN FIELD TO : JY4AM13W1BC017937: OK! 

avr. 04, 2018 12:29:28 PM staging.rcibsp.GUILogger logError
INFOS: SET Registration number FIELD TO : SBA I234: OK! 

avr. 04, 2018 12:29:31 PM test.TestSouscriptionBRMultiExcel getSouscription
INFOS: CLICK AGREE ON TERMS : OK!

avr. 04, 2018 12:29:31 PM test.TestSouscriptionBRMultiExcel makePayment
INFOS: CLICK ON BUTTON  'CONTINUE TO ORDER' 

avr. 04, 2018 12:29:34 PM test.TestSouscriptionBRMultiExcel testCaseSouscriptionUserExist
GRAVE: java.lang.NullPointerException   null
avr. 04, 2018 12:29:34 PM test.TestBase removeProduct
INFOS: APTEMPT TO REMOVE PRODUCT 

avr. 04, 2018 12:31:09 PM test.TestBase logout
INFOS: FAIL TO REMOVE PRODUCTorg.apache.http.conn.HttpHostConnectException: Connect to localhost:10979 [localhost/127.0.0.1, localhost/0:0:0:0:0:0:0:1] failed: Connection refused: connect
Build info: version: '3.8.1', revision: '6e95a6684b', time: '2017-12-01T18:33:54.468Z'
System info: host: 'CSCFRAAG971566', ip: '10.3.7.123', os.name: 'Windows 10', os.arch: 'amd64', os.version: '10.0', java.version: '1.8.0_131'
Driver info: driver.version: RemoteWebDriver 

avr. 04, 2018 12:31:09 PM test.TestBase logout
INFOS: ATTEMPT TO LOGOUT THE CURRENT USER 

avr. 04, 2018 12:31:36 PM test.TestSouscriptionBRMultiExcel testCaseSouscriptionUserExist
INFOS: EXECUTE TestSouscriptionBRMultiExcel
READING DATA FROM FILE: C:\Users\galinabikono\workspace\gitlab\src\excelExportAndFileIO\jeu_de_test_BR.xlsx

avr. 04, 2018 12:31:36 PM test.TestSouscriptionBRMultiExcel testCaseSouscriptionUserExist
INFOS: BEGINNING TEST: 

avr. 04, 2018 12:31:36 PM test.TestSouscriptionBRMultiExcel testCaseSouscriptionUserExist
INFOS: for data set 1:{home phone=6132223990, birthday=mar., 03 12 00:00:00 1985, Expiry Year=2021, firstname=Domingo, Card number=4917610000000000, Car registration date=mer., 03 28 00:00:00 2018, Security number=789, password=riCo&903, Street=la casa de palma, email=javierdomingo@mailinator.com, Actual Mileage=500, Street Number=3, Etat=Brasil, Registration number=SBA I234, confirm password=riCo&903, City=Bresilia, Souscription duration=2 anos, Mileage covered=40 000 km, lastname=Javier, CEP=86041230, Neighborhood=Amazonas, mobile phone=6232223999, CPF=632.374.968-80, Model=KWID 1.0, Country=Lebon, VIN=JY4AM13W1BC017937, status=Solteiro/a, Expiry Month=5}

avr. 04, 2018 12:31:50 PM test.TestSouscriptionBRMultiExcel selectProduct
INFOS: PRODUCT WAS SELECTED : OK! 
avr. 04, 2018 12:31:53 PM test.TestBase login
INFOS: NOW ON PAGE:https://staging-store-rcibsp.demandware.net/s/RCI_BR/login?original=%2Fs%2FRCI_BR%2Fshipping%3Flang%3Dpt_BR&lang=pt_BR

avr. 04, 2018 12:31:55 PM test.TestBase login
INFOS: CLICK ON BUTTON 'Login'OK! 

avr. 04, 2018 12:31:55 PM test.TestBase checkCurrentURL
INFOS: NOW ON PAGE:https://staging-store-rcibsp.demandware.net/s/RCI_BR/shipping

avr. 04, 2018 12:31:55 PM test.TestBase checkCurrentURL
INFOS: URL OK

avr. 04, 2018 12:31:55 PM test.TestBase login
INFOS: USER javierdomingo@mailinator.com  IS CONNECTED

avr. 04, 2018 12:31:58 PM staging.rcibsp.GUILogger logError
INFOS: SET VIN FIELD TO : JY4AM13W1BC017937: OK! 

avr. 04, 2018 12:31:58 PM staging.rcibsp.GUILogger logError
INFOS: SET Registration number FIELD TO : SBA I234: OK! 

avr. 04, 2018 12:32:01 PM test.TestSouscriptionBRMultiExcel getSouscription
INFOS: CLICK AGREE ON TERMS : OK!

avr. 04, 2018 12:32:01 PM test.TestSouscriptionBRMultiExcel makePayment
INFOS: CLICK ON BUTTON  'CONTINUE TO ORDER' 

avr. 04, 2018 12:32:04 PM test.TestSouscriptionBRMultiExcel testCaseSouscriptionUserExist
GRAVE: java.lang.NullPointerException   null
avr. 04, 2018 12:32:04 PM test.TestBase removeProduct
INFOS: APTEMPT TO REMOVE PRODUCT 

avr. 04, 2018 12:34:04 PM test.TestBase logout
INFOS: FAIL TO REMOVE PRODUCTUnable to locate element: {"method":"xpath","selector":"//div[@id='mini-cart']"}
Command duration or timeout: 0 milliseconds 

avr. 04, 2018 12:34:04 PM test.TestBase logout
INFOS: ATTEMPT TO LOGOUT THE CURRENT USER 

avr. 04, 2018 2:23:40 PM test.TestSouscriptionBRMultiExcel testCaseSouscriptionUserExist
INFOS: EXECUTE TestSouscriptionBRMultiExcel
READING DATA FROM FILE: C:\Users\galinabikono\workspace\gitlab\src\excelExportAndFileIO\jeu_de_test_BR.xlsx

avr. 04, 2018 2:23:40 PM test.TestSouscriptionBRMultiExcel testCaseSouscriptionUserExist
INFOS: BEGINNING TEST: 

avr. 04, 2018 2:23:40 PM test.TestSouscriptionBRMultiExcel testCaseSouscriptionUserExist
INFOS: for data set 1:{home phone=6132223990, birthday=mar., 03 12 00:00:00 1985, Expiry Year=2021, firstname=Domingo, Card number=4917610000000000, Car registration date=mer., 03 28 00:00:00 2018, Security number=789, password=riCo&903, Street=la casa de palma, email=javierdomingo@mailinator.com, Actual Mileage=500, Street Number=3, Etat=Brasil, Registration number=SBA I234, confirm password=riCo&903, City=Bresilia, Souscription duration=2 anos, Mileage covered=40 000 km, lastname=Javier, CEP=86041230, Neighborhood=Amazonas, mobile phone=6232223999, CPF=632.374.968-80, Model=KWID 1.0, Country=Lebon, VIN=JY4AM13W1BC017937, status=Solteiro/a, Expiry Month=5}

avr. 04, 2018 2:23:57 PM test.TestSouscriptionBRMultiExcel selectProduct
INFOS: PRODUCT WAS SELECTED : OK! 
avr. 04, 2018 2:23:59 PM test.TestBase login
INFOS: NOW ON PAGE:https://staging-store-rcibsp.demandware.net/s/RCI_BR/login?original=%2Fs%2FRCI_BR%2Fshipping%3Flang%3Dpt_BR&lang=pt_BR

avr. 04, 2018 2:24:03 PM test.TestBase login
INFOS: CLICK ON BUTTON 'Login'OK! 

avr. 04, 2018 2:24:03 PM test.TestBase checkCurrentURL
INFOS: NOW ON PAGE:https://staging-store-rcibsp.demandware.net/s/RCI_BR/shipping

avr. 04, 2018 2:24:03 PM test.TestBase checkCurrentURL
INFOS: URL OK

avr. 04, 2018 2:24:03 PM test.TestBase login
INFOS: USER javierdomingo@mailinator.com  IS CONNECTED

avr. 04, 2018 2:24:07 PM staging.rcibsp.GUILogger logError
INFOS: SET VIN FIELD TO : JY4AM13W1BC017937: OK! 

avr. 04, 2018 2:24:07 PM staging.rcibsp.GUILogger logError
INFOS: SET Registration number FIELD TO : SBA I234: OK! 

avr. 04, 2018 2:24:11 PM test.TestSouscriptionBRMultiExcel getSouscription
INFOS: CLICK AGREE ON TERMS : OK!

avr. 04, 2018 2:24:11 PM test.TestSouscriptionBRMultiExcel makePayment
INFOS: CLICK ON BUTTON  'CONTINUE TO ORDER' 

avr. 04, 2018 2:24:14 PM test.TestSouscriptionBRMultiExcel testCaseSouscriptionUserExist
GRAVE: java.lang.NullPointerException   null
avr. 04, 2018 2:24:14 PM test.TestBase removeProduct
INFOS: APTEMPT TO REMOVE PRODUCT 

avr. 04, 2018 2:26:14 PM test.TestBase logout
INFOS: FAIL TO REMOVE PRODUCTUnable to locate element: {"method":"xpath","selector":"//div[@id='mini-cart']"}
Command duration or timeout: 0 milliseconds 

avr. 04, 2018 2:26:14 PM test.TestBase logout
INFOS: ATTEMPT TO LOGOUT THE CURRENT USER 

avr. 04, 2018 2:39:35 PM test.TestSouscriptionBRMultiExcel testCaseSouscriptionUserExist
INFOS: EXECUTE TestSouscriptionBRMultiExcel
READING DATA FROM FILE: C:\Users\galinabikono\workspace\gitlab\src\excelExportAndFileIO\jeu_de_test_BR.xlsx

avr. 04, 2018 2:39:35 PM test.TestSouscriptionBRMultiExcel testCaseSouscriptionUserExist
INFOS: BEGINNING TEST: 

avr. 04, 2018 2:39:35 PM test.TestSouscriptionBRMultiExcel testCaseSouscriptionUserExist
INFOS: for data set 1:{home phone=6132223990, birthday=mar., 03 12 00:00:00 1985, Expiry Year=2021, firstname=Domingo, Card number=4917610000000000, Car registration date=mer., 03 28 00:00:00 2018, Security number=789, password=riCo&903, Street=la casa de palma, email=javierdomingo@mailinator.com, Actual Mileage=500, Street Number=3, Etat=Brasil, Registration number=SBA I234, confirm password=riCo&903, City=Bresilia, Souscription duration=2 anos, Mileage covered=40 000 km, lastname=Javier, CEP=86041230, Neighborhood=Amazonas, mobile phone=6232223999, CPF=632.374.968-80, Model=KWID 1.0, Country=Lebon, VIN=JY4AM13W1BC017937, status=Solteiro/a, Expiry Month=5}

avr. 04, 2018 2:39:49 PM test.TestSouscriptionBRMultiExcel selectProduct
INFOS: PRODUCT WAS SELECTED : OK! 
avr. 04, 2018 2:39:51 PM test.TestBase login
INFOS: NOW ON PAGE:https://staging-store-rcibsp.demandware.net/s/RCI_BR/login?original=%2Fs%2FRCI_BR%2Fshipping%3Flang%3Dpt_BR&lang=pt_BR

avr. 04, 2018 2:39:54 PM test.TestBase login
INFOS: CLICK ON BUTTON 'Login'OK! 

avr. 04, 2018 2:39:54 PM test.TestBase checkCurrentURL
INFOS: NOW ON PAGE:https://staging-store-rcibsp.demandware.net/s/RCI_BR/shipping

avr. 04, 2018 2:39:54 PM test.TestBase checkCurrentURL
INFOS: URL OK

avr. 04, 2018 2:39:54 PM test.TestBase login
INFOS: USER javierdomingo@mailinator.com  IS CONNECTED

avr. 04, 2018 2:39:59 PM staging.rcibsp.GUILogger logError
INFOS: SET VIN FIELD TO : JY4AM13W1BC017937: OK! 

avr. 04, 2018 2:39:59 PM staging.rcibsp.GUILogger logError
INFOS: SET Registration number FIELD TO : SBA I234: OK! 

avr. 04, 2018 2:40:03 PM test.TestSouscriptionBRMultiExcel getSouscription
INFOS: CLICK AGREE ON TERMS : OK!

avr. 04, 2018 2:40:03 PM test.TestSouscriptionBRMultiExcel makePayment
INFOS: CLICK ON BUTTON  'CONTINUE TO ORDER' 

avr. 04, 2018 2:42:15 PM test.TestSouscriptionBRMultiExcel testCaseSouscriptionUserExist
INFOS: EXECUTE TestSouscriptionBRMultiExcel
READING DATA FROM FILE: C:\Users\galinabikono\workspace\gitlab\src\excelExportAndFileIO\jeu_de_test_BR.xlsx

avr. 04, 2018 2:42:15 PM test.TestSouscriptionBRMultiExcel testCaseSouscriptionUserExist
INFOS: BEGINNING TEST: 

avr. 04, 2018 2:42:15 PM test.TestSouscriptionBRMultiExcel testCaseSouscriptionUserExist
INFOS: for data set 1:{home phone=6132223990, birthday=mar., 03 12 00:00:00 1985, Expiry Year=2021, firstname=Domingo, Card number=4917610000000000, Car registration date=mer., 03 28 00:00:00 2018, Security number=789, password=riCo&903, Street=la casa de palma, email=javierdomingo@mailinator.com, Actual Mileage=500, Street Number=3, Etat=Brasil, Registration number=SBA I234, confirm password=riCo&903, City=Bresilia, Souscription duration=2 anos, Mileage covered=40 000 km, lastname=Javier, CEP=86041230, Neighborhood=Amazonas, mobile phone=6232223999, CPF=632.374.968-80, Model=KWID 1.0, Country=Lebon, VIN=JY4AM13W1BC017937, status=Solteiro/a, Expiry Month=5}

avr. 04, 2018 2:42:32 PM test.TestSouscriptionBRMultiExcel selectProduct
INFOS: PRODUCT WAS SELECTED : OK! 
avr. 04, 2018 2:42:36 PM test.TestBase login
INFOS: NOW ON PAGE:https://staging-store-rcibsp.demandware.net/s/RCI_BR/login?original=%2Fs%2FRCI_BR%2Fshipping%3Flang%3Dpt_BR&lang=pt_BR

avr. 04, 2018 2:42:40 PM test.TestBase login
INFOS: CLICK ON BUTTON 'Login'OK! 

avr. 04, 2018 2:42:40 PM test.TestBase checkCurrentURL
INFOS: NOW ON PAGE:https://staging-store-rcibsp.demandware.net/s/RCI_BR/shipping

avr. 04, 2018 2:42:40 PM test.TestBase checkCurrentURL
INFOS: URL OK

avr. 04, 2018 2:42:40 PM test.TestBase login
INFOS: USER javierdomingo@mailinator.com  IS CONNECTED

avr. 04, 2018 2:42:44 PM staging.rcibsp.GUILogger logError
INFOS: SET VIN FIELD TO : JY4AM13W1BC017937: OK! 

avr. 04, 2018 2:42:45 PM staging.rcibsp.GUILogger logError
INFOS: SET Registration number FIELD TO : SBA I234: OK! 

avr. 04, 2018 2:42:48 PM test.TestSouscriptionBRMultiExcel getSouscription
INFOS: CLICK AGREE ON TERMS : OK!

avr. 04, 2018 2:42:48 PM test.TestSouscriptionBRMultiExcel makePayment
INFOS: CLICK ON BUTTON  'CONTINUE TO ORDER' 

avr. 04, 2018 2:44:32 PM test.TestSouscriptionBRMultiExcel testCaseSouscriptionUserExist
INFOS: EXECUTE TestSouscriptionBRMultiExcel
READING DATA FROM FILE: C:\Users\galinabikono\workspace\gitlab\src\excelExportAndFileIO\jeu_de_test_BR.xlsx

avr. 04, 2018 2:44:32 PM test.TestSouscriptionBRMultiExcel testCaseSouscriptionUserExist
INFOS: BEGINNING TEST: 

avr. 04, 2018 2:44:32 PM test.TestSouscriptionBRMultiExcel testCaseSouscriptionUserExist
INFOS: for data set 1:{home phone=6132223990, birthday=mar., 03 12 00:00:00 1985, Expiry Year=2021, firstname=Domingo, Card number=4917610000000000, Car registration date=mer., 03 28 00:00:00 2018, Security number=789, password=riCo&903, Street=la casa de palma, email=javierdomingo@mailinator.com, Actual Mileage=500, Street Number=3, Etat=Brasil, Registration number=SBA I234, confirm password=riCo&903, City=Bresilia, Souscription duration=2 anos, Mileage covered=40 000 km, lastname=Javier, CEP=86041230, Neighborhood=Amazonas, mobile phone=6232223999, CPF=632.374.968-80, Model=KWID 1.0, Country=Lebon, VIN=JY4AM13W1BC017937, status=Solteiro/a, Expiry Month=5}

avr. 04, 2018 2:44:47 PM test.TestSouscriptionBRMultiExcel selectProduct
INFOS: PRODUCT WAS SELECTED : OK! 
avr. 04, 2018 2:44:49 PM test.TestBase login
INFOS: NOW ON PAGE:https://staging-store-rcibsp.demandware.net/s/RCI_BR/login?original=%2Fs%2FRCI_BR%2Fshipping%3Flang%3Dpt_BR&lang=pt_BR

avr. 04, 2018 2:44:52 PM test.TestBase login
INFOS: CLICK ON BUTTON 'Login'OK! 

avr. 04, 2018 2:44:53 PM test.TestBase checkCurrentURL
INFOS: NOW ON PAGE:https://staging-store-rcibsp.demandware.net/s/RCI_BR/shipping

avr. 04, 2018 2:44:53 PM test.TestBase checkCurrentURL
INFOS: URL OK

avr. 04, 2018 2:44:53 PM test.TestBase login
INFOS: USER javierdomingo@mailinator.com  IS CONNECTED

avr. 04, 2018 2:44:56 PM staging.rcibsp.GUILogger logError
INFOS: SET VIN FIELD TO : JY4AM13W1BC017937: OK! 

avr. 04, 2018 2:44:57 PM staging.rcibsp.GUILogger logError
INFOS: SET Registration number FIELD TO : SBA I234: OK! 

avr. 04, 2018 2:45:01 PM test.TestSouscriptionBRMultiExcel getSouscription
INFOS: CLICK AGREE ON TERMS : OK!

avr. 04, 2018 2:45:01 PM test.TestSouscriptionBRMultiExcel makePayment
INFOS: CLICK ON BUTTON  'CONTINUE TO ORDER' 

avr. 04, 2018 2:45:04 PM test.TestSouscriptionBRMultiExcel testCaseSouscriptionUserExist
GRAVE: java.lang.NullPointerException   null
avr. 04, 2018 2:45:04 PM test.TestBase removeProduct
INFOS: APTEMPT TO REMOVE PRODUCT 

avr. 04, 2018 2:45:59 PM test.TestSouscriptionBRMultiExcel testCaseSouscriptionUserExist
INFOS: EXECUTE TestSouscriptionBRMultiExcel
READING DATA FROM FILE: C:\Users\galinabikono\workspace\gitlab\src\excelExportAndFileIO\jeu_de_test_BR.xlsx

avr. 04, 2018 2:45:59 PM test.TestSouscriptionBRMultiExcel testCaseSouscriptionUserExist
INFOS: BEGINNING TEST: 

avr. 04, 2018 2:45:59 PM test.TestSouscriptionBRMultiExcel testCaseSouscriptionUserExist
INFOS: for data set 1:{home phone=6132223990, birthday=mar., 03 12 00:00:00 1985, Expiry Year=2021, firstname=Domingo, Card number=4917610000000000, Car registration date=mer., 03 28 00:00:00 2018, Security number=789, password=riCo&903, Street=la casa de palma, email=javierdomingo@mailinator.com, Actual Mileage=500, Street Number=3, Etat=Brasil, Registration number=SBA I234, confirm password=riCo&903, City=Bresilia, Souscription duration=2 anos, Mileage covered=40 000 km, lastname=Javier, CEP=86041230, Neighborhood=Amazonas, mobile phone=6232223999, CPF=632.374.968-80, Model=KWID 1.0, Country=Lebon, VIN=JY4AM13W1BC017937, status=Solteiro/a, Expiry Month=5}

avr. 04, 2018 2:46:16 PM test.TestSouscriptionBRMultiExcel selectProduct
INFOS: PRODUCT WAS SELECTED : OK! 
avr. 04, 2018 2:46:18 PM test.TestBase login
INFOS: NOW ON PAGE:https://staging-store-rcibsp.demandware.net/s/RCI_BR/login?original=%2Fs%2FRCI_BR%2Fshipping%3Flang%3Dpt_BR&lang=pt_BR

avr. 04, 2018 2:46:22 PM test.TestBase login
INFOS: CLICK ON BUTTON 'Login'OK! 

avr. 04, 2018 2:46:22 PM test.TestBase checkCurrentURL
INFOS: NOW ON PAGE:https://staging-store-rcibsp.demandware.net/s/RCI_BR/shipping

avr. 04, 2018 2:46:22 PM test.TestBase checkCurrentURL
INFOS: URL OK

avr. 04, 2018 2:46:22 PM test.TestBase login
INFOS: USER javierdomingo@mailinator.com  IS CONNECTED

avr. 04, 2018 2:46:26 PM staging.rcibsp.GUILogger logError
INFOS: SET VIN FIELD TO : JY4AM13W1BC017937: OK! 

avr. 04, 2018 2:46:27 PM staging.rcibsp.GUILogger logError
INFOS: SET Registration number FIELD TO : SBA I234: OK! 

avr. 04, 2018 2:46:30 PM test.TestSouscriptionBRMultiExcel getSouscription
INFOS: CLICK AGREE ON TERMS : OK!

avr. 04, 2018 2:46:30 PM test.TestSouscriptionBRMultiExcel makePayment
INFOS: CLICK ON BUTTON  'CONTINUE TO ORDER' 

avr. 04, 2018 2:48:50 PM test.TestSouscriptionBRMultiExcel testCaseSouscriptionUserExist
INFOS: EXECUTE TestSouscriptionBRMultiExcel
READING DATA FROM FILE: C:\Users\galinabikono\workspace\gitlab\src\excelExportAndFileIO\jeu_de_test_BR.xlsx

avr. 04, 2018 2:48:50 PM test.TestSouscriptionBRMultiExcel testCaseSouscriptionUserExist
INFOS: BEGINNING TEST: 

avr. 04, 2018 2:48:50 PM test.TestSouscriptionBRMultiExcel testCaseSouscriptionUserExist
INFOS: for data set 1:{home phone=6132223990, birthday=mar., 03 12 00:00:00 1985, Expiry Year=2021, firstname=Domingo, Card number=4917610000000000, Car registration date=mer., 03 28 00:00:00 2018, Security number=789, password=riCo&903, Street=la casa de palma, email=javierdomingo@mailinator.com, Actual Mileage=500, Street Number=3, Etat=Brasil, Registration number=SBA I234, confirm password=riCo&903, City=Bresilia, Souscription duration=2 anos, Mileage covered=40 000 km, lastname=Javier, CEP=86041230, Neighborhood=Amazonas, mobile phone=6232223999, CPF=632.374.968-80, Model=KWID 1.0, Country=Lebon, VIN=JY4AM13W1BC017937, status=Solteiro/a, Expiry Month=5}

avr. 04, 2018 2:49:06 PM test.TestSouscriptionBRMultiExcel selectProduct
INFOS: PRODUCT WAS SELECTED : OK! 
avr. 04, 2018 2:49:09 PM test.TestBase login
INFOS: NOW ON PAGE:https://staging-store-rcibsp.demandware.net/s/RCI_BR/login?original=%2Fs%2FRCI_BR%2Fshipping%3Flang%3Dpt_BR&lang=pt_BR

avr. 04, 2018 2:49:12 PM test.TestBase login
INFOS: CLICK ON BUTTON 'Login'OK! 

avr. 04, 2018 2:49:13 PM test.TestBase checkCurrentURL
INFOS: NOW ON PAGE:https://staging-store-rcibsp.demandware.net/s/RCI_BR/shipping

avr. 04, 2018 2:49:13 PM test.TestBase checkCurrentURL
INFOS: URL OK

avr. 04, 2018 2:49:13 PM test.TestBase login
INFOS: USER javierdomingo@mailinator.com  IS CONNECTED

avr. 04, 2018 2:49:17 PM staging.rcibsp.GUILogger logError
INFOS: SET VIN FIELD TO : JY4AM13W1BC017937: OK! 

avr. 04, 2018 2:49:18 PM staging.rcibsp.GUILogger logError
INFOS: SET Registration number FIELD TO : SBA I234: OK! 

avr. 04, 2018 2:49:21 PM test.TestSouscriptionBRMultiExcel getSouscription
INFOS: CLICK AGREE ON TERMS : OK!

avr. 04, 2018 2:49:21 PM test.TestSouscriptionBRMultiExcel makePayment
INFOS: CLICK ON BUTTON  'CONTINUE TO ORDER' 

avr. 04, 2018 2:49:25 PM test.TestSouscriptionBRMultiExcel testCaseSouscriptionUserExist
GRAVE: java.lang.NullPointerException   null
avr. 04, 2018 2:49:25 PM test.TestBase removeProduct
INFOS: APTEMPT TO REMOVE PRODUCT 

avr. 04, 2018 2:53:06 PM test.TestSouscriptionBRMultiExcel testCaseSouscriptionUserExist
INFOS: EXECUTE TestSouscriptionBRMultiExcel
READING DATA FROM FILE: C:\Users\galinabikono\workspace\gitlab\src\excelExportAndFileIO\jeu_de_test_BR.xlsx

avr. 04, 2018 2:53:06 PM test.TestSouscriptionBRMultiExcel testCaseSouscriptionUserExist
INFOS: BEGINNING TEST: 

avr. 04, 2018 2:53:06 PM test.TestSouscriptionBRMultiExcel testCaseSouscriptionUserExist
INFOS: for data set 1:{home phone=6132223990, birthday=mar., 03 12 00:00:00 1985, Expiry Year=2021, firstname=Domingo, Card number=4917610000000000, Car registration date=mer., 03 28 00:00:00 2018, Security number=789, password=riCo&903, Street=la casa de palma, email=javierdomingo@mailinator.com, Actual Mileage=500, Street Number=3, Etat=Brasil, Registration number=SBA I234, confirm password=riCo&903, City=Bresilia, Souscription duration=2 anos, Mileage covered=40 000 km, lastname=Javier, CEP=86041230, Neighborhood=Amazonas, mobile phone=6232223999, CPF=632.374.968-80, Model=KWID 1.0, Country=Lebon, VIN=JY4AM13W1BC017937, status=Solteiro/a, Expiry Month=5}

avr. 04, 2018 2:53:21 PM test.TestSouscriptionBRMultiExcel selectProduct
INFOS: PRODUCT WAS SELECTED : OK! 
avr. 04, 2018 2:53:26 PM test.TestBase login
INFOS: NOW ON PAGE:https://staging-store-rcibsp.demandware.net/s/RCI_BR/login?original=%2Fs%2FRCI_BR%2Fshipping%3Flang%3Dpt_BR&lang=pt_BR

avr. 04, 2018 2:53:30 PM test.TestBase login
INFOS: CLICK ON BUTTON 'Login'OK! 

avr. 04, 2018 2:53:30 PM test.TestBase checkCurrentURL
INFOS: NOW ON PAGE:https://staging-store-rcibsp.demandware.net/s/RCI_BR/shipping

avr. 04, 2018 2:53:30 PM test.TestBase checkCurrentURL
INFOS: URL OK

avr. 04, 2018 2:53:30 PM test.TestBase login
INFOS: USER javierdomingo@mailinator.com  IS CONNECTED

avr. 04, 2018 2:53:33 PM staging.rcibsp.GUILogger logError
INFOS: SET VIN FIELD TO : JY4AM13W1BC017937: OK! 

avr. 04, 2018 2:53:33 PM staging.rcibsp.GUILogger logError
INFOS: SET Registration number FIELD TO : SBA I234: OK! 

avr. 04, 2018 2:53:36 PM test.TestSouscriptionBRMultiExcel getSouscription
INFOS: CLICK AGREE ON TERMS : OK!

avr. 04, 2018 2:53:36 PM test.TestSouscriptionBRMultiExcel makePayment
INFOS: CLICK ON BUTTON  'CONTINUE TO ORDER' 

avr. 04, 2018 2:53:39 PM test.TestSouscriptionBRMultiExcel testCaseSouscriptionUserExist
GRAVE: java.lang.NullPointerException   null
avr. 04, 2018 2:53:39 PM test.TestBase removeProduct
INFOS: APTEMPT TO REMOVE PRODUCT 

avr. 04, 2018 2:54:55 PM test.TestSouscriptionBRMultiExcel testCaseSouscriptionUserExist
INFOS: EXECUTE TestSouscriptionBRMultiExcel
READING DATA FROM FILE: C:\Users\galinabikono\workspace\gitlab\src\excelExportAndFileIO\jeu_de_test_BR.xlsx

avr. 04, 2018 2:54:55 PM test.TestSouscriptionBRMultiExcel testCaseSouscriptionUserExist
INFOS: BEGINNING TEST: 

avr. 04, 2018 2:54:55 PM test.TestSouscriptionBRMultiExcel testCaseSouscriptionUserExist
INFOS: for data set 1:{home phone=6132223990, birthday=mar., 03 12 00:00:00 1985, Expiry Year=2021, firstname=Domingo, Card number=4917610000000000, Car registration date=mer., 03 28 00:00:00 2018, Security number=789, password=riCo&903, Street=la casa de palma, email=javierdomingo@mailinator.com, Actual Mileage=500, Street Number=3, Etat=Brasil, Registration number=SBA I234, confirm password=riCo&903, City=Bresilia, Souscription duration=2 anos, Mileage covered=40 000 km, lastname=Javier, CEP=86041230, Neighborhood=Amazonas, mobile phone=6232223999, CPF=632.374.968-80, Model=KWID 1.0, Country=Lebon, VIN=JY4AM13W1BC017937, status=Solteiro/a, Expiry Month=5}

avr. 04, 2018 2:55:09 PM test.TestSouscriptionBRMultiExcel selectProduct
INFOS: PRODUCT WAS SELECTED : OK! 
avr. 04, 2018 2:55:12 PM test.TestBase login
INFOS: NOW ON PAGE:https://staging-store-rcibsp.demandware.net/s/RCI_BR/login?original=%2Fs%2FRCI_BR%2Fshipping%3Flang%3Dpt_BR&lang=pt_BR

avr. 04, 2018 2:55:15 PM test.TestBase login
INFOS: CLICK ON BUTTON 'Login'OK! 

avr. 04, 2018 2:55:15 PM test.TestBase checkCurrentURL
INFOS: NOW ON PAGE:https://staging-store-rcibsp.demandware.net/s/RCI_BR/shipping

avr. 04, 2018 2:55:15 PM test.TestBase checkCurrentURL
INFOS: URL OK

avr. 04, 2018 2:55:15 PM test.TestBase login
INFOS: USER javierdomingo@mailinator.com  IS CONNECTED

avr. 04, 2018 2:55:18 PM staging.rcibsp.GUILogger logError
INFOS: SET VIN FIELD TO : JY4AM13W1BC017937: OK! 

avr. 04, 2018 2:55:18 PM staging.rcibsp.GUILogger logError
INFOS: SET Registration number FIELD TO : SBA I234: OK! 

avr. 04, 2018 2:55:21 PM test.TestSouscriptionBRMultiExcel getSouscription
INFOS: CLICK AGREE ON TERMS : OK!

avr. 04, 2018 2:55:21 PM test.TestSouscriptionBRMultiExcel makePayment
INFOS: CLICK ON BUTTON  'CONTINUE TO ORDER' 

avr. 04, 2018 2:55:24 PM test.TestSouscriptionBRMultiExcel testCaseSouscriptionUserExist
GRAVE: java.lang.NullPointerException   null
avr. 04, 2018 2:55:24 PM test.TestBase removeProduct
INFOS: APTEMPT TO REMOVE PRODUCT 

avr. 04, 2018 2:56:08 PM test.TestSouscriptionBRMultiExcel testCaseSouscriptionUserExist
INFOS: EXECUTE TestSouscriptionBRMultiExcel
READING DATA FROM FILE: C:\Users\galinabikono\workspace\gitlab\src\excelExportAndFileIO\jeu_de_test_BR.xlsx

avr. 04, 2018 2:56:08 PM test.TestSouscriptionBRMultiExcel testCaseSouscriptionUserExist
INFOS: BEGINNING TEST: 

avr. 04, 2018 2:56:08 PM test.TestSouscriptionBRMultiExcel testCaseSouscriptionUserExist
INFOS: for data set 1:{home phone=6132223990, birthday=mar., 03 12 00:00:00 1985, Expiry Year=2021, firstname=Domingo, Card number=4917610000000000, Car registration date=mer., 03 28 00:00:00 2018, Security number=789, password=riCo&903, Street=la casa de palma, email=javierdomingo@mailinator.com, Actual Mileage=500, Street Number=3, Etat=Brasil, Registration number=SBA I234, confirm password=riCo&903, City=Bresilia, Souscription duration=2 anos, Mileage covered=40 000 km, lastname=Javier, CEP=86041230, Neighborhood=Amazonas, mobile phone=6232223999, CPF=632.374.968-80, Model=KWID 1.0, Country=Lebon, VIN=JY4AM13W1BC017937, status=Solteiro/a, Expiry Month=5}

avr. 04, 2018 2:56:21 PM test.TestSouscriptionBRMultiExcel selectProduct
INFOS: PRODUCT WAS SELECTED : OK! 
avr. 04, 2018 2:56:23 PM test.TestBase login
INFOS: NOW ON PAGE:https://staging-store-rcibsp.demandware.net/s/RCI_BR/login?original=%2Fs%2FRCI_BR%2Fshipping%3Flang%3Dpt_BR&lang=pt_BR

avr. 04, 2018 2:56:26 PM test.TestBase login
INFOS: CLICK ON BUTTON 'Login'OK! 

avr. 04, 2018 2:56:27 PM test.TestBase checkCurrentURL
INFOS: NOW ON PAGE:https://staging-store-rcibsp.demandware.net/s/RCI_BR/shipping

avr. 04, 2018 2:56:27 PM test.TestBase checkCurrentURL
INFOS: URL OK

avr. 04, 2018 2:56:27 PM test.TestBase login
INFOS: USER javierdomingo@mailinator.com  IS CONNECTED

avr. 04, 2018 2:56:30 PM staging.rcibsp.GUILogger logError
INFOS: SET VIN FIELD TO : JY4AM13W1BC017937: OK! 

avr. 04, 2018 2:56:30 PM staging.rcibsp.GUILogger logError
INFOS: SET Registration number FIELD TO : SBA I234: OK! 

avr. 04, 2018 2:56:33 PM test.TestSouscriptionBRMultiExcel getSouscription
INFOS: CLICK AGREE ON TERMS : OK!

avr. 04, 2018 2:56:33 PM test.TestSouscriptionBRMultiExcel makePayment
INFOS: CLICK ON BUTTON  'CONTINUE TO ORDER' 

avr. 04, 2018 2:58:16 PM test.TestSouscriptionBRMultiExcel testCaseSouscriptionUserExist
GRAVE: java.lang.NullPointerException   null
avr. 04, 2018 2:58:16 PM test.TestBase removeProduct
INFOS: APTEMPT TO REMOVE PRODUCT 

avr. 04, 2018 2:59:25 PM test.TestSouscriptionBRMultiExcel testCaseSouscriptionUserExist
INFOS: EXECUTE TestSouscriptionBRMultiExcel
READING DATA FROM FILE: C:\Users\galinabikono\workspace\gitlab\src\excelExportAndFileIO\jeu_de_test_BR.xlsx

avr. 04, 2018 2:59:25 PM test.TestSouscriptionBRMultiExcel testCaseSouscriptionUserExist
INFOS: BEGINNING TEST: 

avr. 04, 2018 2:59:25 PM test.TestSouscriptionBRMultiExcel testCaseSouscriptionUserExist
INFOS: for data set 1:{home phone=6132223990, birthday=mar., 03 12 00:00:00 1985, Expiry Year=2021, firstname=Domingo, Card number=4917610000000000, Car registration date=mer., 03 28 00:00:00 2018, Security number=789, password=riCo&903, Street=la casa de palma, email=javierdomingo@mailinator.com, Actual Mileage=500, Street Number=3, Etat=Brasil, Registration number=SBA I234, confirm password=riCo&903, City=Bresilia, Souscription duration=2 anos, Mileage covered=40 000 km, lastname=Javier, CEP=86041230, Neighborhood=Amazonas, mobile phone=6232223999, CPF=632.374.968-80, Model=KWID 1.0, Country=Lebon, VIN=JY4AM13W1BC017937, status=Solteiro/a, Expiry Month=5}

avr. 04, 2018 2:59:41 PM test.TestSouscriptionBRMultiExcel selectProduct
INFOS: PRODUCT WAS SELECTED : OK! 
avr. 04, 2018 2:59:44 PM test.TestBase login
INFOS: NOW ON PAGE:https://staging-store-rcibsp.demandware.net/s/RCI_BR/login?original=%2Fs%2FRCI_BR%2Fshipping%3Flang%3Dpt_BR&lang=pt_BR

avr. 04, 2018 2:59:47 PM test.TestBase login
INFOS: CLICK ON BUTTON 'Login'OK! 

avr. 04, 2018 2:59:48 PM test.TestBase checkCurrentURL
INFOS: NOW ON PAGE:https://staging-store-rcibsp.demandware.net/s/RCI_BR/shipping

avr. 04, 2018 2:59:48 PM test.TestBase checkCurrentURL
INFOS: URL OK

avr. 04, 2018 2:59:48 PM test.TestBase login
INFOS: USER javierdomingo@mailinator.com  IS CONNECTED

avr. 04, 2018 2:59:52 PM staging.rcibsp.GUILogger logError
INFOS: SET VIN FIELD TO : JY4AM13W1BC017937: OK! 

avr. 04, 2018 2:59:53 PM staging.rcibsp.GUILogger logError
INFOS: SET Registration number FIELD TO : SBA I234: OK! 

avr. 04, 2018 2:59:56 PM test.TestSouscriptionBRMultiExcel getSouscription
INFOS: CLICK AGREE ON TERMS : OK!

avr. 04, 2018 2:59:56 PM test.TestSouscriptionBRMultiExcel makePayment
INFOS: CLICK ON BUTTON  'CONTINUE TO ORDER' 

avr. 04, 2018 3:07:32 PM test.TestSouscriptionBRMultiExcel testCaseSouscriptionUserExist
INFOS: EXECUTE TestSouscriptionBRMultiExcel
READING DATA FROM FILE: C:\Users\galinabikono\workspace\gitlab\src\excelExportAndFileIO\jeu_de_test_BR.xlsx

avr. 04, 2018 3:07:32 PM test.TestSouscriptionBRMultiExcel testCaseSouscriptionUserExist
INFOS: BEGINNING TEST: 

avr. 04, 2018 3:07:32 PM test.TestSouscriptionBRMultiExcel testCaseSouscriptionUserExist
INFOS: for data set 1:{home phone=6132223990, birthday=mar., 03 12 00:00:00 1985, Expiry Year=2021, firstname=Domingo, Card number=4917610000000000, Car registration date=mer., 03 28 00:00:00 2018, Security number=789, password=riCo&903, Street=la casa de palma, email=javierdomingo@mailinator.com, Actual Mileage=500, Street Number=3, Etat=Brasil, Registration number=SBA I234, confirm password=riCo&903, City=Bresilia, Souscription duration=2 anos, Mileage covered=40 000 km, lastname=Javier, CEP=86041230, Neighborhood=Amazonas, mobile phone=6232223999, CPF=632.374.968-80, Model=KWID 1.0, Country=Lebon, VIN=JY4AM13W1BC017937, status=Solteiro/a, Expiry Month=5}

avr. 04, 2018 3:07:48 PM test.TestSouscriptionBRMultiExcel selectProduct
INFOS: PRODUCT WAS SELECTED : OK! 
avr. 04, 2018 3:07:51 PM test.TestBase login
INFOS: NOW ON PAGE:https://staging-store-rcibsp.demandware.net/s/RCI_BR/login?original=%2Fs%2FRCI_BR%2Fshipping%3Flang%3Dpt_BR&lang=pt_BR

avr. 04, 2018 3:07:54 PM test.TestBase login
INFOS: CLICK ON BUTTON 'Login'OK! 

avr. 04, 2018 3:07:54 PM test.TestBase checkCurrentURL
INFOS: NOW ON PAGE:https://staging-store-rcibsp.demandware.net/s/RCI_BR/shipping

avr. 04, 2018 3:07:54 PM test.TestBase checkCurrentURL
INFOS: URL OK

avr. 04, 2018 3:07:54 PM test.TestBase login
INFOS: USER javierdomingo@mailinator.com  IS CONNECTED

avr. 04, 2018 3:07:57 PM staging.rcibsp.GUILogger logError
INFOS: SET VIN FIELD TO : JY4AM13W1BC017937: OK! 

avr. 04, 2018 3:07:58 PM staging.rcibsp.GUILogger logError
INFOS: SET Registration number FIELD TO : SBA I234: OK! 

avr. 04, 2018 3:08:02 PM test.TestSouscriptionBRMultiExcel getSouscription
INFOS: CLICK AGREE ON TERMS : OK!

avr. 04, 2018 3:08:02 PM test.TestSouscriptionBRMultiExcel makePayment
INFOS: CLICK ON BUTTON  'CONTINUE TO ORDER' 

avr. 04, 2018 3:08:05 PM test.TestSouscriptionBRMultiExcel testCaseSouscriptionUserExist
GRAVE: java.util.IllegalFormatConversionException   d != java.lang.String
avr. 04, 2018 3:08:05 PM test.TestBase removeProduct
INFOS: APTEMPT TO REMOVE PRODUCT 

avr. 04, 2018 3:10:06 PM test.TestBase logout
INFOS: FAIL TO REMOVE PRODUCTUnable to locate element: {"method":"xpath","selector":"//div[@id='mini-cart']"}
Command duration or timeout: 0 milliseconds 

avr. 04, 2018 3:10:06 PM test.TestBase logout
INFOS: ATTEMPT TO LOGOUT THE CURRENT USER 

avr. 04, 2018 3:14:52 PM test.TestSouscriptionBRMultiExcel testCaseSouscriptionUserExist
INFOS: EXECUTE TestSouscriptionBRMultiExcel
READING DATA FROM FILE: C:\Users\galinabikono\workspace\gitlab\src\excelExportAndFileIO\jeu_de_test_BR.xlsx

avr. 04, 2018 3:14:52 PM test.TestSouscriptionBRMultiExcel testCaseSouscriptionUserExist
INFOS: BEGINNING TEST: 

avr. 04, 2018 3:14:52 PM test.TestSouscriptionBRMultiExcel testCaseSouscriptionUserExist
INFOS: for data set 1:{home phone=6132223990, birthday=mar., 03 12 00:00:00 1985, Expiry Year=2021, firstname=Domingo, Card number=4917610000000000, Car registration date=mer., 03 28 00:00:00 2018, Security number=789, password=riCo&903, Street=la casa de palma, email=javierdomingo@mailinator.com, Actual Mileage=500, Street Number=3, Etat=Brasil, Registration number=SBA I234, confirm password=riCo&903, City=Bresilia, Souscription duration=2 anos, Mileage covered=40 000 km, lastname=Javier, CEP=86041230, Neighborhood=Amazonas, mobile phone=6232223999, CPF=632.374.968-80, Model=KWID 1.0, Country=Lebon, VIN=JY4AM13W1BC017937, status=Solteiro/a, Expiry Month=5}

avr. 04, 2018 3:15:07 PM test.TestSouscriptionBRMultiExcel selectProduct
INFOS: PRODUCT WAS SELECTED : OK! 
avr. 04, 2018 3:15:10 PM test.TestBase login
INFOS: NOW ON PAGE:https://staging-store-rcibsp.demandware.net/s/RCI_BR/login?original=%2Fs%2FRCI_BR%2Fshipping%3Flang%3Dpt_BR&lang=pt_BR

avr. 04, 2018 3:15:12 PM test.TestBase login
INFOS: CLICK ON BUTTON 'Login'OK! 

avr. 04, 2018 3:15:13 PM test.TestBase checkCurrentURL
INFOS: NOW ON PAGE:https://staging-store-rcibsp.demandware.net/s/RCI_BR/shipping

avr. 04, 2018 3:15:13 PM test.TestBase checkCurrentURL
INFOS: URL OK

avr. 04, 2018 3:15:13 PM test.TestBase login
INFOS: USER javierdomingo@mailinator.com  IS CONNECTED

avr. 04, 2018 3:15:16 PM staging.rcibsp.GUILogger logError
INFOS: SET VIN FIELD TO : JY4AM13W1BC017937: OK! 

avr. 04, 2018 3:15:16 PM staging.rcibsp.GUILogger logError
INFOS: SET Registration number FIELD TO : SBA I234: OK! 

avr. 04, 2018 3:15:19 PM test.TestSouscriptionBRMultiExcel getSouscription
INFOS: CLICK AGREE ON TERMS : OK!

avr. 04, 2018 3:15:19 PM test.TestSouscriptionBRMultiExcel makePayment
INFOS: CLICK ON BUTTON  'CONTINUE TO ORDER' 

avr. 04, 2018 3:15:22 PM test.TestSouscriptionBRMultiExcel makePayment
INFOS: CLICK ON BUTTON 'Submit' 

avr. 04, 2018 3:18:27 PM test.TestSouscriptionBRMultiExcel testCaseSouscriptionUserExist
GRAVE: org.openqa.selenium.TimeoutException   Expected condition failed: waiting for url to be "https://staging-store-rcibsp.demandware.net/s/RCI_BR/orderconfirmed". Current url: "http://staging-store-rcibsp.demandware.net/s/RCI_BR/produtos/BR-P-MAINTENANCE.html?lang=pt_BR" (tried for 180 second(s) with 5 SECONDS interval)
Build info: version: '3.8.1', revision: '6e95a6684b', time: '2017-12-01T18:33:54.468Z'
System info: host: 'CSCFRAAG971566', ip: '10.3.7.123', os.name: 'Windows 10', os.arch: 'amd64', os.version: '10.0', java.version: '1.8.0_131'
Driver info: driver.version: unknown
avr. 04, 2018 3:18:27 PM test.TestBase removeProduct
INFOS: APTEMPT TO REMOVE PRODUCT 

avr. 04, 2018 3:20:30 PM test.TestBase logout
INFOS: ATTEMPT TO LOGOUT THE CURRENT USER 

avr. 04, 2018 3:20:31 PM test.TestBase logout
INFOS: LOG OUT : OK

avr. 04, 2018 3:29:18 PM test.TestSouscriptionBRMultiExcel testCaseSouscriptionUserExist
INFOS: EXECUTE TestSouscriptionBRMultiExcel
READING DATA FROM FILE: C:\Users\galinabikono\workspace\gitlab\src\excelExportAndFileIO\jeu_de_test_BR.xlsx

avr. 04, 2018 3:29:18 PM test.TestSouscriptionBRMultiExcel testCaseSouscriptionUserExist
INFOS: BEGINNING TEST: 

avr. 04, 2018 3:29:18 PM test.TestSouscriptionBRMultiExcel testCaseSouscriptionUserExist
INFOS: for data set 1:{home phone=6132223990, birthday=mar., 03 12 00:00:00 1985, Expiry Year=2021, firstname=Domingo, Card number=4917610000000000, Car registration date=mer., 03 28 00:00:00 2018, Security number=789, password=riCo&903, Street=la casa de palma, email=javierdomingo@mailinator.com, Actual Mileage=500, Street Number=3, Etat=Brasil, Registration number=SBA I234, confirm password=riCo&903, City=Bresilia, Souscription duration=2 anos, Mileage covered=40 000 km, lastname=Javier, CEP=86041230, Neighborhood=Amazonas, mobile phone=6232223999, CPF=632.374.968-80, Model=KWID 1.0, Country=Lebon, VIN=JY4AM13W1BC017937, status=Solteiro/a, Expiry Month=5}

avr. 04, 2018 3:29:33 PM test.TestSouscriptionBRMultiExcel selectProduct
INFOS: PRODUCT WAS SELECTED : OK! 
avr. 04, 2018 3:29:37 PM test.TestBase login
INFOS: NOW ON PAGE:https://staging-store-rcibsp.demandware.net/s/RCI_BR/login?original=%2Fs%2FRCI_BR%2Fshipping%3Flang%3Dpt_BR&lang=pt_BR

avr. 04, 2018 3:29:41 PM test.TestBase login
INFOS: CLICK ON BUTTON 'Login'OK! 

avr. 04, 2018 3:29:41 PM test.TestBase checkCurrentURL
INFOS: NOW ON PAGE:https://staging-store-rcibsp.demandware.net/s/RCI_BR/shipping

avr. 04, 2018 3:29:41 PM test.TestBase checkCurrentURL
INFOS: URL OK

avr. 04, 2018 3:29:41 PM test.TestBase login
INFOS: USER javierdomingo@mailinator.com  IS CONNECTED

avr. 04, 2018 3:29:44 PM staging.rcibsp.GUILogger logError
INFOS: SET VIN FIELD TO : JY4AM13W1BC017937: OK! 

avr. 04, 2018 3:29:45 PM staging.rcibsp.GUILogger logError
INFOS: SET Registration number FIELD TO : SBA I234: OK! 

avr. 04, 2018 3:29:47 PM test.TestSouscriptionBRMultiExcel getSouscription
INFOS: CLICK AGREE ON TERMS : OK!

avr. 04, 2018 3:29:47 PM test.TestSouscriptionBRMultiExcel makePayment
INFOS: CLICK ON BUTTON  'CONTINUE TO ORDER' 

avr. 04, 2018 3:29:51 PM test.TestSouscriptionBRMultiExcel makePayment
INFOS: CLICK ON BUTTON 'Submit' 

avr. 04, 2018 3:32:39 PM test.TestSouscriptionBRMultiExcel testCaseSouscriptionUserExist
INFOS: EXECUTE TestSouscriptionBRMultiExcel
READING DATA FROM FILE: C:\Users\galinabikono\workspace\gitlab\src\excelExportAndFileIO\jeu_de_test_BR.xlsx

avr. 04, 2018 3:32:39 PM test.TestSouscriptionBRMultiExcel testCaseSouscriptionUserExist
INFOS: BEGINNING TEST: 

avr. 04, 2018 3:32:39 PM test.TestSouscriptionBRMultiExcel testCaseSouscriptionUserExist
INFOS: for data set 1:{home phone=6132223990, birthday=mar., 03 12 00:00:00 1985, Expiry Year=2021, firstname=Domingo, Card number=4917610000000000, Car registration date=mer., 03 28 00:00:00 2018, Security number=789, password=riCo&903, Street=la casa de palma, email=javierdomingo@mailinator.com, Actual Mileage=500, Street Number=3, Etat=Brasil, Registration number=SBA I234, confirm password=riCo&903, City=Bresilia, Souscription duration=2 anos, Mileage covered=40 000 km, lastname=Javier, CEP=86041230, Neighborhood=Amazonas, mobile phone=6232223999, CPF=632.374.968-80, Model=KWID 1.0, Country=Lebon, VIN=JY4AM13W1BC017937, status=Solteiro/a, Expiry Month=5}

avr. 04, 2018 3:33:03 PM test.TestSouscriptionBRMultiExcel selectProduct
INFOS: PRODUCT WAS SELECTED : OK! 
avr. 04, 2018 3:33:06 PM test.TestBase login
INFOS: NOW ON PAGE:https://staging-store-rcibsp.demandware.net/s/RCI_BR/login?original=%2Fs%2FRCI_BR%2Fshipping%3Flang%3Dpt_BR&lang=pt_BR

avr. 04, 2018 3:33:09 PM test.TestBase login
INFOS: CLICK ON BUTTON 'Login'OK! 

avr. 04, 2018 3:33:09 PM test.TestBase checkCurrentURL
INFOS: NOW ON PAGE:https://staging-store-rcibsp.demandware.net/s/RCI_BR/shipping

avr. 04, 2018 3:33:09 PM test.TestBase checkCurrentURL
INFOS: URL OK

avr. 04, 2018 3:33:09 PM test.TestBase login
INFOS: USER javierdomingo@mailinator.com  IS CONNECTED

avr. 04, 2018 3:33:13 PM staging.rcibsp.GUILogger logError
INFOS: SET VIN FIELD TO : JY4AM13W1BC017937: OK! 

avr. 04, 2018 3:33:13 PM staging.rcibsp.GUILogger logError
INFOS: SET Registration number FIELD TO : SBA I234: OK! 

avr. 04, 2018 3:33:16 PM test.TestSouscriptionBRMultiExcel getSouscription
INFOS: CLICK AGREE ON TERMS : OK!

avr. 04, 2018 3:33:16 PM test.TestSouscriptionBRMultiExcel makePayment
INFOS: CLICK ON BUTTON  'CONTINUE TO ORDER' 

avr. 04, 2018 3:33:20 PM test.TestSouscriptionBRMultiExcel makePayment
INFOS: CLICK ON BUTTON 'Submit' 

avr. 04, 2018 3:36:22 PM test.TestSouscriptionBRMultiExcel testCaseSouscriptionUserExist
GRAVE: org.openqa.selenium.TimeoutException   Expected condition failed: waiting for url to be "https://staging-store-rcibsp.demandware.net/s/RCI_BRconfirmationorder". Current url: "https://staging-store-rcibsp.demandware.net/s/RCI_BR/confirmationorder?order_token=1W2lNWm3Iy6NfSSoV7gzuyODxTP_I9f0t0d6_DrX9xA&lang=pt_BR&orderKey=RCIBANK%5EBSPBRAREVISION%5EBRSTAGING00018748&paymentStatus=AUTHORISED&paymentAmount=159000&paymentCurrency=BRL&mac=d64f972d9f8a95b9f9639b8847f6fd5d" (tried for 180 second(s) with 5 SECONDS interval)
Build info: version: '3.8.1', revision: '6e95a6684b', time: '2017-12-01T18:33:54.468Z'
System info: host: 'CSCFRAAG971566', ip: '10.3.7.123', os.name: 'Windows 10', os.arch: 'amd64', os.version: '10.0', java.version: '1.8.0_131'
Driver info: driver.version: unknown
avr. 04, 2018 3:36:22 PM test.TestBase removeProduct
INFOS: APTEMPT TO REMOVE PRODUCT 

avr. 04, 2018 3:38:38 PM test.TestSouscriptionBRMultiExcel testCaseSouscriptionUserExist
INFOS: EXECUTE TestSouscriptionBRMultiExcel
READING DATA FROM FILE: C:\Users\galinabikono\workspace\gitlab\src\excelExportAndFileIO\jeu_de_test_BR.xlsx

avr. 04, 2018 3:38:38 PM test.TestSouscriptionBRMultiExcel testCaseSouscriptionUserExist
INFOS: BEGINNING TEST: 

avr. 04, 2018 3:38:38 PM test.TestSouscriptionBRMultiExcel testCaseSouscriptionUserExist
INFOS: for data set 1:{home phone=6132223990, birthday=mar., 03 12 00:00:00 1985, Expiry Year=2021, firstname=Domingo, Card number=4917610000000000, Car registration date=mer., 03 28 00:00:00 2018, Security number=789, password=riCo&903, Street=la casa de palma, email=javierdomingo@mailinator.com, Actual Mileage=500, Street Number=3, Etat=Brasil, Registration number=SBA I234, confirm password=riCo&903, City=Bresilia, Souscription duration=2 anos, Mileage covered=40 000 km, lastname=Javier, CEP=86041230, Neighborhood=Amazonas, mobile phone=6232223999, CPF=632.374.968-80, Model=KWID 1.0, Country=Lebon, VIN=JY4AM13W1BC017937, status=Solteiro/a, Expiry Month=5}

avr. 04, 2018 3:40:49 PM test.TestSouscriptionBRMultiExcel testCaseSouscriptionUserExist
GRAVE: org.openqa.selenium.WebDriverException   org.apache.http.conn.HttpHostConnectException: Connect to localhost:7263 [localhost/127.0.0.1, localhost/0:0:0:0:0:0:0:1] failed: Connection refused: connect
Build info: version: '3.8.1', revision: '6e95a6684b', time: '2017-12-01T18:33:54.468Z'
System info: host: 'CSCFRAAG971566', ip: '10.3.7.123', os.name: 'Windows 10', os.arch: 'amd64', os.version: '10.0', java.version: '1.8.0_131'
Driver info: driver.version: RemoteWebDriver
avr. 04, 2018 3:40:49 PM test.TestBase removeProduct
INFOS: APTEMPT TO REMOVE PRODUCT 

avr. 04, 2018 3:40:51 PM test.TestBase logout
INFOS: FAIL TO REMOVE PRODUCTorg.apache.http.conn.HttpHostConnectException: Connect to localhost:7263 [localhost/127.0.0.1, localhost/0:0:0:0:0:0:0:1] failed: Connection refused: connect
Build info: version: '3.8.1', revision: '6e95a6684b', time: '2017-12-01T18:33:54.468Z'
System info: host: 'CSCFRAAG971566', ip: '10.3.7.123', os.name: 'Windows 10', os.arch: 'amd64', os.version: '10.0', java.version: '1.8.0_131'
Driver info: driver.version: RemoteWebDriver 

avr. 04, 2018 3:40:51 PM test.TestBase logout
INFOS: ATTEMPT TO LOGOUT THE CURRENT USER 

avr. 04, 2018 3:41:29 PM test.TestSouscriptionBRMultiExcel testCaseSouscriptionUserExist
INFOS: EXECUTE TestSouscriptionBRMultiExcel
READING DATA FROM FILE: C:\Users\galinabikono\workspace\gitlab\src\excelExportAndFileIO\jeu_de_test_BR.xlsx

avr. 04, 2018 3:41:29 PM test.TestSouscriptionBRMultiExcel testCaseSouscriptionUserExist
INFOS: BEGINNING TEST: 

avr. 04, 2018 3:41:29 PM test.TestSouscriptionBRMultiExcel testCaseSouscriptionUserExist
INFOS: for data set 1:{home phone=6132223990, birthday=mar., 03 12 00:00:00 1985, Expiry Year=2021, firstname=Domingo, Card number=4917610000000000, Car registration date=mer., 03 28 00:00:00 2018, Security number=789, password=riCo&903, Street=la casa de palma, email=javierdomingo@mailinator.com, Actual Mileage=500, Street Number=3, Etat=Brasil, Registration number=SBA I234, confirm password=riCo&903, City=Bresilia, Souscription duration=2 anos, Mileage covered=40 000 km, lastname=Javier, CEP=86041230, Neighborhood=Amazonas, mobile phone=6232223999, CPF=632.374.968-80, Model=KWID 1.0, Country=Lebon, VIN=JY4AM13W1BC017937, status=Solteiro/a, Expiry Month=5}

avr. 04, 2018 3:41:41 PM test.TestSouscriptionBRMultiExcel selectProduct
INFOS: PRODUCT WAS SELECTED : OK! 
avr. 04, 2018 3:41:43 PM test.TestBase login
INFOS: NOW ON PAGE:https://staging-store-rcibsp.demandware.net/s/RCI_BR/login?original=%2Fs%2FRCI_BR%2Fshipping%3Flang%3Dpt_BR&lang=pt_BR

avr. 04, 2018 3:41:46 PM test.TestBase login
INFOS: CLICK ON BUTTON 'Login'OK! 

avr. 04, 2018 3:41:46 PM test.TestBase checkCurrentURL
INFOS: NOW ON PAGE:https://staging-store-rcibsp.demandware.net/s/RCI_BR/shipping

avr. 04, 2018 3:41:46 PM test.TestBase checkCurrentURL
INFOS: URL OK

avr. 04, 2018 3:41:46 PM test.TestBase login
INFOS: USER javierdomingo@mailinator.com  IS CONNECTED

avr. 04, 2018 3:41:49 PM staging.rcibsp.GUILogger logError
INFOS: SET VIN FIELD TO : JY4AM13W1BC017937: OK! 

avr. 04, 2018 3:41:49 PM staging.rcibsp.GUILogger logError
INFOS: SET Registration number FIELD TO : SBA I234: OK! 

avr. 04, 2018 3:41:52 PM test.TestSouscriptionBRMultiExcel getSouscription
INFOS: CLICK AGREE ON TERMS : OK!

avr. 04, 2018 3:41:52 PM test.TestSouscriptionBRMultiExcel makePayment
INFOS: CLICK ON BUTTON  'CONTINUE TO ORDER' 

avr. 04, 2018 3:41:55 PM test.TestSouscriptionBRMultiExcel makePayment
INFOS: CLICK ON BUTTON 'Submit' 

avr. 04, 2018 3:44:57 PM test.TestSouscriptionBRMultiExcel testCaseSouscriptionUserExist
GRAVE: org.openqa.selenium.TimeoutException   Expected condition failed: waiting for url to be "https://staging-store-rcibsp.demandware.net/s/RCI_BR/confirmationorder". Current url: "https://staging-store-rcibsp.demandware.net/s/RCI_BR/confirmationorder?order_token=nbj5Yk5Nfe-dUh0ll51JBONGzrAt_DtwY8GugdOn2oc&lang=pt_BR&orderKey=RCIBANK%5EBSPBRAREVISION%5EBRSTAGING00018749&paymentStatus=AUTHORISED&paymentAmount=159000&paymentCurrency=BRL&mac=7e4971fe509031df01b91543dddbd77f" (tried for 180 second(s) with 5 SECONDS interval)
Build info: version: '3.8.1', revision: '6e95a6684b', time: '2017-12-01T18:33:54.468Z'
System info: host: 'CSCFRAAG971566', ip: '10.3.7.123', os.name: 'Windows 10', os.arch: 'amd64', os.version: '10.0', java.version: '1.8.0_131'
Driver info: driver.version: unknown
avr. 04, 2018 3:44:57 PM test.TestBase removeProduct
INFOS: APTEMPT TO REMOVE PRODUCT 

avr. 04, 2018 3:47:00 PM test.TestBase logout
INFOS: ATTEMPT TO LOGOUT THE CURRENT USER 

avr. 04, 2018 3:47:03 PM test.TestBase logout
INFOS: LOG OUT : OK

avr. 04, 2018 3:49:22 PM test.TestSouscriptionBRMultiExcel testCaseSouscriptionUserExist
INFOS: EXECUTE TestSouscriptionBRMultiExcel
READING DATA FROM FILE: C:\Users\galinabikono\workspace\gitlab\src\excelExportAndFileIO\jeu_de_test_BR.xlsx

avr. 04, 2018 3:49:22 PM test.TestSouscriptionBRMultiExcel testCaseSouscriptionUserExist
INFOS: BEGINNING TEST: 

avr. 04, 2018 3:49:22 PM test.TestSouscriptionBRMultiExcel testCaseSouscriptionUserExist
INFOS: for data set 1:{home phone=6132223990, birthday=mar., 03 12 00:00:00 1985, Expiry Year=2021, firstname=Domingo, Card number=4917610000000000, Car registration date=mer., 03 28 00:00:00 2018, Security number=789, password=riCo&903, Street=la casa de palma, email=javierdomingo@mailinator.com, Actual Mileage=500, Street Number=3, Etat=Brasil, Registration number=SBA I234, confirm password=riCo&903, City=Bresilia, Souscription duration=2 anos, Mileage covered=40 000 km, lastname=Javier, CEP=86041230, Neighborhood=Amazonas, mobile phone=6232223999, CPF=632.374.968-80, Model=KWID 1.0, Country=Lebon, VIN=JY4AM13W1BC017937, status=Solteiro/a, Expiry Month=5}

avr. 04, 2018 3:49:36 PM test.TestSouscriptionBRMultiExcel selectProduct
INFOS: PRODUCT WAS SELECTED : OK! 
avr. 04, 2018 3:49:38 PM test.TestBase login
INFOS: NOW ON PAGE:https://staging-store-rcibsp.demandware.net/s/RCI_BR/login?original=%2Fs%2FRCI_BR%2Fshipping%3Flang%3Dpt_BR&lang=pt_BR

avr. 04, 2018 3:49:40 PM test.TestBase login
INFOS: CLICK ON BUTTON 'Login'OK! 

avr. 04, 2018 3:49:41 PM test.TestBase checkCurrentURL
INFOS: NOW ON PAGE:https://staging-store-rcibsp.demandware.net/s/RCI_BR/shipping

avr. 04, 2018 3:49:41 PM test.TestBase checkCurrentURL
INFOS: URL OK

avr. 04, 2018 3:49:41 PM test.TestBase login
INFOS: USER javierdomingo@mailinator.com  IS CONNECTED

avr. 04, 2018 3:49:45 PM staging.rcibsp.GUILogger logError
INFOS: SET VIN FIELD TO : JY4AM13W1BC017937: OK! 

avr. 04, 2018 3:49:45 PM staging.rcibsp.GUILogger logError
INFOS: SET Registration number FIELD TO : SBA I234: OK! 

avr. 04, 2018 3:49:48 PM test.TestSouscriptionBRMultiExcel getSouscription
INFOS: CLICK AGREE ON TERMS : OK!

avr. 04, 2018 3:49:48 PM test.TestSouscriptionBRMultiExcel makePayment
INFOS: CLICK ON BUTTON  'CONTINUE TO ORDER' 

avr. 04, 2018 3:49:52 PM test.TestSouscriptionBRMultiExcel makePayment
INFOS: CLICK ON BUTTON 'Submit' 

avr. 04, 2018 3:49:58 PM test.TestBase checkCurrentURL
INFOS: NOW ON PAGE:https://staging-store-rcibsp.demandware.net/s/RCI_BR/confirmationorder

avr. 04, 2018 3:49:58 PM test.TestBase checkCurrentURL
INFOS: URL OK

avr. 04, 2018 3:49:58 PM test.TestSouscriptionBRMultiExcel runSelenium
INFOS: PAYMENT COMPLETED WITH SUCCESS!

avr. 04, 2018 3:49:58 PM test.TestBase removeProduct
INFOS: APTEMPT TO REMOVE PRODUCT 

avr. 04, 2018 3:51:59 PM test.TestBase logout
INFOS: ATTEMPT TO LOGOUT THE CURRENT USER 

avr. 04, 2018 3:52:01 PM test.TestBase logout
INFOS: LOG OUT : OK

avr. 04, 2018 3:52:01 PM test.TestSouscriptionBRMultiExcel testCaseSouscriptionUserExist
INFOS: END OF TEST FOR DATA SET: 1 SUCCESS!

