janv. 22, 2018 10:23:01 AM test.TestSouscriptionBRMultiExcel testCaseSouscriptionUserExist
INFOS: Execute Souscription for :
{home phone=6132223990, birthday=mar., 03 12 00:00:00 1985, Expiry Year=2021, firstname=Domingo, Card number=4917610000000000, Car registration date=lun., 01 01 00:00:00 2018, Security number=789, password=riCo&903, Street=la casa de palma, email=javierdomingo@mailinator.com, Actual Mileage=5000, Street Number=3, Etat=Brasil, Registration number=SBA I234, confirm password=riCo&903, City=Bresilia, Souscription duration=2 anos, Mileage covered=40 000 km, lastname=Javier, CEP=86041230, Neighborhood=Amazonas, mobile phone=6232223999, CPF=632.374.968-80, Model=Kwid, Country=Lebon, VIN=JY4AM13W1BC017937, status=Solteiro/a, Expiry Month=5}

janv. 22, 2018 10:26:47 AM test.TestSouscriptionBRMultiExcel testCaseSouscriptionUserExist
GRAVE: org.openqa.selenium.WebDriverException   org.apache.http.conn.HttpHostConnectException: Connect to localhost:6053 [localhost/127.0.0.1, localhost/0:0:0:0:0:0:0:1] failed: Connection refused: connect
Build info: version: '3.8.1', revision: '6e95a6684b', time: '2017-12-01T18:33:54.468Z'
System info: host: 'CSCFRAAG971566', ip: '10.3.7.66', os.name: 'Windows 10', os.arch: 'amd64', os.version: '10.0', java.version: '1.8.0_131'
Driver info: driver.version: RemoteWebDriver
janv. 22, 2018 10:27:23 AM test.TestSouscriptionBRMultiExcel testCaseSouscriptionUserExist
INFOS: Execute Souscription for :
{home phone=6132223990, birthday=mar., 03 12 00:00:00 1985, Expiry Year=2021, firstname=Domingo, Card number=4917610000000000, Car registration date=lun., 01 01 00:00:00 2018, Security number=789, password=riCo&903, Street=la casa de palma, email=javierdomingo@mailinator.com, Actual Mileage=5000, Street Number=3, Etat=Brasil, Registration number=SBA I234, confirm password=riCo&903, City=Bresilia, Souscription duration=2 anos, Mileage covered=40 000 km, lastname=Javier, CEP=86041230, Neighborhood=Amazonas, mobile phone=6232223999, CPF=632.374.968-80, Model=Kwid, Country=Lebon, VIN=JY4AM13W1BC017937, status=Solteiro/a, Expiry Month=5}

janv. 22, 2018 10:31:47 AM test.TestSouscriptionBRMultiExcel testCaseSouscriptionUserExist
GRAVE: org.openqa.selenium.StaleElementReferenceException   Element not found in the cache - perhaps the page has changed since it was looked up
Command duration or timeout: 0 milliseconds
janv. 22, 2018 10:36:41 AM test.TestSouscriptionBRMultiExcel testCaseSouscriptionUserExist
INFOS: Execute Souscription for :
{home phone=6132223990, birthday=mar., 03 12 00:00:00 1985, Expiry Year=2021, firstname=Domingo, Card number=4917610000000000, Car registration date=lun., 01 01 00:00:00 2018, Security number=789, password=riCo&903, Street=la casa de palma, email=javierdomingo@mailinator.com, Actual Mileage=5000, Street Number=3, Etat=Brasil, Registration number=SBA I234, confirm password=riCo&903, City=Bresilia, Souscription duration=2 anos, Mileage covered=40 000 km, lastname=Javier, CEP=86041230, Neighborhood=Amazonas, mobile phone=6232223999, CPF=632.374.968-80, Model=Kwid, Country=Lebon, VIN=JY4AM13W1BC017937, status=Solteiro/a, Expiry Month=5}

janv. 22, 2018 10:41:52 AM test.TestSouscriptionBRMultiExcel testCaseSouscriptionUserExist
GRAVE: org.openqa.selenium.NoSuchElementException   Unable to locate element: {"method":"css selector","selector":"button.add-all-to-cart.product-0"}
Command duration or timeout: 0 milliseconds
janv. 22, 2018 10:45:01 AM test.TestSouscriptionBRMultiExcel testCaseSouscriptionUserExist
INFOS: Execute Souscription for :
{home phone=6132223990, birthday=mar., 03 12 00:00:00 1985, Expiry Year=2021, firstname=Domingo, Card number=4917610000000000, Car registration date=lun., 01 01 00:00:00 2018, Security number=789, password=riCo&903, Street=la casa de palma, email=javierdomingo@mailinator.com, Actual Mileage=5000, Street Number=3, Etat=Brasil, Registration number=SBA I234, confirm password=riCo&903, City=Bresilia, Souscription duration=2 anos, Mileage covered=40 000 km, lastname=Javier, CEP=86041230, Neighborhood=Amazonas, mobile phone=6232223999, CPF=632.374.968-80, Model=Kwid, Country=Lebon, VIN=JY4AM13W1BC017937, status=Solteiro/a, Expiry Month=5}

janv. 22, 2018 10:50:10 AM test.TestSouscriptionBRMultiExcel testCaseSouscriptionUserExist
GRAVE: org.openqa.selenium.NoSuchElementException   Unable to locate element: {"method":"css selector","selector":"#ui-id-2 > div.actions > a.action.dialog-cart-show"}
Command duration or timeout: 0 milliseconds
janv. 22, 2018 10:59:52 AM test.TestSouscriptionBRMultiExcel testCaseSouscriptionUserExist
INFOS: Execute Souscription for :
{home phone=6132223990, birthday=mar., 03 12 00:00:00 1985, Expiry Year=2021, firstname=Domingo, Card number=4917610000000000, Car registration date=lun., 01 01 00:00:00 2018, Security number=789, password=riCo&903, Street=la casa de palma, email=javierdomingo@mailinator.com, Actual Mileage=5000, Street Number=3, Etat=Brasil, Registration number=SBA I234, confirm password=riCo&903, City=Bresilia, Souscription duration=2 anos, Mileage covered=40 000 km, lastname=Javier, CEP=86041230, Neighborhood=Amazonas, mobile phone=6232223999, CPF=632.374.968-80, Model=Kwid, Country=Lebon, VIN=JY4AM13W1BC017937, status=Solteiro/a, Expiry Month=5}

janv. 22, 2018 11:05:05 AM test.TestSouscriptionBRMultiExcel testCaseSouscriptionUserExist
GRAVE: org.openqa.selenium.NoSuchElementException   Unable to locate element: {"method":"xpath","selector":"//form[@id='dwfrm_login']/fieldset/div/div/input"}
Command duration or timeout: 0 milliseconds
janv. 22, 2018 11:07:42 AM test.TestSouscriptionBRMultiExcel testCaseSouscriptionUserExist
INFOS: Execute Souscription for :
{home phone=6132223990, birthday=mar., 03 12 00:00:00 1985, Expiry Year=2021, firstname=Domingo, Card number=4917610000000000, Car registration date=lun., 01 01 00:00:00 2018, Security number=789, password=riCo&903, Street=la casa de palma, email=javierdomingo@mailinator.com, Actual Mileage=5000, Street Number=3, Etat=Brasil, Registration number=SBA I234, confirm password=riCo&903, City=Bresilia, Souscription duration=2 anos, Mileage covered=40 000 km, lastname=Javier, CEP=86041230, Neighborhood=Amazonas, mobile phone=6232223999, CPF=632.374.968-80, Model=Kwid, Country=Lebon, VIN=JY4AM13W1BC017937, status=Solteiro/a, Expiry Month=5}

janv. 22, 2018 11:12:54 AM test.TestSouscriptionBRMultiExcel testCaseSouscriptionUserExist
GRAVE: org.openqa.selenium.NoSuchElementException   Unable to locate element: {"method":"xpath","selector":"button.product-0"}
Command duration or timeout: 0 milliseconds
janv. 22, 2018 11:15:16 AM test.TestSouscriptionBRMultiExcel testCaseSouscriptionUserExist
INFOS: Execute Souscription for :
{home phone=6132223990, birthday=mar., 03 12 00:00:00 1985, Expiry Year=2021, firstname=Domingo, Card number=4917610000000000, Car registration date=lun., 01 01 00:00:00 2018, Security number=789, password=riCo&903, Street=la casa de palma, email=javierdomingo@mailinator.com, Actual Mileage=5000, Street Number=3, Etat=Brasil, Registration number=SBA I234, confirm password=riCo&903, City=Bresilia, Souscription duration=2 anos, Mileage covered=40 000 km, lastname=Javier, CEP=86041230, Neighborhood=Amazonas, mobile phone=6232223999, CPF=632.374.968-80, Model=Kwid, Country=Lebon, VIN=JY4AM13W1BC017937, status=Solteiro/a, Expiry Month=5}

janv. 22, 2018 11:16:12 AM test.TestSouscriptionBRMultiExcel testCaseSouscriptionUserExist
GRAVE: org.openqa.selenium.WebDriverException   org.apache.http.conn.HttpHostConnectException: Connect to localhost:41755 [localhost/127.0.0.1, localhost/0:0:0:0:0:0:0:1] failed: Connection refused: connect
Build info: version: '3.8.1', revision: '6e95a6684b', time: '2017-12-01T18:33:54.468Z'
System info: host: 'CSCFRAAG971566', ip: '10.3.7.66', os.name: 'Windows 10', os.arch: 'amd64', os.version: '10.0', java.version: '1.8.0_131'
Driver info: driver.version: RemoteWebDriver
janv. 22, 2018 11:16:29 AM test.TestSouscriptionBRMultiExcel testCaseSouscriptionUserExist
INFOS: Execute Souscription for :
{home phone=6132223990, birthday=mar., 03 12 00:00:00 1985, Expiry Year=2021, firstname=Domingo, Card number=4917610000000000, Car registration date=lun., 01 01 00:00:00 2018, Security number=789, password=riCo&903, Street=la casa de palma, email=javierdomingo@mailinator.com, Actual Mileage=5000, Street Number=3, Etat=Brasil, Registration number=SBA I234, confirm password=riCo&903, City=Bresilia, Souscription duration=2 anos, Mileage covered=40 000 km, lastname=Javier, CEP=86041230, Neighborhood=Amazonas, mobile phone=6232223999, CPF=632.374.968-80, Model=Kwid, Country=Lebon, VIN=JY4AM13W1BC017937, status=Solteiro/a, Expiry Month=5}

janv. 22, 2018 11:16:39 AM test.TestSouscriptionBRMultiExcel testCaseSouscriptionUserExist
GRAVE: org.openqa.selenium.UnhandledAlertException   Unexpected modal dialog (text: A conexão com o servidor falhou!): A conexão com o servidor falhou!
Build info: version: '3.8.1', revision: '6e95a6684b', time: '2017-12-01T18:33:54.468Z'
System info: host: 'CSCFRAAG971566', ip: '10.3.7.66', os.name: 'Windows 10', os.arch: 'amd64', os.version: '10.0', java.version: '1.8.0_131'
Driver info: org.openqa.selenium.firefox.FirefoxDriver
Capabilities {acceptSslCerts: true, applicationCacheEnabled: true, browserName: firefox, cssSelectorsEnabled: true, databaseEnabled: true, handlesAlerts: true, javascriptEnabled: true, locationContextEnabled: true, nativeEvents: false, platform: WINDOWS, platformName: WINDOWS, rotatable: false, takesScreenshot: true, version: 52.3.0, webStorageEnabled: true}
Session ID: 08f2bbd1-ec25-46c4-b12e-9ef06d441325
*** Element info: {Using=name, value=dwfrm_cart_checkoutCart}
janv. 22, 2018 11:19:28 AM test.TestSouscriptionBRMultiExcel testCaseSouscriptionUserExist
INFOS: Execute Souscription for :
{home phone=6132223990, birthday=mar., 03 12 00:00:00 1985, Expiry Year=2021, firstname=Domingo, Card number=4917610000000000, Car registration date=lun., 01 01 00:00:00 2018, Security number=789, password=riCo&903, Street=la casa de palma, email=javierdomingo@mailinator.com, Actual Mileage=5000, Street Number=3, Etat=Brasil, Registration number=SBA I234, confirm password=riCo&903, City=Bresilia, Souscription duration=2 anos, Mileage covered=40 000 km, lastname=Javier, CEP=86041230, Neighborhood=Amazonas, mobile phone=6232223999, CPF=632.374.968-80, Model=Kwid, Country=Lebon, VIN=JY4AM13W1BC017937, status=Solteiro/a, Expiry Month=5}

janv. 22, 2018 11:22:44 AM test.TestSouscriptionBRMultiExcel testCaseSouscriptionUserExist
GRAVE: java.lang.NullPointerException   null
janv. 22, 2018 11:37:49 AM test.TestSouscriptionBRMultiExcel testCaseSouscriptionUserExist
INFOS: Execute Souscription for :
{home phone=6132223990, birthday=mar., 03 12 00:00:00 1985, Expiry Year=2021, firstname=Domingo, Card number=4917610000000000, Car registration date=lun., 01 01 00:00:00 2018, Security number=789, password=riCo&903, Street=la casa de palma, email=javierdomingo@mailinator.com, Actual Mileage=5000, Street Number=3, Etat=Brasil, Registration number=SBA I234, confirm password=riCo&903, City=Bresilia, Souscription duration=2 anos, Mileage covered=40 000 km, lastname=Javier, CEP=86041230, Neighborhood=Amazonas, mobile phone=6232223999, CPF=632.374.968-80, Model=Kwid, Country=Lebon, VIN=JY4AM13W1BC017937, status=Solteiro/a, Expiry Month=5}

janv. 22, 2018 11:42:49 AM test.TestSouscriptionBRMultiExcel testCaseSouscriptionUserExist
GRAVE: org.openqa.selenium.WebDriverException   org.apache.http.conn.HttpHostConnectException: Connect to localhost:11267 [localhost/127.0.0.1, localhost/0:0:0:0:0:0:0:1] failed: Connection refused: connect
Build info: version: '3.8.1', revision: '6e95a6684b', time: '2017-12-01T18:33:54.468Z'
System info: host: 'CSCFRAAG971566', ip: '10.3.7.66', os.name: 'Windows 10', os.arch: 'amd64', os.version: '10.0', java.version: '1.8.0_131'
Driver info: driver.version: RemoteWebDriver
janv. 22, 2018 11:42:53 AM test.TestSouscriptionBRMultiExcel testCaseSouscriptionUserExist
INFOS: Execute Souscription for :
{home phone=6132223990, birthday=mar., 03 12 00:00:00 1985, Expiry Year=2021, firstname=Domingo, Card number=4917610000000000, Car registration date=lun., 01 01 00:00:00 2018, Security number=789, password=riCo&903, Street=la casa de palma, email=javierdomingo@mailinator.com, Actual Mileage=5000, Street Number=3, Etat=Brasil, Registration number=SBA I234, confirm password=riCo&903, City=Bresilia, Souscription duration=2 anos, Mileage covered=40 000 km, lastname=Javier, CEP=86041230, Neighborhood=Amazonas, mobile phone=6232223999, CPF=632.374.968-80, Model=Kwid, Country=Lebon, VIN=JY4AM13W1BC017937, status=Solteiro/a, Expiry Month=5}

janv. 22, 2018 11:48:59 AM test.TestSouscriptionBRMultiExcel testCaseSouscriptionUserExist
GRAVE: org.openqa.selenium.WebDriverException   org.apache.http.conn.HttpHostConnectException: Connect to localhost:8883 [localhost/127.0.0.1, localhost/0:0:0:0:0:0:0:1] failed: Connection refused: connect
Build info: version: '3.8.1', revision: '6e95a6684b', time: '2017-12-01T18:33:54.468Z'
System info: host: 'CSCFRAAG971566', ip: '10.3.7.66', os.name: 'Windows 10', os.arch: 'amd64', os.version: '10.0', java.version: '1.8.0_131'
Driver info: driver.version: RemoteWebDriver
janv. 22, 2018 11:49:17 AM test.TestSouscriptionBRMultiExcel testCaseSouscriptionUserExist
INFOS: Execute Souscription for :
{home phone=6132223990, birthday=mar., 03 12 00:00:00 1985, Expiry Year=2021, firstname=Domingo, Card number=4917610000000000, Car registration date=lun., 01 01 00:00:00 2018, Security number=789, password=riCo&903, Street=la casa de palma, email=javierdomingo@mailinator.com, Actual Mileage=5000, Street Number=3, Etat=Brasil, Registration number=SBA I234, confirm password=riCo&903, City=Bresilia, Souscription duration=2 anos, Mileage covered=40 000 km, lastname=Javier, CEP=86041230, Neighborhood=Amazonas, mobile phone=6232223999, CPF=632.374.968-80, Model=Kwid, Country=Lebon, VIN=JY4AM13W1BC017937, status=Solteiro/a, Expiry Month=5}

janv. 22, 2018 11:59:49 AM test.TestSouscriptionBRMultiExcel testCaseSouscriptionUserExist
AVERTISSEMENT: Modo de Teste - Esta não é uma transação real.
        Modo de Teste - Esta não é uma transação real.
    
janv. 22, 2018 12:01:39 PM test.TestSouscriptionDEMultiExcel testCaseSouscriptionUserExist
INFOS: Execute Souscription for :
{birthday=mar., 11 09 00:00:00 1993, firstname=Alan, HSN=4854, Postal Code=43434, Card number=4917610000000000, confirm password=Number78*, Vehicle Insurance Date begin=ven., 02 09 00:00:00 2018, sexe=Herr, City=Hermitswagen, TSN=675, Security number=434, lastname=Piton, Brand=NISSAN, Licence plate=EREJH3964, password=Number78*, Vehicle Insurance Date=lun., 12 25 00:00:00 2017, Expiry date=ven., 11 01 00:00:00 2019, Street=3 Alfred Dreyfus, Country=Deutschland, VIN=43433434343434304, email=alanpiton@mailinator.com}

janv. 22, 2018 12:09:41 PM test.TestSouscriptionDEMultiExcel testCaseSouscriptionUserExist
GRAVE: org.openqa.selenium.WebDriverException   org.apache.http.conn.HttpHostConnectException: Connect to localhost:48712 [localhost/127.0.0.1, localhost/0:0:0:0:0:0:0:1] failed: Connection refused: connect
Build info: version: '3.8.1', revision: '6e95a6684b', time: '2017-12-01T18:33:54.468Z'
System info: host: 'CSCFRAAG971566', ip: '10.3.7.66', os.name: 'Windows 10', os.arch: 'amd64', os.version: '10.0', java.version: '1.8.0_131'
Driver info: driver.version: RemoteWebDriver
