janv. 17, 2018 11:35:10 AM test.TestSouscriptionUKMultiExcelFantome generateLog
GRAVE: Cannot get a NUMERIC value from a STRING cell
janv. 17, 2018 11:49:07 AM test.TestSouscriptionUKMultiExcelFantome generateLog
GRAVE: {"errorMessage":"Unable to find element with id 'dwfrm_billing_subscriptionInformation_plate'","request":{"headers":{"Accept-Encoding":"gzip,deflate","Connection":"Keep-Alive","Content-Length":"68","Content-Type":"application/json; charset=utf-8","Host":"localhost:16507","User-Agent":"Apache-HttpClient/4.5.3 (Java/1.8.0_131)"},"httpVersion":"1.1","method":"POST","post":"{\"using\":\"id\",\"value\":\"dwfrm_billing_subscriptionInformation_plate\"}","url":"/element","urlParsed":{"anchor":"","query":"","file":"element","directory":"/","path":"/element","relative":"/element","port":"","host":"","password":"","user":"","userInfo":"","authority":"","protocol":"","source":"/element","queryKey":{},"chunks":["element"]},"urlOriginal":"/session/184b2c40-fb73-11e7-84f8-9fd2d7aa8b7e/element"}}
Command duration or timeout: 0 milliseconds
janv. 17, 2018 11:51:36 AM test.TestSouscriptionDEMultiExcel testCaseSouscriptionUserExist
INFOS: Execute Souscription for :
{birthday=mar., 11 09 00:00:00 1993, firstname=Alan, HSN=4854, Postal Code=43434, Card number=4917610000000000, confirm password=Number78*, Vehicle Insurance Date begin=ven., 02 09 00:00:00 2018, sexe=Herr, City=Hermitswagen, TSN=675, Security number=434, lastname=Piton, Brand=NISSAN, Licence plate=EREJH3964, password=Number78*, Vehicle Insurance Date=lun., 12 25 00:00:00 2017, Expiry date=ven., 11 01 00:00:00 2019, Street=3 Alfred Dreyfus, Country=Deutschland, VIN=43433434343434304, email=alanpiton@mailinator.com}

janv. 17, 2018 11:51:42 AM test.TestSouscriptionDEMultiExcel testCaseSouscriptionUserExist
GRAVE: org.openqa.selenium.WebDriverException   Element <button class="add-all-to-cart product-0" type="submit" value="Alle zum Warenkorb hinzufügen"></button> is not clickable at point (976.36669921875, 118.80000305175781). Other element would receive the click: <div class="loader-bg"></div>
Command duration or timeout: 0 milliseconds
Build info: version: '3.8.1', revision: '6e95a6684b', time: '2017-12-01T18:33:54.468Z'
System info: host: 'CSCFRAAG971566', ip: '10.3.4.178', os.name: 'Windows 10', os.arch: 'amd64', os.version: '10.0', java.version: '1.8.0_131'
Driver info: org.openqa.selenium.firefox.FirefoxDriver
Capabilities {acceptSslCerts: true, applicationCacheEnabled: true, browserName: firefox, cssSelectorsEnabled: true, databaseEnabled: true, handlesAlerts: true, javascriptEnabled: true, locationContextEnabled: true, nativeEvents: false, platform: WINDOWS, platformName: WINDOWS, rotatable: false, takesScreenshot: true, version: 52.3.0, webStorageEnabled: true}
Session ID: 43bb0657-5adf-46b5-9706-eb00432249bf
janv. 17, 2018 11:59:20 AM test.TestSouscriptionDEMultiExcel testCaseSouscriptionUserExist
INFOS: Execute Souscription for :
{birthday=mar., 11 09 00:00:00 1993, firstname=Alan, HSN=4854, Postal Code=43434, Card number=4917610000000000, confirm password=Number78*, Vehicle Insurance Date begin=ven., 02 09 00:00:00 2018, sexe=Herr, City=Hermitswagen, TSN=675, Security number=434, lastname=Piton, Brand=NISSAN, Licence plate=EREJH3964, password=Number78*, Vehicle Insurance Date=lun., 12 25 00:00:00 2017, Expiry date=ven., 11 01 00:00:00 2019, Street=3 Alfred Dreyfus, Country=Deutschland, VIN=43433434343434304, email=alanpiton@mailinator.com}

janv. 17, 2018 12:04:38 PM test.TestSouscriptionDEMultiExcel testCaseSouscriptionUserExist
AVERTISSEMENT: 




